Log file open, 09/22/14 17:06:02
LogInit:Display: Running engine for game: FirstGame
LogInit: Version: 4.4.3-2296771+++depot+UE4-Releases+4.4
LogInit: API Version: 2255576
LogInit: Compiled (64-bit): Sep 13 2014 22:30:58
LogInit: Build Configuration: Development
LogInit: Branch Name: ++depot+UE4-Releases+4.4
LogInit: Command line:  
LogInit: Base directory: M:/UDK/Unreal Engine/4.4/Engine/Binaries/Win64/
LogInit: Rocket: 1
[2014.09.22-15.06.02:419][  0]LogTaskGraph: Started task graph with 3 named threads and 4 total threads.
[2014.09.22-15.06.02:469][  0]LogOnline:Warning: No default platform service specified for OnlineSubsystem
[2014.09.22-15.06.02:720][  0]LogInit: Presizing for 0 objects not considered by GC, pre-allocating 0 bytes.
[2014.09.22-15.06.03:103][  0]LogInit: Object subsystem initialized
[2014.09.22-15.06.03:285][  0]LogInit: Selected Device Profile: [Windows]
[2014.09.22-15.06.03:285][  0]LogInit: Applying CVar settings loaded from the selected device profile: [Windows]
[2014.09.22-15.06.03:500][  0]LogInit: Computer: ADMIN-PC
[2014.09.22-15.06.03:500][  0]LogInit: User: admin
[2014.09.22-15.06.03:502][  0]LogInit: CPU Page size=4096, Cores=4
[2014.09.22-15.06.03:502][  0]LogInit: High frequency timer resolution =3.326113 MHz
[2014.09.22-15.06.03:502][  0]LogMemory: Memory total: Physical=15.9GB (16GB approx) Virtual=8192.0GB
[2014.09.22-15.06.03:503][  0]LogMemory: Platform Memory Stats for Windows
[2014.09.22-15.06.03:503][  0]LogMemory: Process Physical Memory: 62.64 MB used, 62.64 MB peak
[2014.09.22-15.06.03:503][  0]LogMemory: Process Virtual Memory: 38.27 MB used, 38.27 MB peak
[2014.09.22-15.06.03:503][  0]LogMemory: Physical Memory: 4491.20 MB used, 16320.65 MB total
[2014.09.22-15.06.03:503][  0]LogMemory: Virtual Memory: 261.14 MB used, 8388608.00 MB total
[2014.09.22-15.06.03:670][  0]LogD3D11RHI: Found D3D11 adapter 0: NVIDIA GeForce GTX 770 (Feature Level 11_0)
[2014.09.22-15.06.03:670][  0]LogD3D11RHI: Adapter has 1990MB of dedicated video memory, 0MB of dedicated system memory, and 2048MB of shared system memory, 1 output[s]
[2014.09.22-15.06.03:670][  0]LogD3D11RHI: Chosen D3D11 Adapter Id = 0
[2014.09.22-15.06.03:714][  0]LogRHI: Texture pool is 1361 MB (70% of 1945 MB)
[2014.09.22-15.06.03:738][  0]LogD3D11RHI: Async texture creation enabled
[2014.09.22-15.06.04:866][  0]LogTextLocalizationManager:Warning: The selected culture 'de_DE' is not available; falling back to 'en'
[2014.09.22-15.06.05:180][  0]LogContentStreaming: Texture pool size is 0.000000MB
[2014.09.22-15.06.11:643][  0]LogTargetPlatformManager:Display: Building Assets For Windows
[2014.09.22-15.06.13:127][  0]LogTargetPlatformManager:Display: Building Assets For Windows
[2014.09.22-15.06.13:317][  0]LogDerivedDataCache:Display: Max Cache Size: 512 MB
[2014.09.22-15.06.13:551][  0]LogDerivedDataCache: Loaded boot cache 0.23s 67MB C:/Users/admin/AppData/Local/UnrealEngine/4.4/DerivedDataCache/Boot.ddc.
[2014.09.22-15.06.13:551][  0]LogDerivedDataCache:Display: Loaded Boot cache: C:/Users/admin/AppData/Local/UnrealEngine/4.4/DerivedDataCache/Boot.ddc
[2014.09.22-15.06.13:552][  0]LogDerivedDataCache: FDerivedDataBackendGraph:  Pak pak cache file K:/UnrealProject/EpicGames/FirstGame/DerivedDataCache/DDC.ddp not found, will not use a pak cache.
[2014.09.22-15.06.13:552][  0]LogDerivedDataCache: Unable to find inner node Pak for hierarchical cache Hierarchy.
[2014.09.22-15.06.13:647][  0]LogDerivedDataCache:Display: Pak cache opened for reading ../../../Engine/DerivedDataCache/DDC.ddp.
[2014.09.22-15.06.13:677][  0]LogDerivedDataCache: Using Local data cache path C:/Users/admin/AppData/Local/UnrealEngine/4.4/DerivedDataCache: Writable
[2014.09.22-15.06.19:018][  0]LogMeshUtilities: No automatic mesh reduction module available
[2014.09.22-15.06.19:018][  0]LogMeshUtilities: No automatic mesh merging module available
[2014.09.22-15.06.22:666][  0]LogInit: WinSock: version 1.1 (2.2), MaxSocks=32767, MaxUdp=65467
[2014.09.22-15.06.32:343][  0]LogStats:Warning: MetaData mismatch. Did you assign a stat to two groups? New //STATGROUP_Threads//FMonitoredProcess///Thread_1f44_0///////STATCAT_Advanced//// old //STATGROUP_Threads//FMonitoredProcess///Thread_1998_0///////STATCAT_Advanced////
[2014.09.22-15.06.32:343][  0]UdpMessaging: Initializing bridge on interface 0.0.0.0:0 to multicast group 230.0.0.1:6666.
[2014.09.22-15.06.32:793][  0]SourceControl: Info Source control is disabled
[2014.09.22-15.06.32:793][  0]SourceControl: Info Source control is disabled
[2014.09.22-15.06.32:806][  0]SourceControl: Info Source control is disabled
[2014.09.22-15.06.34:764][  0]BlueprintLog: New page: Editor Load
[2014.09.22-15.06.35:558][  0]LogObj: 21438 objects as part of root set at end of initial load.
[2014.09.22-15.06.35:558][  0]LogUObjectAllocator: 4218656 out of 0 bytes used by permanent object pool.
[2014.09.22-15.06.36:751][  0]LogEngine: Initializing Engine...
[2014.09.22-15.06.37:375][  0]LogInit: XAudio2 using 'Philips FTV-4 (NVIDIA High Definition Audio)' : 2 channels at 48 kHz using 16 bits per sample (channel mask 0x3)
[2014.09.22-15.06.37:405][  0]LogInit: FAudioDevice initialized.
[2014.09.22-15.06.38:071][  0]LogAIModule: Creating AISystem for world NewWorld
[2014.09.22-15.06.38:249][  0]LogDerivedDataCache: Saved boot cache 0.06s 39MB C:/Users/admin/AppData/Local/UnrealEngine/4.4/DerivedDataCache/Boot.ddc.
[2014.09.22-15.06.38:258][  0]LogInit: Texture streaming: Enabled
[2014.09.22-15.06.38:433][  0]LogInit: Transaction tracking system initialized
[2014.09.22-15.06.39:053][  0]LogAssetRegistry: FAssetRegistry took 0.0131 seconds to start up
[2014.09.22-15.06.42:301][  0]LogTargetPlatformManager:Display: Building Assets For Windows
[2014.09.22-15.06.43:257][  0]LogTargetPlatformManager:Display: Building Assets For Windows
[2014.09.22-15.06.44:081][  0]LogConsoleResponse:Display: 
[2014.09.22-15.06.46:264][  0]LogStats:Warning: MetaData mismatch. Did you assign a stat to two groups? New //STATGROUP_Threads//FMonitoredProcess///Thread_2070_0///////STATCAT_Advanced//// old //STATGROUP_Threads//FMonitoredProcess///Thread_1998_0///////STATCAT_Advanced////
[2014.09.22-15.06.46:264][  0]LogStats:Warning: MetaData mismatch. Did you assign a stat to two groups? New //STATGROUP_Threads//FMonitoredProcess///Thread_1bbc_0///////STATCAT_Advanced//// old //STATGROUP_Threads//FMonitoredProcess///Thread_1998_0///////STATCAT_Advanced////
[2014.09.22-15.06.46:264][  0]SourceControl: Info Source control is disabled
[2014.09.22-15.06.46:293][  0]Cmd: MAP LOAD FILE="K:/UnrealProject/EpicGames/FirstGame/Content/Maps/Example_Map.umap" TEMPLATE=0 SHOWPROGRESS=1
[2014.09.22-15.06.46:363][  0]LightingResults: New page: Lighting Build
[2014.09.22-15.06.46:455][  0]MapCheck: New page: Map Check
[2014.09.22-15.06.46:455][  0]LightingResults: New page: Lighting Build
[2014.09.22-15.06.46:585][  0]LogParticles: Destroying 0 GPU particle simulations for FXSystem 0x0000000010B7C360
[2014.09.22-15.06.48:372][  0]LogEditorServer: Finished looking for orphan Actors (0.000 secs)
[2014.09.22-15.06.48:400][  0]LogAIModule: Creating AISystem for world Example_Map
[2014.09.22-15.06.48:429][  0]Cmd: MAP CHECKDEP
[2014.09.22-15.06.48:430][  0]MapCheck: New page: Example_Map - Sep 22, 2014, 7:06:48 PM
[2014.09.22-15.06.48:558][  0]MapCheck: Info ========== Map Check: 0 Error(s), 0 Warning(s), [128.19ms] ==========
[2014.09.22-15.06.48:558][  0]LogFileHelpers: Loading map 'Example_Map' took 2.273
[2014.09.22-15.06.49:546][  0]LogCollectionManager: Loaded 0 collections in 0.002916 seconds
[2014.09.22-15.06.50:375][  0]LogCrashTracker: Crashtracker disabled due to settings.
[2014.09.22-15.06.50:575][  0]LogLoad: Full Startup: 58.97 seconds (BP compile: 0.51 seconds)
[2014.09.22-15.06.50:611][  0]LogContentBrowser:Verbose: The content browser source was changed by the sources view to '/Game/Maps'
[2014.09.22-15.06.51:964][  0]LogRenderer:Warning: Reallocating scene render targets to support 840x872.
[2014.09.22-15.06.52:947][ 10]LogAssetRegistry: Asset discovery search completed in 13.9068 seconds
[2014.09.22-15.36.59:174][777]LogContentBrowser:Verbose: The content browser source was changed by the sources view to '/Game/Animations'
[2014.09.22-15.37.06:554][778]LogContentBrowser:Verbose: The content browser source was changed by the sources view to '/Game/Blueprints'
[2014.09.22-15.37.19:805][ 29]LogActorComponent: UnregisterComponent: (/Engine/Transient.CharacterMovementComponent_0) Not registered. Aborting.
[2014.09.22-15.37.19:955][ 29]LogFileHelpers: Editor autosave (incl. sublevels) for '/Game/Maps/Example_Map' took 0.151
[2014.09.22-15.37.19:987][ 29]OBJ SavePackage: Generating thumbnails for [1] asset(s) in package [/Game/Blueprints/MyCharacter] ([1] browsable assets)...
[2014.09.22-15.37.20:104][ 29]OBJ SavePackage:     Rendered thumbnail for [Blueprint /Game/Blueprints/MyCharacter.MyCharacter]
[2014.09.22-15.37.20:104][ 29]OBJ SavePackage: Finished generating thumbnails for package [/Game/Blueprints/MyCharacter]
[2014.09.22-15.37.20:115][ 29]Cmd: OBJ SAVEPACKAGE PACKAGE="/Game/Blueprints/MyCharacter" FILE="K:/UnrealProject/EpicGames/FirstGame/Saved/Autosaves/Game/Blueprints/MyCharacter_Auto1.uasset" SILENT=false AUTOSAVING=true
[2014.09.22-15.37.21:676][ 29]LogSavePackage: Save=1407.780151ms
[2014.09.22-15.37.21:676][ 29]LogSavePackage: Moving 'K:/UnrealProject/EpicGames/FirstGame/Saved/MyCharacter_Auto1F2103BFB42BEB62731DF78965796F25B.tmp' to 'K:/UnrealProject/EpicGames/FirstGame/Saved/Autosaves/Game/Blueprints/MyCharacter_Auto1.uasset'
[2014.09.22-15.37.21:723][ 29]LogFileHelpers: Auto-saving content packages took 1.768
[2014.09.22-15.47.23:212][271]LogActorComponent: UnregisterComponent: (/Engine/Transient.CharacterMovementComponent_1) Not registered. Aborting.
[2014.09.22-15.47.23:280][271]LogFileHelpers: Editor autosave (incl. sublevels) for '/Game/Maps/Example_Map' took 0.068
[2014.09.22-15.47.23:364][271]OBJ SavePackage: Generating thumbnails for [0] asset(s) in package [/Game/Blueprints/MyCharacter] ([1] browsable assets)...
[2014.09.22-15.47.23:413][271]OBJ SavePackage: Finished generating thumbnails for package [/Game/Blueprints/MyCharacter]
[2014.09.22-15.47.23:422][271]Cmd: OBJ SAVEPACKAGE PACKAGE="/Game/Blueprints/MyCharacter" FILE="K:/UnrealProject/EpicGames/FirstGame/Saved/Autosaves/Game/Blueprints/MyCharacter_Auto2.uasset" SILENT=false AUTOSAVING=true
[2014.09.22-15.47.23:859][271]LogSavePackage: Save=301.198425ms
[2014.09.22-15.47.23:859][271]LogSavePackage: Moving 'K:/UnrealProject/EpicGames/FirstGame/Saved/MyCharacter_Auto27826D2084F298E07D9B18DBD3CD23A78.tmp' to 'K:/UnrealProject/EpicGames/FirstGame/Saved/Autosaves/Game/Blueprints/MyCharacter_Auto2.uasset'
[2014.09.22-15.47.23:959][271]LogFileHelpers: Auto-saving content packages took 0.679
[2014.09.22-15.51.03:709][759]LogActorComponent: UnregisterComponent: (/Engine/Transient.CharacterMovementComponent_2) Not registered. Aborting.
[2014.09.22-15.51.03:891][759]Cmd: OBJ SAVEPACKAGE PACKAGE="/Game/Blueprints/MyCharacter" FILE="K:/UnrealProject/EpicGames/FirstGame/Content/Blueprints/MyCharacter.uasset" SILENT=true
[2014.09.22-15.51.05:616][759]LogSavePackage: Save=1157.468750ms
[2014.09.22-15.51.05:616][759]LogSavePackage: Moving 'K:/UnrealProject/EpicGames/FirstGame/Saved/MyCharacter94F6AE1A40F361780A4D05BC05620972.tmp' to 'K:/UnrealProject/EpicGames/FirstGame/Content/Blueprints/MyCharacter.uasset'
[2014.09.22-15.51.11:620][994]BlueprintLog: New page: Pre-PIE auto-recompile
[2014.09.22-15.51.11:620][994]LogPlayLevel: [PIE] Compiling MyCharacter before PIE...
[2014.09.22-15.51.11:781][994]LogActorComponent: UnregisterComponent: (/Engine/Transient.CharacterMovementComponent_3) Not registered. Aborting.
[2014.09.22-15.51.11:817][994]LogParticles: Destroying 0 GPU particle simulations for FXSystem 0x0000000020333420
[2014.09.22-15.51.11:817][994]LogPlayLevel: PIE:  Blueprint regeneration took 197 ms (1 blueprints)
[2014.09.22-15.51.11:817][994]PIE: New page: PIE session: Example_Map (Sep 22, 2014, 7:51:11 PM)
[2014.09.22-15.51.11:867][994]LogPlayLevel: PIE: StaticDuplicateObject took: (0.049411s)
[2014.09.22-15.51.11:868][994]LogPlayLevel: PIE: World Init took: (0.000911s)
[2014.09.22-15.51.11:868][994]LogPlayLevel: PIE: Created PIE world by copying editor world from /Game/Maps/Example_Map.Example_Map to /Game/Maps/UEDPIE_0_Example_Map.Example_Map (0.050785s)
[2014.09.22-15.51.12:043][994]BlueprintLog:Warning: Warning Blueprint MyHUD has been migrated and requires re-saving to avoid import errors
[2014.09.22-15.51.12:051][994]BlueprintLog:Warning: Warning Blueprint MyGame has been migrated and requires re-saving to avoid import errors
[2014.09.22-15.51.12:051][994]LogWorld: Game class is 'MyGame_C'
[2014.09.22-15.51.12:126][994]LogAIModule: Creating AISystem for world Example_Map
[2014.09.22-15.51.12:129][994]LogWorld: Bringing World /Game/Maps/UEDPIE_0_Example_Map.Example_Map up for play (max tick rate 0) at 2014.09.22-17.51.12
[2014.09.22-15.51.12:130][994]LogWorld: Bringing up level for play took: 0.003429
[2014.09.22-15.51.12:239][994]PIE: Info Play in editor start time for /Game/Maps/UEDPIE_0_Example_Map 1.275
[2014.09.22-15.52.04:117][286]LogParticles: Destroying 0 GPU particle simulations for FXSystem 0x0000000024199300
[2014.09.22-15.52.09:620][409]LogSlate:Warning: GetFontFace failed to load or process 'Roboto-Regular'
[2014.09.22-15.52.09:621][409]LogSlate:Warning: GetFontFace failed to load or process 'Roboto-Regular'
[2014.09.22-15.52.09:701][409]LogSlate:Warning: GetFontFace failed to load or process 'Roboto-Regular'
[2014.09.22-15.52.09:701][409]LogSlate:Warning: GetFontFace failed to load or process 'Roboto-Regular'
[2014.09.22-15.52.09:701][409]LogSlate:Warning: GetFontFace failed to load or process 'Roboto-Regular'
[2014.09.22-15.52.09:701][409]LogSlate:Warning: GetFontFace failed to load or process 'Roboto-Regular'
[2014.09.22-15.52.09:701][409]LogSlate:Warning: GetFontFace failed to load or process 'Roboto-Regular'
[2014.09.22-15.52.09:702][409]LogSlate:Warning: GetFontFace failed to load or process 'Roboto-Regular'
[2014.09.22-15.52.09:702][409]LogSlate:Warning: GetFontFace failed to load or process 'Roboto-Regular'
[2014.09.22-15.52.09:702][409]LogSlate:Warning: GetFontFace failed to load or process 'Roboto-Regular'
[2014.09.22-15.52.09:702][409]LogSlate:Warning: GetFontFace failed to load or process 'Roboto-Regular'
[2014.09.22-15.52.09:702][409]LogSlate:Warning: GetFontFace failed to load or process 'Roboto-Regular'
[2014.09.22-15.52.09:702][409]LogSlate:Warning: GetFontFace failed to load or process 'Roboto-Regular'
[2014.09.22-15.52.09:702][409]LogSlate:Warning: GetFontFace failed to load or process 'Roboto-Regular'
[2014.09.22-15.52.09:702][409]LogSlate:Warning: GetFontFace failed to load or process 'Roboto-Regular'
[2014.09.22-15.52.09:702][409]LogSlate:Warning: GetFontFace failed to load or process 'Roboto-Regular'
[2014.09.22-15.52.09:703][409]LogSlate:Warning: GetFontFace failed to load or process 'Roboto-Regular'
[2014.09.22-15.52.09:703][409]LogSlate:Warning: GetFontFace failed to load or process 'Roboto-Regular'
[2014.09.22-15.52.55:799][736]LogActorComponent: UnregisterComponent: (/Engine/Transient.CharacterMovementComponent_4) Not registered. Aborting.
[2014.09.22-15.52.55:908][736]Cmd: OBJ SAVEPACKAGE PACKAGE="/Game/Blueprints/MyCharacter" FILE="K:/UnrealProject/EpicGames/FirstGame/Content/Blueprints/MyCharacter.uasset" SILENT=true
[2014.09.22-15.52.57:618][736]LogSavePackage: Save=1354.244751ms
[2014.09.22-15.52.57:618][736]LogSavePackage: Moving 'K:/UnrealProject/EpicGames/FirstGame/Saved/MyCharacter6FFDBB234F9FECD7882452A2A5F15148.tmp' to 'K:/UnrealProject/EpicGames/FirstGame/Content/Blueprints/MyCharacter.uasset'
[2014.09.22-15.53.01:480][873]BlueprintLog: New page: Pre-PIE auto-recompile
[2014.09.22-15.53.01:480][873]LogPlayLevel: [PIE] Compiling MyCharacter before PIE...
[2014.09.22-15.53.01:638][873]LogActorComponent: UnregisterComponent: (/Engine/Transient.CharacterMovementComponent_5) Not registered. Aborting.
[2014.09.22-15.53.01:695][873]LogParticles: Destroying 0 GPU particle simulations for FXSystem 0x000000002013B060
[2014.09.22-15.53.01:699][873]LogPlayLevel: PIE:  Blueprint regeneration took 218 ms (1 blueprints)
[2014.09.22-15.53.01:699][873]PIE: New page: PIE session: Example_Map (Sep 22, 2014, 7:53:01 PM)
[2014.09.22-15.53.01:757][873]LogPlayLevel: PIE: StaticDuplicateObject took: (0.057390s)
[2014.09.22-15.53.01:759][873]LogPlayLevel: PIE: World Init took: (0.001674s)
[2014.09.22-15.53.01:759][873]LogPlayLevel: PIE: Created PIE world by copying editor world from /Game/Maps/Example_Map.Example_Map to /Game/Maps/UEDPIE_0_Example_Map.Example_Map (0.059621s)
[2014.09.22-15.53.01:822][873]LogWorld: Game class is 'MyGame_C'
[2014.09.22-15.53.01:826][873]LogAIModule: Creating AISystem for world Example_Map
[2014.09.22-15.53.01:830][873]LogWorld: Bringing World /Game/Maps/UEDPIE_0_Example_Map.Example_Map up for play (max tick rate 0) at 2014.09.22-17.53.01
[2014.09.22-15.53.01:831][873]LogWorld: Bringing up level for play took: 0.005115
[2014.09.22-15.53.01:836][873]PIE: Info Play in editor start time for /Game/Maps/UEDPIE_0_Example_Map 0.872
[2014.09.22-15.56.24:876][475]LogParticles: Destroying 0 GPU particle simulations for FXSystem 0x0000000018557A60
[2014.09.22-15.56.26:157][521]LogEditorViewport: Clicking on Actor (LMB): BP_Sky_Sphere_C (BP_Sky_Sphere)
[2014.09.22-15.56.26:658][532]Cmd: SELECT NONE
[2014.09.22-16.01.41:025][351]LogActorComponent: UnregisterComponent: (/Engine/Transient.CharacterMovementComponent_6) Not registered. Aborting.
[2014.09.22-16.01.41:094][351]LogFileHelpers: Editor autosave (incl. sublevels) for '/Game/Maps/Example_Map' took 0.069
[2014.09.22-16.01.41:130][351]OBJ SavePackage: Generating thumbnails for [1] asset(s) in package [/Game/Blueprints/MyCharacter] ([1] browsable assets)...
[2014.09.22-16.01.41:192][351]OBJ SavePackage:     Rendered thumbnail for [Blueprint /Game/Blueprints/MyCharacter.MyCharacter]
[2014.09.22-16.01.41:192][351]OBJ SavePackage: Finished generating thumbnails for package [/Game/Blueprints/MyCharacter]
[2014.09.22-16.01.41:209][351]Cmd: OBJ SAVEPACKAGE PACKAGE="/Game/Blueprints/MyCharacter" FILE="K:/UnrealProject/EpicGames/FirstGame/Saved/Autosaves/Game/Blueprints/MyCharacter_Auto3.uasset" SILENT=false AUTOSAVING=true
[2014.09.22-16.01.42:674][351]LogSavePackage: Save=1368.630859ms
[2014.09.22-16.01.42:674][351]LogSavePackage: Moving 'K:/UnrealProject/EpicGames/FirstGame/Saved/MyCharacter_Auto3DA80C6814221D3B14B12D48B64318967.tmp' to 'K:/UnrealProject/EpicGames/FirstGame/Saved/Autosaves/Game/Blueprints/MyCharacter_Auto3.uasset'
[2014.09.22-16.01.42:709][351]LogFileHelpers: Auto-saving content packages took 1.615
[2014.09.22-16.11.43:860][559]LogActorComponent: UnregisterComponent: (/Engine/Transient.CharacterMovementComponent_7) Not registered. Aborting.
[2014.09.22-16.11.43:908][559]LogFileHelpers: Editor autosave (incl. sublevels) for '/Game/Maps/Example_Map' took 0.048
[2014.09.22-16.11.43:946][559]OBJ SavePackage: Generating thumbnails for [0] asset(s) in package [/Game/Blueprints/MyCharacter] ([1] browsable assets)...
[2014.09.22-16.11.43:956][559]OBJ SavePackage: Finished generating thumbnails for package [/Game/Blueprints/MyCharacter]
[2014.09.22-16.11.43:972][559]Cmd: OBJ SAVEPACKAGE PACKAGE="/Game/Blueprints/MyCharacter" FILE="K:/UnrealProject/EpicGames/FirstGame/Saved/Autosaves/Game/Blueprints/MyCharacter_Auto4.uasset" SILENT=false AUTOSAVING=true
[2014.09.22-16.11.44:146][559]LogSavePackage: Save=88.812981ms
[2014.09.22-16.11.44:147][559]LogSavePackage: Moving 'K:/UnrealProject/EpicGames/FirstGame/Saved/MyCharacter_Auto4B897EA4C49406C616951F4A37C09F4F2.tmp' to 'K:/UnrealProject/EpicGames/FirstGame/Saved/Autosaves/Game/Blueprints/MyCharacter_Auto4.uasset'
[2014.09.22-16.11.44:171][559]LogFileHelpers: Auto-saving content packages took 0.263
[2014.09.22-16.12.30:451][578]LogSlate:Warning: GetFontFace failed to load or process 'Roboto-Regular'
[2014.09.22-16.12.30:451][578]LogSlate:Warning: GetFontFace failed to load or process 'Roboto-Regular'
[2014.09.22-16.12.30:451][578]LogSlate:Warning: GetFontFace failed to load or process 'Roboto-Regular'
[2014.09.22-16.12.30:452][578]LogSlate:Warning: GetFontFace failed to load or process 'Roboto-Regular'
[2014.09.22-16.14.12:081][433]LogActorComponent: UnregisterComponent: (/Engine/Transient.CharacterMovementComponent_8) Not registered. Aborting.
[2014.09.22-16.14.23:149][610]LogActorComponent: UnregisterComponent: (/Engine/Transient.CharacterMovementComponent_9) Not registered. Aborting.
[2014.09.22-16.14.34:049][791]LogActorComponent: UnregisterComponent: (/Engine/Transient.CharacterMovementComponent_10) Not registered. Aborting.
[2014.09.22-16.15.19:156][586]LogActorComponent: UnregisterComponent: (/Engine/Transient.CharacterMovementComponent_11) Not registered. Aborting.
[2014.09.22-16.15.19:298][586]Cmd: OBJ SAVEPACKAGE PACKAGE="/Game/Blueprints/MyCharacter" FILE="K:/UnrealProject/EpicGames/FirstGame/Content/Blueprints/MyCharacter.uasset" SILENT=true
[2014.09.22-16.15.21:241][586]LogSavePackage: Save=1373.677368ms
[2014.09.22-16.15.21:242][586]LogSavePackage: Moving 'K:/UnrealProject/EpicGames/FirstGame/Saved/MyCharacter8243CFBC4704C82EFF091EAA64814697.tmp' to 'K:/UnrealProject/EpicGames/FirstGame/Content/Blueprints/MyCharacter.uasset'
[2014.09.22-16.15.25:820][705]BlueprintLog: New page: Pre-PIE auto-recompile
[2014.09.22-16.15.25:821][705]LogPlayLevel: [PIE] Compiling MyCharacter before PIE...
[2014.09.22-16.15.25:988][705]LogActorComponent: UnregisterComponent: (/Engine/Transient.CharacterMovementComponent_12) Not registered. Aborting.
[2014.09.22-16.15.26:036][705]LogParticles: Destroying 0 GPU particle simulations for FXSystem 0x000000002430F060
[2014.09.22-16.15.26:040][705]LogPlayLevel: PIE:  Blueprint regeneration took 219 ms (1 blueprints)
[2014.09.22-16.15.26:040][705]PIE: New page: PIE session: Example_Map (Sep 22, 2014, 8:15:26 PM)
[2014.09.22-16.15.26:102][705]LogPlayLevel: PIE: StaticDuplicateObject took: (0.062122s)
[2014.09.22-16.15.26:104][705]LogPlayLevel: PIE: World Init took: (0.001249s)
[2014.09.22-16.15.26:104][705]LogPlayLevel: PIE: Created PIE world by copying editor world from /Game/Maps/Example_Map.Example_Map to /Game/Maps/UEDPIE_0_Example_Map.Example_Map (0.063721s)
[2014.09.22-16.15.26:151][705]LogWorld: Game class is 'MyGame_C'
[2014.09.22-16.15.26:155][705]LogAIModule: Creating AISystem for world Example_Map
[2014.09.22-16.15.26:159][705]LogWorld: Bringing World /Game/Maps/UEDPIE_0_Example_Map.Example_Map up for play (max tick rate 0) at 2014.09.22-18.15.26
[2014.09.22-16.15.26:160][705]LogWorld: Bringing up level for play took: 0.004794
[2014.09.22-16.15.26:165][705]PIE: Info Play in editor start time for /Game/Maps/UEDPIE_0_Example_Map 1.189
[2014.09.22-16.16.32:624][963]LogParticles: Destroying 0 GPU particle simulations for FXSystem 0x0000000018537A60
[2014.09.22-16.17.08:514][127]LogContentBrowser:Verbose: The content browser source was changed by the sources view to '/Game/Animations'
[2014.09.22-16.17.09:960][178]LogContentBrowser:Verbose: The content browser source was changed by the sources view to '/Game/Animations/Blueprints'
[2014.09.22-16.17.13:297][212]LogSkeletalMesh: InitArticulated: Bodies already created (/Engine/Transient.DebugSkelMeshComponent_0) - call TermArticulated first.
[2014.09.22-16.19.03:975][906]LogContentBrowser:Verbose: The majority of assets in the view are of type: AnimSequence
[2014.09.22-16.19.36:783][839]LogBlendSpace:Warning: Failed to get highlighted triangle
[2014.09.22-16.19.36:814][840]LogBlendSpace:Warning: Failed to get highlighted triangle
[2014.09.22-16.19.36:848][841]LogBlendSpace:Warning: Failed to get highlighted triangle
[2014.09.22-16.19.36:878][842]LogBlendSpace:Warning: Failed to get highlighted triangle
[2014.09.22-16.19.36:908][843]LogBlendSpace:Warning: Failed to get highlighted triangle
[2014.09.22-16.19.36:941][844]LogBlendSpace:Warning: Failed to get highlighted triangle
[2014.09.22-16.19.36:974][845]LogBlendSpace:Warning: Failed to get highlighted triangle
[2014.09.22-16.19.56:670][438]LogBlendSpace:Warning: Failed to get highlighted triangle
[2014.09.22-16.19.56:701][439]LogBlendSpace:Warning: Failed to get highlighted triangle
[2014.09.22-16.19.56:735][440]LogBlendSpace:Warning: Failed to get highlighted triangle
[2014.09.22-16.19.56:765][441]LogBlendSpace:Warning: Failed to get highlighted triangle
[2014.09.22-16.19.56:791][442]LogBlendSpace:Warning: Failed to get highlighted triangle
[2014.09.22-16.19.56:823][443]LogBlendSpace:Warning: Failed to get highlighted triangle
[2014.09.22-16.19.56:852][444]LogBlendSpace:Warning: Failed to get highlighted triangle
[2014.09.22-16.19.56:884][445]LogBlendSpace:Warning: Failed to get highlighted triangle
[2014.09.22-16.19.58:635][502]LogBlendSpace:Warning: Failed to get highlighted triangle
[2014.09.22-16.19.58:673][503]LogBlendSpace:Warning: Failed to get highlighted triangle
[2014.09.22-16.19.58:699][504]LogBlendSpace:Warning: Failed to get highlighted triangle
[2014.09.22-16.19.58:726][505]LogBlendSpace:Warning: Failed to get highlighted triangle
[2014.09.22-16.19.58:762][506]LogBlendSpace:Warning: Failed to get highlighted triangle
[2014.09.22-16.19.58:796][507]LogBlendSpace:Warning: Failed to get highlighted triangle
[2014.09.22-16.19.58:821][508]LogBlendSpace:Warning: Failed to get highlighted triangle
[2014.09.22-16.19.58:856][509]LogBlendSpace:Warning: Failed to get highlighted triangle
[2014.09.22-16.19.58:885][510]LogBlendSpace:Warning: Failed to get highlighted triangle
[2014.09.22-16.19.58:916][511]LogBlendSpace:Warning: Failed to get highlighted triangle
[2014.09.22-16.19.58:945][512]LogBlendSpace:Warning: Failed to get highlighted triangle
[2014.09.22-16.19.58:970][513]LogBlendSpace:Warning: Failed to get highlighted triangle
[2014.09.22-16.19.58:999][514]LogBlendSpace:Warning: Failed to get highlighted triangle
[2014.09.22-16.19.59:029][515]LogBlendSpace:Warning: Failed to get highlighted triangle
[2014.09.22-16.19.59:058][516]LogBlendSpace:Warning: Failed to get highlighted triangle
[2014.09.22-16.19.59:088][517]LogBlendSpace:Warning: Failed to get highlighted triangle
[2014.09.22-16.19.59:120][518]LogBlendSpace:Warning: Failed to get highlighted triangle
[2014.09.22-16.19.59:150][519]LogBlendSpace:Warning: Failed to get highlighted triangle
[2014.09.22-16.19.59:176][520]LogBlendSpace:Warning: Failed to get highlighted triangle
[2014.09.22-16.19.59:205][521]LogBlendSpace:Warning: Failed to get highlighted triangle
[2014.09.22-16.19.59:233][522]LogBlendSpace:Warning: Failed to get highlighted triangle
[2014.09.22-16.19.59:259][523]LogBlendSpace:Warning: Failed to get highlighted triangle
[2014.09.22-16.19.59:287][524]LogBlendSpace:Warning: Failed to get highlighted triangle
[2014.09.22-16.19.59:314][525]LogBlendSpace:Warning: Failed to get highlighted triangle
[2014.09.22-16.19.59:340][526]LogBlendSpace:Warning: Failed to get highlighted triangle
[2014.09.22-16.19.59:367][527]LogBlendSpace:Warning: Failed to get highlighted triangle
[2014.09.22-16.19.59:408][528]LogBlendSpace:Warning: Failed to get highlighted triangle
[2014.09.22-16.19.59:457][529]LogBlendSpace:Warning: Failed to get highlighted triangle
[2014.09.22-16.19.59:494][530]LogBlendSpace:Warning: Failed to get highlighted triangle
[2014.09.22-16.19.59:539][531]LogBlendSpace:Warning: Failed to get highlighted triangle
[2014.09.22-16.19.59:586][532]LogBlendSpace:Warning: Failed to get highlighted triangle
[2014.09.22-16.19.59:629][533]LogBlendSpace:Warning: Failed to get highlighted triangle
[2014.09.22-16.19.59:671][534]LogBlendSpace:Warning: Failed to get highlighted triangle
[2014.09.22-16.19.59:715][535]LogBlendSpace:Warning: Failed to get highlighted triangle
[2014.09.22-16.19.59:753][536]LogBlendSpace:Warning: Failed to get highlighted triangle
[2014.09.22-16.19.59:801][537]LogBlendSpace:Warning: Failed to get highlighted triangle
[2014.09.22-16.19.59:854][538]LogBlendSpace:Warning: Failed to get highlighted triangle
[2014.09.22-16.19.59:897][539]LogBlendSpace:Warning: Failed to get highlighted triangle
[2014.09.22-16.19.59:943][540]LogBlendSpace:Warning: Failed to get highlighted triangle
[2014.09.22-16.19.59:981][541]LogBlendSpace:Warning: Failed to get highlighted triangle
[2014.09.22-16.20.00:024][542]LogBlendSpace:Warning: Failed to get highlighted triangle
[2014.09.22-16.20.00:068][543]LogBlendSpace:Warning: Failed to get highlighted triangle
[2014.09.22-16.20.00:106][544]LogBlendSpace:Warning: Failed to get highlighted triangle
[2014.09.22-16.20.00:152][545]LogBlendSpace:Warning: Failed to get highlighted triangle
[2014.09.22-16.20.00:191][546]LogBlendSpace:Warning: Failed to get highlighted triangle
[2014.09.22-16.20.00:224][547]LogBlendSpace:Warning: Failed to get highlighted triangle
[2014.09.22-16.20.00:261][548]LogBlendSpace:Warning: Failed to get highlighted triangle
[2014.09.22-16.20.00:294][549]LogBlendSpace:Warning: Failed to get highlighted triangle
[2014.09.22-16.20.00:330][550]LogBlendSpace:Warning: Failed to get highlighted triangle
[2014.09.22-16.20.00:360][551]LogBlendSpace:Warning: Failed to get highlighted triangle
[2014.09.22-16.20.00:392][552]LogBlendSpace:Warning: Failed to get highlighted triangle
[2014.09.22-16.20.00:427][553]LogBlendSpace:Warning: Failed to get highlighted triangle
[2014.09.22-16.20.00:461][554]LogBlendSpace:Warning: Failed to get highlighted triangle
[2014.09.22-16.20.29:752][381]LogBlendSpace:Warning: Failed to get highlighted triangle
[2014.09.22-16.20.29:799][382]LogBlendSpace:Warning: Failed to get highlighted triangle
[2014.09.22-16.20.29:841][383]LogBlendSpace:Warning: Failed to get highlighted triangle
[2014.09.22-16.20.29:885][384]LogBlendSpace:Warning: Failed to get highlighted triangle
[2014.09.22-16.20.29:932][385]LogBlendSpace:Warning: Failed to get highlighted triangle
[2014.09.22-16.20.29:976][386]LogBlendSpace:Warning: Failed to get highlighted triangle
[2014.09.22-16.20.30:021][387]LogBlendSpace:Warning: Failed to get highlighted triangle
[2014.09.22-16.20.30:068][388]LogBlendSpace:Warning: Failed to get highlighted triangle
[2014.09.22-16.20.30:111][389]LogBlendSpace:Warning: Failed to get highlighted triangle
[2014.09.22-16.20.30:161][390]LogBlendSpace:Warning: Failed to get highlighted triangle
[2014.09.22-16.20.30:197][391]LogBlendSpace:Warning: Failed to get highlighted triangle
[2014.09.22-16.20.30:233][392]LogBlendSpace:Warning: Failed to get highlighted triangle
[2014.09.22-16.20.30:265][393]LogBlendSpace:Warning: Failed to get highlighted triangle
[2014.09.22-16.20.30:301][394]LogBlendSpace:Warning: Failed to get highlighted triangle
[2014.09.22-16.20.30:336][395]LogBlendSpace:Warning: Failed to get highlighted triangle
[2014.09.22-16.20.30:378][396]LogBlendSpace:Warning: Failed to get highlighted triangle
[2014.09.22-16.20.30:416][397]LogBlendSpace:Warning: Failed to get highlighted triangle
[2014.09.22-16.20.30:450][398]LogBlendSpace:Warning: Failed to get highlighted triangle
[2014.09.22-16.20.30:485][399]LogBlendSpace:Warning: Failed to get highlighted triangle
[2014.09.22-16.20.30:517][400]LogBlendSpace:Warning: Failed to get highlighted triangle
[2014.09.22-16.20.30:555][401]LogBlendSpace:Warning: Failed to get highlighted triangle
[2014.09.22-16.20.30:584][402]LogBlendSpace:Warning: Failed to get highlighted triangle
[2014.09.22-16.20.30:623][403]LogBlendSpace:Warning: Failed to get highlighted triangle
[2014.09.22-16.20.30:653][404]LogBlendSpace:Warning: Failed to get highlighted triangle
[2014.09.22-16.20.30:684][405]LogBlendSpace:Warning: Failed to get highlighted triangle
[2014.09.22-16.20.30:723][406]LogBlendSpace:Warning: Failed to get highlighted triangle
[2014.09.22-16.20.30:756][407]LogBlendSpace:Warning: Failed to get highlighted triangle
[2014.09.22-16.20.30:790][408]LogBlendSpace:Warning: Failed to get highlighted triangle
[2014.09.22-16.20.30:827][409]LogBlendSpace:Warning: Failed to get highlighted triangle
[2014.09.22-16.20.30:862][410]LogBlendSpace:Warning: Failed to get highlighted triangle
[2014.09.22-16.20.30:897][411]LogBlendSpace:Warning: Failed to get highlighted triangle
[2014.09.22-16.20.30:932][412]LogBlendSpace:Warning: Failed to get highlighted triangle
[2014.09.22-16.20.30:965][413]LogBlendSpace:Warning: Failed to get highlighted triangle
[2014.09.22-16.20.30:996][414]LogBlendSpace:Warning: Failed to get highlighted triangle
[2014.09.22-16.20.31:035][415]LogBlendSpace:Warning: Failed to get highlighted triangle
[2014.09.22-16.20.31:065][416]LogBlendSpace:Warning: Failed to get highlighted triangle
[2014.09.22-16.20.31:094][417]LogBlendSpace:Warning: Failed to get highlighted triangle
[2014.09.22-16.20.31:129][418]LogBlendSpace:Warning: Failed to get highlighted triangle
[2014.09.22-16.20.31:159][419]LogBlendSpace:Warning: Failed to get highlighted triangle
[2014.09.22-16.20.31:199][420]LogBlendSpace:Warning: Failed to get highlighted triangle
[2014.09.22-16.20.31:239][421]LogBlendSpace:Warning: Failed to get highlighted triangle
[2014.09.22-16.20.31:271][422]LogBlendSpace:Warning: Failed to get highlighted triangle
[2014.09.22-16.20.31:307][423]LogBlendSpace:Warning: Failed to get highlighted triangle
[2014.09.22-16.20.31:338][424]LogBlendSpace:Warning: Failed to get highlighted triangle
[2014.09.22-16.20.31:367][425]LogBlendSpace:Warning: Failed to get highlighted triangle
[2014.09.22-16.20.31:399][426]LogBlendSpace:Warning: Failed to get highlighted triangle
[2014.09.22-16.20.31:435][427]LogBlendSpace:Warning: Failed to get highlighted triangle
[2014.09.22-16.20.31:469][428]LogBlendSpace:Warning: Failed to get highlighted triangle
[2014.09.22-16.20.31:502][429]LogBlendSpace:Warning: Failed to get highlighted triangle
[2014.09.22-16.20.31:541][430]LogBlendSpace:Warning: Failed to get highlighted triangle
[2014.09.22-16.20.31:569][431]LogBlendSpace:Warning: Failed to get highlighted triangle
[2014.09.22-16.20.31:600][432]LogBlendSpace:Warning: Failed to get highlighted triangle
[2014.09.22-16.20.31:640][433]LogBlendSpace:Warning: Failed to get highlighted triangle
[2014.09.22-16.20.31:673][434]LogBlendSpace:Warning: Failed to get highlighted triangle
[2014.09.22-16.20.31:709][435]LogBlendSpace:Warning: Failed to get highlighted triangle
[2014.09.22-16.20.31:747][436]LogBlendSpace:Warning: Failed to get highlighted triangle
[2014.09.22-16.20.31:781][437]LogBlendSpace:Warning: Failed to get highlighted triangle
[2014.09.22-16.20.31:813][438]LogBlendSpace:Warning: Failed to get highlighted triangle
[2014.09.22-16.20.31:845][439]LogBlendSpace:Warning: Failed to get highlighted triangle
[2014.09.22-16.20.31:883][440]LogBlendSpace:Warning: Failed to get highlighted triangle
[2014.09.22-16.20.31:916][441]LogBlendSpace:Warning: Failed to get highlighted triangle
[2014.09.22-16.20.31:953][442]LogBlendSpace:Warning: Failed to get highlighted triangle
[2014.09.22-16.20.31:983][443]LogBlendSpace:Warning: Failed to get highlighted triangle
[2014.09.22-16.20.32:020][444]LogBlendSpace:Warning: Failed to get highlighted triangle
[2014.09.22-16.20.32:062][445]LogBlendSpace:Warning: Failed to get highlighted triangle
[2014.09.22-16.20.32:095][446]LogBlendSpace:Warning: Failed to get highlighted triangle
[2014.09.22-16.20.32:132][447]LogBlendSpace:Warning: Failed to get highlighted triangle
[2014.09.22-16.20.32:164][448]LogBlendSpace:Warning: Failed to get highlighted triangle
[2014.09.22-16.20.32:200][449]LogBlendSpace:Warning: Failed to get highlighted triangle
[2014.09.22-16.20.32:228][450]LogBlendSpace:Warning: Failed to get highlighted triangle
[2014.09.22-16.20.32:270][451]LogBlendSpace:Warning: Failed to get highlighted triangle
[2014.09.22-16.20.32:302][452]LogBlendSpace:Warning: Failed to get highlighted triangle
[2014.09.22-16.20.32:337][453]LogBlendSpace:Warning: Failed to get highlighted triangle
[2014.09.22-16.20.32:367][454]LogBlendSpace:Warning: Failed to get highlighted triangle
[2014.09.22-16.20.32:396][455]LogBlendSpace:Warning: Failed to get highlighted triangle
[2014.09.22-16.20.32:426][456]LogBlendSpace:Warning: Failed to get highlighted triangle
[2014.09.22-16.20.32:461][457]LogBlendSpace:Warning: Failed to get highlighted triangle
[2014.09.22-16.20.32:493][458]LogBlendSpace:Warning: Failed to get highlighted triangle
[2014.09.22-16.20.32:524][459]LogBlendSpace:Warning: Failed to get highlighted triangle
[2014.09.22-16.20.32:562][460]LogBlendSpace:Warning: Failed to get highlighted triangle
[2014.09.22-16.20.32:596][461]LogBlendSpace:Warning: Failed to get highlighted triangle
[2014.09.22-16.20.32:634][462]LogBlendSpace:Warning: Failed to get highlighted triangle
[2014.09.22-16.20.32:665][463]LogBlendSpace:Warning: Failed to get highlighted triangle
[2014.09.22-16.20.32:702][464]LogBlendSpace:Warning: Failed to get highlighted triangle
[2014.09.22-16.20.32:740][465]LogBlendSpace:Warning: Failed to get highlighted triangle
[2014.09.22-16.20.32:777][466]LogBlendSpace:Warning: Failed to get highlighted triangle
[2014.09.22-16.20.32:809][467]LogBlendSpace:Warning: Failed to get highlighted triangle
[2014.09.22-16.20.32:843][468]LogBlendSpace:Warning: Failed to get highlighted triangle
[2014.09.22-16.20.32:877][469]LogBlendSpace:Warning: Failed to get highlighted triangle
[2014.09.22-16.20.32:913][470]LogBlendSpace:Warning: Failed to get highlighted triangle
[2014.09.22-16.20.32:944][471]LogBlendSpace:Warning: Failed to get highlighted triangle
[2014.09.22-16.20.32:973][472]LogBlendSpace:Warning: Failed to get highlighted triangle
[2014.09.22-16.20.33:002][473]LogBlendSpace:Warning: Failed to get highlighted triangle
[2014.09.22-16.20.33:029][474]LogBlendSpace:Warning: Failed to get highlighted triangle
[2014.09.22-16.20.33:061][475]LogBlendSpace:Warning: Failed to get highlighted triangle
[2014.09.22-16.20.33:096][476]LogBlendSpace:Warning: Failed to get highlighted triangle
[2014.09.22-16.20.33:125][477]LogBlendSpace:Warning: Failed to get highlighted triangle
[2014.09.22-16.20.33:155][478]LogBlendSpace:Warning: Failed to get highlighted triangle
[2014.09.22-16.20.33:197][479]LogBlendSpace:Warning: Failed to get highlighted triangle
[2014.09.22-16.20.33:239][480]LogBlendSpace:Warning: Failed to get highlighted triangle
[2014.09.22-16.20.33:285][481]LogBlendSpace:Warning: Failed to get highlighted triangle
[2014.09.22-16.20.33:329][482]LogBlendSpace:Warning: Failed to get highlighted triangle
[2014.09.22-16.20.33:375][483]LogBlendSpace:Warning: Failed to get highlighted triangle
[2014.09.22-16.20.33:418][484]LogBlendSpace:Warning: Failed to get highlighted triangle
[2014.09.22-16.20.33:464][485]LogBlendSpace:Warning: Failed to get highlighted triangle
[2014.09.22-16.20.33:507][486]LogBlendSpace:Warning: Failed to get highlighted triangle
[2014.09.22-16.20.33:557][487]LogBlendSpace:Warning: Failed to get highlighted triangle
[2014.09.22-16.20.33:599][488]LogBlendSpace:Warning: Failed to get highlighted triangle
[2014.09.22-16.20.33:646][489]LogBlendSpace:Warning: Failed to get highlighted triangle
[2014.09.22-16.20.33:690][490]LogBlendSpace:Warning: Failed to get highlighted triangle
[2014.09.22-16.20.33:733][491]LogBlendSpace:Warning: Failed to get highlighted triangle
[2014.09.22-16.20.33:775][492]LogBlendSpace:Warning: Failed to get highlighted triangle
[2014.09.22-16.20.33:806][493]LogBlendSpace:Warning: Failed to get highlighted triangle
[2014.09.22-16.20.33:837][494]LogBlendSpace:Warning: Failed to get highlighted triangle
[2014.09.22-16.20.33:870][495]LogBlendSpace:Warning: Failed to get highlighted triangle
[2014.09.22-16.20.33:899][496]LogBlendSpace:Warning: Failed to get highlighted triangle
[2014.09.22-16.20.33:938][497]LogBlendSpace:Warning: Failed to get highlighted triangle
[2014.09.22-16.20.33:970][498]LogBlendSpace:Warning: Failed to get highlighted triangle
[2014.09.22-16.20.34:004][499]LogBlendSpace:Warning: Failed to get highlighted triangle
[2014.09.22-16.20.34:038][500]LogBlendSpace:Warning: Failed to get highlighted triangle
[2014.09.22-16.20.34:067][501]LogBlendSpace:Warning: Failed to get highlighted triangle
[2014.09.22-16.20.34:101][502]LogBlendSpace:Warning: Failed to get highlighted triangle
[2014.09.22-16.20.34:128][503]LogBlendSpace:Warning: Failed to get highlighted triangle
[2014.09.22-16.20.34:161][504]LogBlendSpace:Warning: Failed to get highlighted triangle
[2014.09.22-16.20.34:197][505]LogBlendSpace:Warning: Failed to get highlighted triangle
[2014.09.22-16.20.34:234][506]LogBlendSpace:Warning: Failed to get highlighted triangle
[2014.09.22-16.20.34:267][507]LogBlendSpace:Warning: Failed to get highlighted triangle
[2014.09.22-16.20.34:307][508]LogBlendSpace:Warning: Failed to get highlighted triangle
[2014.09.22-16.20.34:342][509]LogBlendSpace:Warning: Failed to get highlighted triangle
[2014.09.22-16.20.34:372][510]LogBlendSpace:Warning: Failed to get highlighted triangle
[2014.09.22-16.20.34:406][511]LogBlendSpace:Warning: Failed to get highlighted triangle
[2014.09.22-16.20.34:442][512]LogBlendSpace:Warning: Failed to get highlighted triangle
[2014.09.22-16.20.34:483][513]LogBlendSpace:Warning: Failed to get highlighted triangle
[2014.09.22-16.20.34:515][514]LogBlendSpace:Warning: Failed to get highlighted triangle
[2014.09.22-16.20.34:543][515]LogBlendSpace:Warning: Failed to get highlighted triangle
[2014.09.22-16.20.34:582][516]LogBlendSpace:Warning: Failed to get highlighted triangle
[2014.09.22-16.20.34:612][517]LogBlendSpace:Warning: Failed to get highlighted triangle
[2014.09.22-16.20.34:648][518]LogBlendSpace:Warning: Failed to get highlighted triangle
[2014.09.22-16.20.34:685][519]LogBlendSpace:Warning: Failed to get highlighted triangle
[2014.09.22-16.20.34:718][520]LogBlendSpace:Warning: Failed to get highlighted triangle
[2014.09.22-16.20.34:751][521]LogBlendSpace:Warning: Failed to get highlighted triangle
[2014.09.22-16.20.34:779][522]LogBlendSpace:Warning: Failed to get highlighted triangle
[2014.09.22-16.20.34:808][523]LogBlendSpace:Warning: Failed to get highlighted triangle
[2014.09.22-16.20.34:838][524]LogBlendSpace:Warning: Failed to get highlighted triangle
[2014.09.22-16.20.34:868][525]LogBlendSpace:Warning: Failed to get highlighted triangle
[2014.09.22-16.20.34:898][526]LogBlendSpace:Warning: Failed to get highlighted triangle
[2014.09.22-16.20.34:931][527]LogBlendSpace:Warning: Failed to get highlighted triangle
[2014.09.22-16.20.34:967][528]LogBlendSpace:Warning: Failed to get highlighted triangle
[2014.09.22-16.20.34:999][529]LogBlendSpace:Warning: Failed to get highlighted triangle
[2014.09.22-16.20.35:031][530]LogBlendSpace:Warning: Failed to get highlighted triangle
[2014.09.22-16.20.35:069][531]LogBlendSpace:Warning: Failed to get highlighted triangle
[2014.09.22-16.20.35:106][532]LogBlendSpace:Warning: Failed to get highlighted triangle
[2014.09.22-16.20.35:145][533]LogBlendSpace:Warning: Failed to get highlighted triangle
[2014.09.22-16.20.35:178][534]LogBlendSpace:Warning: Failed to get highlighted triangle
[2014.09.22-16.20.35:212][535]LogBlendSpace:Warning: Failed to get highlighted triangle
[2014.09.22-16.20.35:247][536]LogBlendSpace:Warning: Failed to get highlighted triangle
[2014.09.22-16.20.35:281][537]LogBlendSpace:Warning: Failed to get highlighted triangle
[2014.09.22-16.20.35:319][538]LogBlendSpace:Warning: Failed to get highlighted triangle
[2014.09.22-16.20.35:355][539]LogBlendSpace:Warning: Failed to get highlighted triangle
[2014.09.22-16.20.35:392][540]LogBlendSpace:Warning: Failed to get highlighted triangle
[2014.09.22-16.20.35:425][541]LogBlendSpace:Warning: Failed to get highlighted triangle
[2014.09.22-16.20.35:451][542]LogBlendSpace:Warning: Failed to get highlighted triangle
[2014.09.22-16.20.35:478][543]LogBlendSpace:Warning: Failed to get highlighted triangle
[2014.09.22-16.20.35:506][544]LogBlendSpace:Warning: Failed to get highlighted triangle
[2014.09.22-16.20.35:530][545]LogBlendSpace:Warning: Failed to get highlighted triangle
[2014.09.22-16.20.35:559][546]LogBlendSpace:Warning: Failed to get highlighted triangle
[2014.09.22-16.20.35:586][547]LogBlendSpace:Warning: Failed to get highlighted triangle
[2014.09.22-16.20.35:615][548]LogBlendSpace:Warning: Failed to get highlighted triangle
[2014.09.22-16.20.35:641][549]LogBlendSpace:Warning: Failed to get highlighted triangle
[2014.09.22-16.20.35:675][550]LogBlendSpace:Warning: Failed to get highlighted triangle
[2014.09.22-16.20.35:702][551]LogBlendSpace:Warning: Failed to get highlighted triangle
[2014.09.22-16.20.35:732][552]LogBlendSpace:Warning: Failed to get highlighted triangle
[2014.09.22-16.20.35:761][553]LogBlendSpace:Warning: Failed to get highlighted triangle
[2014.09.22-16.20.35:788][554]LogBlendSpace:Warning: Failed to get highlighted triangle
[2014.09.22-16.20.35:817][555]LogBlendSpace:Warning: Failed to get highlighted triangle
[2014.09.22-16.20.35:849][556]LogBlendSpace:Warning: Failed to get highlighted triangle
[2014.09.22-16.20.35:879][557]LogBlendSpace:Warning: Failed to get highlighted triangle
[2014.09.22-16.20.35:911][558]LogBlendSpace:Warning: Failed to get highlighted triangle
[2014.09.22-16.20.35:937][559]LogBlendSpace:Warning: Failed to get highlighted triangle
[2014.09.22-16.20.35:970][560]LogBlendSpace:Warning: Failed to get highlighted triangle
[2014.09.22-16.20.36:000][561]LogBlendSpace:Warning: Failed to get highlighted triangle
[2014.09.22-16.20.36:029][562]LogBlendSpace:Warning: Failed to get highlighted triangle
[2014.09.22-16.20.36:058][563]LogBlendSpace:Warning: Failed to get highlighted triangle
[2014.09.22-16.20.36:091][564]LogBlendSpace:Warning: Failed to get highlighted triangle
[2014.09.22-16.20.36:119][565]LogBlendSpace:Warning: Failed to get highlighted triangle
[2014.09.22-16.20.36:147][566]LogBlendSpace:Warning: Failed to get highlighted triangle
[2014.09.22-16.20.36:179][567]LogBlendSpace:Warning: Failed to get highlighted triangle
[2014.09.22-16.20.36:204][568]LogBlendSpace:Warning: Failed to get highlighted triangle
[2014.09.22-16.20.36:232][569]LogBlendSpace:Warning: Failed to get highlighted triangle
[2014.09.22-16.20.36:265][570]LogBlendSpace:Warning: Failed to get highlighted triangle
[2014.09.22-16.20.36:296][571]LogBlendSpace:Warning: Failed to get highlighted triangle
[2014.09.22-16.20.36:326][572]LogBlendSpace:Warning: Failed to get highlighted triangle
[2014.09.22-16.20.36:353][573]LogBlendSpace:Warning: Failed to get highlighted triangle
[2014.09.22-16.20.36:381][574]LogBlendSpace:Warning: Failed to get highlighted triangle
[2014.09.22-16.20.36:408][575]LogBlendSpace:Warning: Failed to get highlighted triangle
[2014.09.22-16.20.36:441][576]LogBlendSpace:Warning: Failed to get highlighted triangle
[2014.09.22-16.20.36:476][577]LogBlendSpace:Warning: Failed to get highlighted triangle
[2014.09.22-16.20.36:501][578]LogBlendSpace:Warning: Failed to get highlighted triangle
[2014.09.22-16.20.36:526][579]LogBlendSpace:Warning: Failed to get highlighted triangle
[2014.09.22-16.20.36:560][580]LogBlendSpace:Warning: Failed to get highlighted triangle
[2014.09.22-16.20.36:585][581]LogBlendSpace:Warning: Failed to get highlighted triangle
[2014.09.22-16.20.36:614][582]LogBlendSpace:Warning: Failed to get highlighted triangle
[2014.09.22-16.20.36:649][583]LogBlendSpace:Warning: Failed to get highlighted triangle
[2014.09.22-16.20.36:676][584]LogBlendSpace:Warning: Failed to get highlighted triangle
[2014.09.22-16.20.36:702][585]LogBlendSpace:Warning: Failed to get highlighted triangle
[2014.09.22-16.20.36:741][586]LogBlendSpace:Warning: Failed to get highlighted triangle
[2014.09.22-16.20.36:773][587]LogBlendSpace:Warning: Failed to get highlighted triangle
[2014.09.22-16.20.36:805][588]LogBlendSpace:Warning: Failed to get highlighted triangle
[2014.09.22-16.20.36:839][589]LogBlendSpace:Warning: Failed to get highlighted triangle
[2014.09.22-16.20.36:872][590]LogBlendSpace:Warning: Failed to get highlighted triangle
[2014.09.22-16.20.36:903][591]LogBlendSpace:Warning: Failed to get highlighted triangle
[2014.09.22-16.20.36:939][592]LogBlendSpace:Warning: Failed to get highlighted triangle
[2014.09.22-16.20.36:971][593]LogBlendSpace:Warning: Failed to get highlighted triangle
[2014.09.22-16.20.36:998][594]LogBlendSpace:Warning: Failed to get highlighted triangle
[2014.09.22-16.20.37:032][595]LogBlendSpace:Warning: Failed to get highlighted triangle
[2014.09.22-16.20.37:066][596]LogBlendSpace:Warning: Failed to get highlighted triangle
[2014.09.22-16.20.37:097][597]LogBlendSpace:Warning: Failed to get highlighted triangle
[2014.09.22-16.20.37:137][598]LogBlendSpace:Warning: Failed to get highlighted triangle
[2014.09.22-16.20.37:166][599]LogBlendSpace:Warning: Failed to get highlighted triangle
[2014.09.22-16.20.37:196][600]LogBlendSpace:Warning: Failed to get highlighted triangle
[2014.09.22-16.20.37:230][601]LogBlendSpace:Warning: Failed to get highlighted triangle
[2014.09.22-16.20.37:259][602]LogBlendSpace:Warning: Failed to get highlighted triangle
[2014.09.22-16.20.37:287][603]LogBlendSpace:Warning: Failed to get highlighted triangle
[2014.09.22-16.20.37:316][604]LogBlendSpace:Warning: Failed to get highlighted triangle
[2014.09.22-16.20.37:349][605]LogBlendSpace:Warning: Failed to get highlighted triangle
[2014.09.22-16.20.37:382][606]LogBlendSpace:Warning: Failed to get highlighted triangle
[2014.09.22-16.20.37:416][607]LogBlendSpace:Warning: Failed to get highlighted triangle
[2014.09.22-16.20.37:445][608]LogBlendSpace:Warning: Failed to get highlighted triangle
[2014.09.22-16.20.37:469][609]LogBlendSpace:Warning: Failed to get highlighted triangle
[2014.09.22-16.20.37:505][610]LogBlendSpace:Warning: Failed to get highlighted triangle
[2014.09.22-16.20.37:531][611]LogBlendSpace:Warning: Failed to get highlighted triangle
[2014.09.22-16.20.37:565][612]LogBlendSpace:Warning: Failed to get highlighted triangle
[2014.09.22-16.20.37:598][613]LogBlendSpace:Warning: Failed to get highlighted triangle
[2014.09.22-16.20.37:625][614]LogBlendSpace:Warning: Failed to get highlighted triangle
[2014.09.22-16.20.37:657][615]LogBlendSpace:Warning: Failed to get highlighted triangle
[2014.09.22-16.20.37:691][616]LogBlendSpace:Warning: Failed to get highlighted triangle
[2014.09.22-16.20.37:719][617]LogBlendSpace:Warning: Failed to get highlighted triangle
[2014.09.22-16.20.37:749][618]LogBlendSpace:Warning: Failed to get highlighted triangle
[2014.09.22-16.20.37:790][619]LogBlendSpace:Warning: Failed to get highlighted triangle
[2014.09.22-16.20.37:819][620]LogBlendSpace:Warning: Failed to get highlighted triangle
[2014.09.22-16.20.37:849][621]LogBlendSpace:Warning: Failed to get highlighted triangle
[2014.09.22-16.20.37:878][622]LogBlendSpace:Warning: Failed to get highlighted triangle
[2014.09.22-16.20.37:903][623]LogBlendSpace:Warning: Failed to get highlighted triangle
[2014.09.22-16.20.37:928][624]LogBlendSpace:Warning: Failed to get highlighted triangle
[2014.09.22-16.20.37:957][625]LogBlendSpace:Warning: Failed to get highlighted triangle
[2014.09.22-16.20.37:987][626]LogBlendSpace:Warning: Failed to get highlighted triangle
[2014.09.22-16.20.38:017][627]LogBlendSpace:Warning: Failed to get highlighted triangle
[2014.09.22-16.20.38:046][628]LogBlendSpace:Warning: Failed to get highlighted triangle
[2014.09.22-16.20.38:073][629]LogBlendSpace:Warning: Failed to get highlighted triangle
[2014.09.22-16.20.38:101][630]LogBlendSpace:Warning: Failed to get highlighted triangle
[2014.09.22-16.20.38:133][631]LogBlendSpace:Warning: Failed to get highlighted triangle
[2014.09.22-16.20.38:161][632]LogBlendSpace:Warning: Failed to get highlighted triangle
[2014.09.22-16.20.38:187][633]LogBlendSpace:Warning: Failed to get highlighted triangle
[2014.09.22-16.20.38:216][634]LogBlendSpace:Warning: Failed to get highlighted triangle
[2014.09.22-16.20.38:244][635]LogBlendSpace:Warning: Failed to get highlighted triangle
[2014.09.22-16.20.38:274][636]LogBlendSpace:Warning: Failed to get highlighted triangle
[2014.09.22-16.20.38:302][637]LogBlendSpace:Warning: Failed to get highlighted triangle
[2014.09.22-16.20.38:338][638]LogBlendSpace:Warning: Failed to get highlighted triangle
[2014.09.22-16.20.38:367][639]LogBlendSpace:Warning: Failed to get highlighted triangle
[2014.09.22-16.20.38:400][640]LogBlendSpace:Warning: Failed to get highlighted triangle
[2014.09.22-16.20.38:438][641]LogBlendSpace:Warning: Failed to get highlighted triangle
[2014.09.22-16.20.38:472][642]LogBlendSpace:Warning: Failed to get highlighted triangle
[2014.09.22-16.20.38:509][643]LogBlendSpace:Warning: Failed to get highlighted triangle
[2014.09.22-16.20.38:559][644]LogBlendSpace:Warning: Failed to get highlighted triangle
[2014.09.22-16.20.38:601][645]LogBlendSpace:Warning: Failed to get highlighted triangle
[2014.09.22-16.20.38:636][646]LogBlendSpace:Warning: Failed to get highlighted triangle
[2014.09.22-16.20.38:670][647]LogBlendSpace:Warning: Failed to get highlighted triangle
[2014.09.22-16.20.38:712][648]LogBlendSpace:Warning: Failed to get highlighted triangle
[2014.09.22-16.20.38:751][649]LogBlendSpace:Warning: Failed to get highlighted triangle
[2014.09.22-16.20.38:786][650]LogBlendSpace:Warning: Failed to get highlighted triangle
[2014.09.22-16.20.38:821][651]LogBlendSpace:Warning: Failed to get highlighted triangle
[2014.09.22-16.20.38:854][652]LogBlendSpace:Warning: Failed to get highlighted triangle
[2014.09.22-16.20.38:892][653]LogBlendSpace:Warning: Failed to get highlighted triangle
[2014.09.22-16.20.38:921][654]LogBlendSpace:Warning: Failed to get highlighted triangle
[2014.09.22-16.20.38:950][655]LogBlendSpace:Warning: Failed to get highlighted triangle
[2014.09.22-16.20.38:984][656]LogBlendSpace:Warning: Failed to get highlighted triangle
[2014.09.22-16.20.39:014][657]LogBlendSpace:Warning: Failed to get highlighted triangle
[2014.09.22-16.20.39:045][658]LogBlendSpace:Warning: Failed to get highlighted triangle
[2014.09.22-16.20.39:074][659]LogBlendSpace:Warning: Failed to get highlighted triangle
[2014.09.22-16.20.39:115][660]LogBlendSpace:Warning: Failed to get highlighted triangle
[2014.09.22-16.20.39:152][661]LogBlendSpace:Warning: Failed to get highlighted triangle
[2014.09.22-16.20.39:183][662]LogBlendSpace:Warning: Failed to get highlighted triangle
[2014.09.22-16.20.39:214][663]LogBlendSpace:Warning: Failed to get highlighted triangle
[2014.09.22-16.20.39:248][664]LogBlendSpace:Warning: Failed to get highlighted triangle
[2014.09.22-16.20.39:291][665]LogBlendSpace:Warning: Failed to get highlighted triangle
[2014.09.22-16.20.39:329][666]LogBlendSpace:Warning: Failed to get highlighted triangle
[2014.09.22-16.20.39:360][667]LogBlendSpace:Warning: Failed to get highlighted triangle
[2014.09.22-16.20.39:386][668]LogBlendSpace:Warning: Failed to get highlighted triangle
[2014.09.22-16.20.39:418][669]LogBlendSpace:Warning: Failed to get highlighted triangle
[2014.09.22-16.20.39:450][670]LogBlendSpace:Warning: Failed to get highlighted triangle
[2014.09.22-16.20.39:482][671]LogBlendSpace:Warning: Failed to get highlighted triangle
[2014.09.22-16.20.39:516][672]LogBlendSpace:Warning: Failed to get highlighted triangle
[2014.09.22-16.20.39:548][673]LogBlendSpace:Warning: Failed to get highlighted triangle
[2014.09.22-16.20.39:578][674]LogBlendSpace:Warning: Failed to get highlighted triangle
[2014.09.22-16.20.39:609][675]LogBlendSpace:Warning: Failed to get highlighted triangle
[2014.09.22-16.20.39:646][676]LogBlendSpace:Warning: Failed to get highlighted triangle
[2014.09.22-16.20.39:688][677]LogBlendSpace:Warning: Failed to get highlighted triangle
[2014.09.22-16.20.39:717][678]LogBlendSpace:Warning: Failed to get highlighted triangle
[2014.09.22-16.20.39:749][679]LogBlendSpace:Warning: Failed to get highlighted triangle
[2014.09.22-16.20.39:778][680]LogBlendSpace:Warning: Failed to get highlighted triangle
[2014.09.22-16.20.39:808][681]LogBlendSpace:Warning: Failed to get highlighted triangle
[2014.09.22-16.20.39:844][682]LogBlendSpace:Warning: Failed to get highlighted triangle
[2014.09.22-16.20.39:874][683]LogBlendSpace:Warning: Failed to get highlighted triangle
[2014.09.22-16.20.39:899][684]LogBlendSpace:Warning: Failed to get highlighted triangle
[2014.09.22-16.21.01:591][364]LogContentBrowser:Verbose: The majority of assets in the view are of type: AnimSequence
[2014.09.22-16.21.48:865][696]BlueprintLog: New page: Compile MyCharacterBP
[2014.09.22-16.21.49:561][696]LogActorComponent: UnregisterComponent: (/Engine/Transient.CharacterMovementComponent_13) Not registered. Aborting.
[2014.09.22-16.21.49:624][696]LogParticles: Destroying 0 GPU particle simulations for FXSystem 0x0000000026F12DE0
[2014.09.22-16.21.49:624][696]LogParticles: Destroying 0 GPU particle simulations for FXSystem 0x00000000254962A0
[2014.09.22-16.21.49:625][696]LogParticles: Destroying 0 GPU particle simulations for FXSystem 0x000000002057F060
[2014.09.22-16.21.49:625][696]LogParticles: Destroying 0 GPU particle simulations for FXSystem 0x000000001CB67420
[2014.09.22-16.21.49:645][696]BlueprintEditorCompileResults: Info [4557.73] Compile of MyCharacterBP successful! [in 27 ms]
[2014.09.22-16.22.26:854][696]LogContentBrowser:Verbose: The content browser source was changed by the sources view to '/Game/Blueprints'
[2014.09.22-16.22.49:763][224]LogActorComponent: UnregisterComponent: (/Engine/Transient.CharacterMovementComponent_14) Not registered. Aborting.
[2014.09.22-16.22.49:897][224]Cmd: OBJ SAVEPACKAGE PACKAGE="/Game/Blueprints/MyCharacter" FILE="K:/UnrealProject/EpicGames/FirstGame/Content/Blueprints/MyCharacter.uasset" SILENT=true
[2014.09.22-16.22.51:067][224]LogSavePackage: Save=1100.582520ms
[2014.09.22-16.22.51:067][224]LogSavePackage: Moving 'K:/UnrealProject/EpicGames/FirstGame/Saved/MyCharacter801FECC444D214A4639945B4F6088D64.tmp' to 'K:/UnrealProject/EpicGames/FirstGame/Content/Blueprints/MyCharacter.uasset'
[2014.09.22-16.23.00:575][470]BlueprintLog: New page: Pre-PIE auto-recompile
[2014.09.22-16.23.00:576][470]LogPlayLevel: [PIE] Compiling MyCharacter before PIE...
[2014.09.22-16.23.00:727][470]LogActorComponent: UnregisterComponent: (/Engine/Transient.CharacterMovementComponent_15) Not registered. Aborting.
[2014.09.22-16.23.00:771][470]LogParticles: Destroying 0 GPU particle simulations for FXSystem 0x000000000C17F060
[2014.09.22-16.23.00:771][470]LogParticles: Destroying 0 GPU particle simulations for FXSystem 0x0000000029516200
[2014.09.22-16.23.00:772][470]LogParticles: Destroying 0 GPU particle simulations for FXSystem 0x0000000027AE45E0
[2014.09.22-16.23.00:777][470]LogPlayLevel: PIE:  Blueprint regeneration took 201 ms (1 blueprints)
[2014.09.22-16.23.00:777][470]PIE: New page: PIE session: Example_Map (Sep 22, 2014, 8:23:00 PM)
[2014.09.22-16.23.00:825][470]LogPlayLevel: PIE: StaticDuplicateObject took: (0.047697s)
[2014.09.22-16.23.00:826][470]LogPlayLevel: PIE: World Init took: (0.001068s)
[2014.09.22-16.23.00:827][470]LogPlayLevel: PIE: Created PIE world by copying editor world from /Game/Maps/Example_Map.Example_Map to /Game/Maps/UEDPIE_0_Example_Map.Example_Map (0.049076s)
[2014.09.22-16.23.00:869][470]LogWorld: Game class is 'MyGame_C'
[2014.09.22-16.23.00:873][470]LogAIModule: Creating AISystem for world Example_Map
[2014.09.22-16.23.00:876][470]LogWorld: Bringing World /Game/Maps/UEDPIE_0_Example_Map.Example_Map up for play (max tick rate 0) at 2014.09.22-18.23.00
[2014.09.22-16.23.00:877][470]LogWorld: Bringing up level for play took: 0.003911
[2014.09.22-16.23.00:881][470]PIE: Info Play in editor start time for /Game/Maps/UEDPIE_0_Example_Map -0.098
[2014.09.22-16.23.41:313][808]LogParticles: Destroying 0 GPU particle simulations for FXSystem 0x0000000029A92020
[2014.09.22-16.23.57:820][ 99]LogSlate:Warning: GetFontFace failed to load or process 'Roboto-Regular'
[2014.09.22-16.23.57:820][ 99]LogSlate:Warning: GetFontFace failed to load or process 'Roboto-Regular'
[2014.09.22-16.23.57:820][ 99]LogSlate:Warning: GetFontFace failed to load or process 'Roboto-Regular'
[2014.09.22-16.23.57:820][ 99]LogSlate:Warning: GetFontFace failed to load or process 'Roboto-Regular'
[2014.09.22-16.23.57:821][ 99]LogSlate:Warning: GetFontFace failed to load or process 'Roboto-Regular'
[2014.09.22-16.24.41:315][850]LogActorComponent: UnregisterComponent: (/Engine/Transient.CharacterMovementComponent_16) Not registered. Aborting.
[2014.09.22-16.24.50:515][  0]LogActorComponent: UnregisterComponent: (/Engine/Transient.CharacterMovementComponent_17) Not registered. Aborting.
[2014.09.22-16.24.54:655][ 63]LogActorComponent: UnregisterComponent: (/Engine/Transient.CharacterMovementComponent_18) Not registered. Aborting.
[2014.09.22-16.25.53:006][ 28]LogActorComponent: UnregisterComponent: (/Engine/Transient.CharacterMovementComponent_19) Not registered. Aborting.
[2014.09.22-16.25.53:157][ 28]Cmd: OBJ SAVEPACKAGE PACKAGE="/Game/Blueprints/MyCharacter" FILE="K:/UnrealProject/EpicGames/FirstGame/Content/Blueprints/MyCharacter.uasset" SILENT=true
[2014.09.22-16.25.55:099][ 28]LogSavePackage: Save=1369.857788ms
[2014.09.22-16.25.55:099][ 28]LogSavePackage: Moving 'K:/UnrealProject/EpicGames/FirstGame/Saved/MyCharacter00DD42AC41FC73113CA09C9DC358D378.tmp' to 'K:/UnrealProject/EpicGames/FirstGame/Content/Blueprints/MyCharacter.uasset'
[2014.09.22-16.25.55:788][ 39]BlueprintLog: New page: Compile MyCharacter
[2014.09.22-16.25.56:070][ 39]LogActorComponent: UnregisterComponent: (/Engine/Transient.CharacterMovementComponent_20) Not registered. Aborting.
[2014.09.22-16.25.56:236][ 39]BlueprintEditorCompileResults: Info [4804.30] Compile of MyCharacter successful! [in 116 ms]
[2014.09.22-16.26.02:544][186]LogPlayLevel: PIE:  No blueprints needed recompiling
[2014.09.22-16.26.02:545][186]PIE: New page: PIE session: Example_Map (Sep 22, 2014, 8:26:02 PM)
[2014.09.22-16.26.02:599][186]LogPlayLevel: PIE: StaticDuplicateObject took: (0.053818s)
[2014.09.22-16.26.02:600][186]LogPlayLevel: PIE: World Init took: (0.001396s)
[2014.09.22-16.26.02:600][186]LogPlayLevel: PIE: Created PIE world by copying editor world from /Game/Maps/Example_Map.Example_Map to /Game/Maps/UEDPIE_0_Example_Map.Example_Map (0.055650s)
[2014.09.22-16.26.02:642][186]LogWorld: Game class is 'MyGame_C'
[2014.09.22-16.26.02:645][186]LogAIModule: Creating AISystem for world Example_Map
[2014.09.22-16.26.02:649][186]LogWorld: Bringing World /Game/Maps/UEDPIE_0_Example_Map.Example_Map up for play (max tick rate 0) at 2014.09.22-18.26.02
[2014.09.22-16.26.02:649][186]LogWorld: Bringing up level for play took: 0.003910
[2014.09.22-16.26.02:654][186]PIE: Info Play in editor start time for /Game/Maps/UEDPIE_0_Example_Map -0.327
[2014.09.22-16.27.02:520][279]LogActorComponent: UnregisterComponent: (/Engine/Transient.CharacterMovementComponent_21) Not registered. Aborting.
[2014.09.22-16.27.02:586][279]LogParticles: Destroying 0 GPU particle simulations for FXSystem 0x000000002A30AFC0
[2014.09.22-21.08.59:290][316]LogParticles: Destroying 0 GPU particle simulations for FXSystem 0x000000002B47B920
[2014.09.22-21.08.59:398][317]Cmd: QUIT_EDITOR
[2014.09.22-21.08.59:744][317]LogWindowsTextInputMethodSystem:Error: Terminating failed while unadvising the language notification sink from the TSF source.
[2014.09.22-21.08.59:747][317]LogExit: Preparing to exit.
[2014.09.22-21.09.00:343][317]LogExit: Editor shut down
[2014.09.22-21.09.00:344][317]LogExit: Transaction tracking system shut down
[2014.09.22-21.09.00:345][317]LogParticles: Destroying 0 GPU particle simulations for FXSystem 0x000000000EA9CC20
[2014.09.22-21.09.00:346][317]LogParticles: Destroying 0 GPU particle simulations for FXSystem 0x000000002419B100
[2014.09.22-21.09.00:396][317]LogParticles: Destroying 0 GPU particle simulations for FXSystem 0x0000000027AE7880
[2014.09.22-21.09.00:396][317]LogExit: Object subsystem successfully closed.
[2014.09.22-21.09.00:455][317]LogModuleManager: Shutting down and abandoning module ExternalImagePicker (162)
[2014.09.22-21.09.00:455][317]LogModuleManager: Shutting down and abandoning module AndroidDeviceDetection (161)
[2014.09.22-21.09.00:455][317]LogModuleManager: Shutting down and abandoning module HTTP (160)
[2014.09.22-21.09.00:455][317]LogModuleManager: Shutting down and abandoning module CrashTracker (159)
[2014.09.22-21.09.00:455][317]LogModuleManager: Shutting down and abandoning module SuperSearch (158)
[2014.09.22-21.09.00:455][317]LogModuleManager: Shutting down and abandoning module SceneOutliner (157)
[2014.09.22-21.09.00:455][317]LogModuleManager: Shutting down and abandoning module EditorWidgets (156)
[2014.09.22-21.09.00:455][317]LogModuleManager: Shutting down and abandoning module CollectionManager (155)
[2014.09.22-21.09.00:455][317]LogModuleManager: Shutting down and abandoning module StatsViewer (154)
[2014.09.22-21.09.00:455][317]LogModuleManager: Shutting down and abandoning module FoliageEdit (153)
[2014.09.22-21.09.00:455][317]LogModuleManager: Shutting down and abandoning module LandscapeEditor (152)
[2014.09.22-21.09.00:455][317]LogModuleManager: Shutting down and abandoning module MeshPaint (151)
[2014.09.22-21.09.00:456][317]LogModuleManager: Shutting down and abandoning module ActorPickerMode (150)
[2014.09.22-21.09.00:456][317]LogModuleManager: Shutting down and abandoning module GeometryMode (149)
[2014.09.22-21.09.00:456][317]LogModuleManager: Shutting down and abandoning module TextureAlignMode (148)
[2014.09.22-21.09.00:456][317]LogModuleManager: Shutting down and abandoning module BspMode (147)
[2014.09.22-21.09.00:456][317]LogModuleManager: Shutting down and abandoning module PlacementMode (146)
[2014.09.22-21.09.00:456][317]LogModuleManager: Shutting down and abandoning module DesktopPlatform (145)
[2014.09.22-21.09.00:456][317]LogModuleManager: Shutting down and abandoning module AutomationWorker (144)
[2014.09.22-21.09.00:456][317]LogModuleManager: Shutting down and abandoning module EditorLiveStreaming (143)
[2014.09.22-21.09.00:456][317]LogModuleManager: Shutting down and abandoning module BehaviorTreeEditor (142)
[2014.09.22-21.09.00:456][317]LogModuleManager: Shutting down and abandoning module DeviceProfileEditor (141)
[2014.09.22-21.09.00:456][317]LogModuleManager: Shutting down and abandoning module UndoHistory (140)
[2014.09.22-21.09.00:456][317]LogModuleManager: Shutting down and abandoning module GameplayTagsEditor (139)
[2014.09.22-21.09.00:456][317]LogModuleManager: Shutting down and abandoning module UserFeedback (138)
[2014.09.22-21.09.00:456][317]LogModuleManager: Shutting down and abandoning module XmlParser (137)
[2014.09.22-21.09.00:456][317]LogModuleManager: Shutting down and abandoning module Blutility (136)
[2014.09.22-21.09.00:456][317]LogModuleManager: Shutting down and abandoning module IOSPlatformEditor (135)
[2014.09.22-21.09.00:456][317]LogModuleManager: Shutting down and abandoning module IOSRuntimeSettings (134)
[2014.09.22-21.09.00:456][317]LogModuleManager: Shutting down and abandoning module AndroidPlatformEditor (133)
[2014.09.22-21.09.00:456][317]LogModuleManager: Shutting down and abandoning module AndroidRuntimeSettings (132)
[2014.09.22-21.09.00:456][317]LogModuleManager: Shutting down and abandoning module ProjectTargetPlatformEditor (131)
[2014.09.22-21.09.00:456][317]LogModuleManager: Shutting down and abandoning module ProjectSettingsViewer (130)
[2014.09.22-21.09.00:456][317]LogModuleManager: Shutting down and abandoning module InputBindingEditor (129)
[2014.09.22-21.09.00:456][317]LogModuleManager: Shutting down and abandoning module EditorSettingsViewer (128)
[2014.09.22-21.09.00:457][317]LogModuleManager: Shutting down and abandoning module SettingsEditor (127)
[2014.09.22-21.09.00:457][317]LogModuleManager: Shutting down and abandoning module SessionLauncher (126)
[2014.09.22-21.09.00:457][317]LogModuleManager: Shutting down and abandoning module SessionFrontend (125)
[2014.09.22-21.09.00:457][317]LogModuleManager: Shutting down and abandoning module ProfilerClient (124)
[2014.09.22-21.09.00:457][317]LogModuleManager: Shutting down and abandoning module TargetDeviceServices (123)
[2014.09.22-21.09.00:457][317]LogModuleManager: Shutting down and abandoning module DeviceManager (122)
[2014.09.22-21.09.00:457][317]LogModuleManager: Shutting down and abandoning module AutomationController (121)
[2014.09.22-21.09.00:457][317]LogModuleManager: Shutting down and abandoning module AutomationWindow (120)
[2014.09.22-21.09.00:457][317]LogModuleManager: Shutting down and abandoning module Layers (119)
[2014.09.22-21.09.00:457][317]LogModuleManager: Shutting down and abandoning module ComponentVisualizers (118)
[2014.09.22-21.09.00:457][317]LogModuleManager: Shutting down and abandoning module DetailCustomizations (117)
[2014.09.22-21.09.00:457][317]LogModuleManager: Shutting down and abandoning module PackagesDialog (116)
[2014.09.22-21.09.00:457][317]LogModuleManager: Shutting down and abandoning module DirectoryWatcher (115)
[2014.09.22-21.09.00:458][317]LogModuleManager: Shutting down and abandoning module AssetRegistry (114)
[2014.09.22-21.09.00:598][317]LogModuleManager: Shutting down and abandoning module Persona (113)
[2014.09.22-21.09.00:598][317]LogModuleManager: Shutting down and abandoning module GraphEditor (112)
[2014.09.22-21.09.00:598][317]LogModuleManager: Shutting down and abandoning module ClassViewer (111)
[2014.09.22-21.09.00:598][317]LogModuleManager: Shutting down and abandoning module Toolbox (110)
[2014.09.22-21.09.00:598][317]LogModuleManager: Shutting down and abandoning module ModuleUI (109)
[2014.09.22-21.09.00:598][317]LogModuleManager: Shutting down and abandoning module MovieSceneTools (108)
[2014.09.22-21.09.00:598][317]LogModuleManager: Shutting down and abandoning module OutputLog (107)
[2014.09.22-21.09.00:598][317]LogModuleManager: Shutting down and abandoning module GammaUI (106)
[2014.09.22-21.09.00:598][317]LogModuleManager: Shutting down and abandoning module Documentation (105)
[2014.09.22-21.09.00:599][317]LogModuleManager: Shutting down and abandoning module GameLiveStreaming (104)
[2014.09.22-21.09.00:599][317]LogModuleManager: Shutting down and abandoning module StreamingPauseRendering (103)
[2014.09.22-21.09.00:599][317]LogModuleManager: Shutting down and abandoning module AnalyticsET (102)
[2014.09.22-21.09.00:599][317]LogModuleManager: Shutting down and abandoning module Analytics (101)
[2014.09.22-21.09.00:599][317]LogModuleManager: Shutting down and abandoning module GameplayDebugger (100)
[2014.09.22-21.09.00:599][317]LogModuleManager: Shutting down and abandoning module AIModule (99)
[2014.09.22-21.09.00:599][317]LogModuleManager: Shutting down and abandoning module ProfilerService (98)
[2014.09.22-21.09.00:766][317]LogModuleManager: Shutting down and abandoning module TaskGraph (97)
[2014.09.22-21.09.00:766][317]LogModuleManager: Shutting down and abandoning module SlateRemote (96)
[2014.09.22-21.09.00:766][317]LogModuleManager: Shutting down and abandoning module ScriptEditorPlugin (95)
[2014.09.22-21.09.00:766][317]LogModuleManager: Shutting down and abandoning module CustomMeshComponent (94)
[2014.09.22-21.09.00:766][317]LogModuleManager: Shutting down and abandoning module CableComponent (93)
[2014.09.22-21.09.00:766][317]LogModuleManager: Shutting down and abandoning module MessagingDebugger (92)
[2014.09.22-21.09.00:766][317]LogModuleManager: Shutting down and abandoning module ViewportSnapping (91)
[2014.09.22-21.09.00:766][317]LogModuleManager: Shutting down and abandoning module SmartSnapping (90)
[2014.09.22-21.09.00:766][317]LogModuleManager: Shutting down and abandoning module PaperTiledImporter (89)
[2014.09.22-21.09.00:766][317]LogModuleManager: Shutting down and abandoning module PaperJsonImporter (88)
[2014.09.22-21.09.00:766][317]LogModuleManager: Shutting down and abandoning module GameProjectGeneration (87)
[2014.09.22-21.09.00:766][317]LogModuleManager: Shutting down and abandoning module Matinee (86)
[2014.09.22-21.09.00:766][317]LogModuleManager: Shutting down and abandoning module Kismet (85)
[2014.09.22-21.09.00:766][317]LogModuleManager: Shutting down and abandoning module SlateReflector (84)
[2014.09.22-21.09.00:766][317]LogModuleManager: Shutting down and abandoning module LevelEditor (83)
[2014.09.22-21.09.00:769][317]LogModuleManager: Shutting down and abandoning module IntroTutorials (82)
[2014.09.22-21.09.00:769][317]LogModuleManager: Shutting down and abandoning module ContentBrowser (81)
[2014.09.22-21.09.00:769][317]LogModuleManager: Shutting down and abandoning module PropertyEditor (80)
[2014.09.22-21.09.00:769][317]LogModuleManager: Shutting down and abandoning module Paper2DEditor (79)
[2014.09.22-21.09.00:769][317]LogModuleManager: Shutting down and abandoning module SpeedTreeImporter (78)
[2014.09.22-21.09.00:769][317]LogModuleManager: Shutting down and abandoning module PluginsEditor (77)
[2014.09.22-21.09.00:769][317]LogModuleManager: Shutting down and abandoning module MainFrame (76)
[2014.09.22-21.09.00:769][317]LogModuleManager: Shutting down and abandoning module EpicSurvey (75)
[2014.09.22-21.09.00:769][317]LogModuleManager: Shutting down and abandoning module VisualStudioSourceCodeAccess (74)
[2014.09.22-21.09.00:770][317]LogModuleManager: Shutting down and abandoning module UObjectPlugin (73)
[2014.09.22-21.09.00:770][317]LogModuleManager: Shutting down and abandoning module SubversionSourceControl (72)
[2014.09.22-21.09.00:770][317]LogModuleManager: Shutting down and abandoning module SourceControl (71)
[2014.09.22-21.09.00:770][317]LogModuleManager: Shutting down and abandoning module PerforceSourceControl (70)
[2014.09.22-21.09.00:770][317]LogModuleManager: Shutting down and abandoning module BlankPlugin (69)
[2014.09.22-21.09.00:770][317]LogModuleManager: Shutting down and abandoning module ScriptPlugin (68)
[2014.09.22-21.09.00:770][317]LogModuleManager: Shutting down and abandoning module UdpMessaging (67)
[2014.09.22-21.09.00:870][317]LogModuleManager: Shutting down and abandoning module Paper2D (66)
[2014.09.22-21.09.00:870][317]LogModuleManager: Shutting down and abandoning module WindowsMoviePlayer (65)
[2014.09.22-21.09.00:878][317]LogModuleManager: Shutting down and abandoning module ImageWrapper (64)
[2014.09.22-21.09.00:878][317]LogModuleManager: Shutting down and abandoning module OnlineBlueprintSupport (63)
[2014.09.22-21.09.00:878][317]LogModuleManager: Shutting down and abandoning module FunctionalTesting (62)
[2014.09.22-21.09.00:878][317]LogModuleManager: Shutting down and abandoning module CollisionAnalyzer (61)
[2014.09.22-21.09.00:878][317]LogModuleManager: Shutting down and abandoning module WorkspaceMenuStructure (60)
[2014.09.22-21.09.00:878][317]LogModuleManager: Shutting down and abandoning module MessageLog (59)
[2014.09.22-21.09.00:878][317]LogModuleManager: Shutting down and abandoning module Sequencer (58)
[2014.09.22-21.09.00:878][317]LogModuleManager: Shutting down and abandoning module AssetTools (57)
[2014.09.22-21.09.00:879][317]LogModuleManager: Shutting down and abandoning module UMGEditor (56)
[2014.09.22-21.09.00:879][317]LogModuleManager: Shutting down and abandoning module UMG (55)
[2014.09.22-21.09.00:879][317]LogModuleManager: Shutting down and abandoning module Slate (54)
[2014.09.22-21.09.00:879][317]LogModuleManager: Shutting down and abandoning module EditorStyle (53)
[2014.09.22-21.09.00:883][317]LogModuleManager: Shutting down and abandoning module SessionServices (52)
[2014.09.22-21.09.00:883][317]LogModuleManager: Shutting down and abandoning module SourceCodeAccess (51)
[2014.09.22-21.09.00:883][317]LogModuleManager: Shutting down and abandoning module HeadMountedDisplay (50)
[2014.09.22-21.09.00:883][317]LogModuleManager: Shutting down and abandoning module XAudio2 (49)
[2014.09.22-21.09.00:883][317]LogModuleManager: Shutting down and abandoning module Networking (47)
[2014.09.22-21.09.00:883][317]LogModuleManager: Shutting down and abandoning module Core (46)
[2014.09.22-21.09.00:883][317]LogModuleManager: Shutting down and abandoning module KismetCompiler (45)
[2014.09.22-21.09.00:883][317]LogModuleManager: Shutting down and abandoning module PhysXFormats (44)
[2014.09.22-21.09.00:883][317]LogModuleManager: Shutting down and abandoning module MeshUtilities (43)
[2014.09.22-21.09.00:883][317]LogModuleManager: Shutting down and abandoning module DerivedDataCache (42)
[2014.09.22-21.09.00:979][317]LogDerivedDataCache: Shutdown
[2014.09.22-21.09.00:979][317]LogModuleManager: Shutting down and abandoning module ShaderFormatOpenGL (41)
[2014.09.22-21.09.00:979][317]LogModuleManager: Shutting down and abandoning module ShaderFormatD3D (40)
[2014.09.22-21.09.00:979][317]LogModuleManager: Shutting down and abandoning module MetalShaderFormat (39)
[2014.09.22-21.09.00:979][317]LogModuleManager: Shutting down and abandoning module TextureFormatUncompressed (38)
[2014.09.22-21.09.00:979][317]LogModuleManager: Shutting down and abandoning module TextureFormatPVR (37)
[2014.09.22-21.09.00:979][317]LogModuleManager: Shutting down and abandoning module TextureFormatDXT (36)
[2014.09.22-21.09.00:979][317]LogModuleManager: Shutting down and abandoning module TextureFormatAndroid (35)
[2014.09.22-21.09.00:979][317]LogModuleManager: Shutting down and abandoning module AudioFormatOpus (34)
[2014.09.22-21.09.00:979][317]LogModuleManager: Shutting down and abandoning module AudioFormatOgg (33)
[2014.09.22-21.09.00:979][317]LogModuleManager: Shutting down and abandoning module AudioFormatADPCM (32)
[2014.09.22-21.09.00:979][317]LogModuleManager: Shutting down and abandoning module Messaging (31)
[2014.09.22-21.09.00:979][317]LogModuleManager: Shutting down and abandoning module IOSTargetPlatform (30)
[2014.09.22-21.09.00:979][317]LogModuleManager: Shutting down and abandoning module Android_PVRTCTargetPlatform (29)
[2014.09.22-21.09.00:979][317]LogModuleManager: Shutting down and abandoning module Android_ETC2TargetPlatform (28)
[2014.09.22-21.09.00:979][317]LogModuleManager: Shutting down and abandoning module Android_ETC1TargetPlatform (27)
[2014.09.22-21.09.00:979][317]LogModuleManager: Shutting down and abandoning module Android_DXTTargetPlatform (26)
[2014.09.22-21.09.00:979][317]LogModuleManager: Shutting down and abandoning module Android_ATCTargetPlatform (25)
[2014.09.22-21.09.00:979][317]LogModuleManager: Shutting down and abandoning module AndroidTargetPlatform (24)
[2014.09.22-21.09.00:979][317]LogModuleManager: Shutting down and abandoning module WindowsTargetPlatform (23)
[2014.09.22-21.09.00:979][317]LogModuleManager: Shutting down and abandoning module WindowsServerTargetPlatform (22)
[2014.09.22-21.09.00:979][317]LogModuleManager: Shutting down and abandoning module WindowsNoEditorTargetPlatform (21)
[2014.09.22-21.09.00:979][317]LogModuleManager: Shutting down and abandoning module WindowsClientTargetPlatform (20)
[2014.09.22-21.09.00:979][317]LogModuleManager: Shutting down and abandoning module TargetPlatform (19)
[2014.09.22-21.09.00:979][317]LogModuleManager: Shutting down and abandoning module InputCore (18)
[2014.09.22-21.09.00:980][317]LogModuleManager: Shutting down and abandoning module Settings (17)
[2014.09.22-21.09.00:980][317]LogModuleManager: Shutting down and abandoning module ExampleDeviceProfileSelector (14)
[2014.09.22-21.09.00:980][317]LogModuleManager: Shutting down and abandoning module OculusRift (13)
[2014.09.22-21.09.00:980][317]LogModuleManager: Shutting down and abandoning module TextureCompressor (12)
[2014.09.22-21.09.00:980][317]LogModuleManager: Shutting down and abandoning module ShaderCore (11)
[2014.09.22-21.09.00:980][317]LogModuleManager: Shutting down and abandoning module OpenGLDrv (10)
[2014.09.22-21.09.00:980][317]LogModuleManager: Shutting down and abandoning module D3D11RHI (9)
[2014.09.22-21.09.00:980][317]LogModuleManager: Shutting down and abandoning module SlateRHIRenderer (8)
[2014.09.22-21.09.00:980][317]LogModuleManager: Shutting down and abandoning module Renderer (7)
[2014.09.22-21.09.00:980][317]LogModuleManager: Shutting down and abandoning module Engine (6)
[2014.09.22-21.09.00:980][317]LogModuleManager: Shutting down and abandoning module CoreUObject (5)
[2014.09.22-21.09.00:980][317]LogModuleManager: Shutting down and abandoning module NetworkFile (4)
[2014.09.22-21.09.00:980][317]LogModuleManager: Shutting down and abandoning module StreamingFile (3)
[2014.09.22-21.09.00:980][317]LogModuleManager: Shutting down and abandoning module SandboxFile (2)
[2014.09.22-21.09.00:980][317]LogModuleManager: Shutting down and abandoning module PakFile (1)
[2014.09.22-21.09.00:981][317]LogExit: Exiting.
[2014.09.22-21.09.00:987][317]Log file closed, 09/22/14 23:09:00
