Log file open, 09/21/14 12:50:20
LogInit:Display: Running engine for game: FirstGame
LogInit: Version: 4.4.3-2296771+++depot+UE4-Releases+4.4
LogInit: API Version: 2255576
LogInit: Compiled (64-bit): Sep 13 2014 22:30:58
LogInit: Build Configuration: Development
LogInit: Branch Name: ++depot+UE4-Releases+4.4
LogInit: Command line:  
LogInit: Base directory: M:/UDK/Unreal Engine/4.4/Engine/Binaries/Win64/
LogInit: Rocket: 1
[2014.09.21-10.50.20:378][  0]LogTaskGraph: Started task graph with 3 named threads and 4 total threads.
[2014.09.21-10.50.20:414][  0]LogOnline:Warning: No default platform service specified for OnlineSubsystem
[2014.09.21-10.50.20:433][  0]LogInit: Presizing for 0 objects not considered by GC, pre-allocating 0 bytes.
[2014.09.21-10.50.20:451][  0]LogInit: Object subsystem initialized
[2014.09.21-10.50.20:457][  0]LogInit: Selected Device Profile: [Windows]
[2014.09.21-10.50.20:457][  0]LogInit: Applying CVar settings loaded from the selected device profile: [Windows]
[2014.09.21-10.50.20:468][  0]LogInit: Computer: ADMIN-PC
[2014.09.21-10.50.20:468][  0]LogInit: User: admin
[2014.09.21-10.50.20:470][  0]LogInit: CPU Page size=4096, Cores=4
[2014.09.21-10.50.20:470][  0]LogInit: High frequency timer resolution =3.326103 MHz
[2014.09.21-10.50.20:470][  0]LogMemory: Memory total: Physical=15.9GB (16GB approx) Virtual=8192.0GB
[2014.09.21-10.50.20:471][  0]LogMemory: Platform Memory Stats for Windows
[2014.09.21-10.50.20:471][  0]LogMemory: Process Physical Memory: 62.64 MB used, 62.64 MB peak
[2014.09.21-10.50.20:471][  0]LogMemory: Process Virtual Memory: 38.28 MB used, 38.28 MB peak
[2014.09.21-10.50.20:471][  0]LogMemory: Physical Memory: 4748.49 MB used, 16320.65 MB total
[2014.09.21-10.50.20:471][  0]LogMemory: Virtual Memory: 261.14 MB used, 8388608.00 MB total
[2014.09.21-10.50.20:562][  0]LogD3D11RHI: Found D3D11 adapter 0: NVIDIA GeForce GTX 770 (Feature Level 11_0)
[2014.09.21-10.50.20:562][  0]LogD3D11RHI: Adapter has 1990MB of dedicated video memory, 0MB of dedicated system memory, and 2048MB of shared system memory, 1 output[s]
[2014.09.21-10.50.20:562][  0]LogD3D11RHI: Chosen D3D11 Adapter Id = 0
[2014.09.21-10.50.20:576][  0]LogRHI: Texture pool is 1361 MB (70% of 1945 MB)
[2014.09.21-10.50.20:600][  0]LogD3D11RHI: Async texture creation enabled
[2014.09.21-10.50.20:671][  0]LogTextLocalizationManager:Warning: The selected culture 'de_DE' is not available; falling back to 'en'
[2014.09.21-10.50.20:881][  0]LogContentStreaming: Texture pool size is 0.000000MB
[2014.09.21-10.50.32:280][  0]LogTargetPlatformManager:Display: Building Assets For Windows
[2014.09.21-10.50.33:372][  0]LogTargetPlatformManager:Display: Building Assets For Windows
[2014.09.21-10.50.33:451][  0]LogDerivedDataCache:Display: Max Cache Size: 512 MB
[2014.09.21-10.50.33:529][  0]LogDerivedDataCache: Loaded boot cache 0.08s 39MB C:/Users/admin/AppData/Local/UnrealEngine/4.4/DerivedDataCache/Boot.ddc.
[2014.09.21-10.50.33:529][  0]LogDerivedDataCache:Display: Loaded Boot cache: C:/Users/admin/AppData/Local/UnrealEngine/4.4/DerivedDataCache/Boot.ddc
[2014.09.21-10.50.33:529][  0]LogDerivedDataCache: FDerivedDataBackendGraph:  Pak pak cache file K:/UnrealProject/EpicGames/FirstGame/DerivedDataCache/DDC.ddp not found, will not use a pak cache.
[2014.09.21-10.50.33:529][  0]LogDerivedDataCache: Unable to find inner node Pak for hierarchical cache Hierarchy.
[2014.09.21-10.50.33:576][  0]LogDerivedDataCache:Display: Pak cache opened for reading ../../../Engine/DerivedDataCache/DDC.ddp.
[2014.09.21-10.50.33:588][  0]LogDerivedDataCache: Using Local data cache path C:/Users/admin/AppData/Local/UnrealEngine/4.4/DerivedDataCache: Writable
[2014.09.21-10.50.33:941][  0]LogMeshUtilities: No automatic mesh reduction module available
[2014.09.21-10.50.33:941][  0]LogMeshUtilities: No automatic mesh merging module available
[2014.09.21-10.50.34:597][  0]LogInit: WinSock: version 1.1 (2.2), MaxSocks=32767, MaxUdp=65467
[2014.09.21-10.50.36:575][  0]LogStats:Warning: MetaData mismatch. Did you assign a stat to two groups? New //STATGROUP_Threads//FMonitoredProcess///Thread_964_0///////STATCAT_Advanced//// old //STATGROUP_Threads//FMonitoredProcess///Thread_19c8_0///////STATCAT_Advanced////
[2014.09.21-10.50.36:575][  0]UdpMessaging: Initializing bridge on interface 0.0.0.0:0 to multicast group 230.0.0.1:6666.
[2014.09.21-10.50.36:740][  0]SourceControl: Info Source control is disabled
[2014.09.21-10.50.36:740][  0]SourceControl: Info Source control is disabled
[2014.09.21-10.50.36:754][  0]SourceControl: Info Source control is disabled
[2014.09.21-10.50.37:141][  0]BlueprintLog: New page: Editor Load
[2014.09.21-10.50.37:341][  0]LogObj: 21438 objects as part of root set at end of initial load.
[2014.09.21-10.50.37:341][  0]LogUObjectAllocator: 4218656 out of 0 bytes used by permanent object pool.
[2014.09.21-10.50.37:934][  0]LogEngine: Initializing Engine...
[2014.09.21-10.50.38:227][  0]LogInit: XAudio2 using 'Lautsprecher (2- Logitech USB Headset)' : 2 channels at 44.1 kHz using 16 bits per sample (channel mask 0x3)
[2014.09.21-10.50.38:482][  0]LogInit: FAudioDevice initialized.
[2014.09.21-10.50.38:519][  0]LogAIModule: Creating AISystem for world NewWorld
[2014.09.21-10.50.38:569][  0]LogDerivedDataCache: Saved boot cache 0.05s 39MB C:/Users/admin/AppData/Local/UnrealEngine/4.4/DerivedDataCache/Boot.ddc.
[2014.09.21-10.50.38:577][  0]LogInit: Texture streaming: Enabled
[2014.09.21-10.50.38:632][  0]LogInit: Transaction tracking system initialized
[2014.09.21-10.50.38:810][  0]LogAssetRegistry: FAssetRegistry took 0.0105 seconds to start up
[2014.09.21-10.50.39:815][  0]LogTargetPlatformManager:Display: Building Assets For Windows
[2014.09.21-10.50.40:385][  0]LogTargetPlatformManager:Display: Building Assets For Windows
[2014.09.21-10.50.40:546][  0]LogConsoleResponse:Display: 
[2014.09.21-10.50.40:766][  0]LogStats:Warning: MetaData mismatch. Did you assign a stat to two groups? New //STATGROUP_Threads//FMonitoredProcess///Thread_109c_0///////STATCAT_Advanced//// old //STATGROUP_Threads//FMonitoredProcess///Thread_19c8_0///////STATCAT_Advanced////
[2014.09.21-10.50.40:766][  0]LogStats:Warning: MetaData mismatch. Did you assign a stat to two groups? New //STATGROUP_Threads//FMonitoredProcess///Thread_203c_0///////STATCAT_Advanced//// old //STATGROUP_Threads//FMonitoredProcess///Thread_19c8_0///////STATCAT_Advanced////
[2014.09.21-10.50.40:766][  0]SourceControl: Info Source control is disabled
[2014.09.21-10.50.40:766][  0]Cmd: MAP LOAD FILE="K:/UnrealProject/EpicGames/FirstGame/Content/Maps/Example_Map.umap" TEMPLATE=0 SHOWPROGRESS=1
[2014.09.21-10.50.40:767][  0]LightingResults: New page: Lighting Build
[2014.09.21-10.50.40:780][  0]MapCheck: New page: Map Check
[2014.09.21-10.50.40:780][  0]LightingResults: New page: Lighting Build
[2014.09.21-10.50.40:802][  0]LogParticles: Destroying 0 GPU particle simulations for FXSystem 0x0000000012DE8360
[2014.09.21-10.50.41:101][  0]LogEditorServer: Finished looking for orphan Actors (0.000 secs)
[2014.09.21-10.50.41:101][  0]LogAIModule: Creating AISystem for world Example_Map
[2014.09.21-10.50.41:102][  0]Cmd: MAP CHECKDEP
[2014.09.21-10.50.41:102][  0]MapCheck: New page: Example_Map - Sep 21, 2014, 2:50:41 PM
[2014.09.21-10.50.41:178][  0]MapCheck: Info ========== Map Check: 0 Error(s), 0 Warning(s), [75.907ms] ==========
[2014.09.21-10.50.41:178][  0]LogFileHelpers: Loading map 'Example_Map' took 0.412
[2014.09.21-10.50.41:303][  0]LogCollectionManager: Loaded 0 collections in 0.001701 seconds
[2014.09.21-10.50.41:428][  0]LogCrashTracker: Crashtracker disabled due to settings.
[2014.09.21-10.50.41:499][  0]LogLoad: Full Startup: 24.06 seconds (BP compile: 0.10 seconds)
[2014.09.21-10.50.41:519][  0]LogContentBrowser:Verbose: The content browser source was changed by the sources view to '/Game/Animations/Blueprints'
[2014.09.21-10.50.41:776][  0]LogRenderer:Warning: Reallocating scene render targets to support 840x872.
[2014.09.21-10.50.42:221][  6]LogAssetRegistry: Asset discovery search completed in 3.4220 seconds
[2014.09.21-10.52.10:636][690]LogContentBrowser:Verbose: The content browser source was changed by the sources view to '/Game/Animations/Mycharacter'
[2014.09.21-10.54.29:117][279]LogFactory: FactoryCreateBinary: StaticMesh with FbxFactory (0 0 M:\Character\character 1\t-pose_5@rifle_run.fbx)
[2014.09.21-10.54.29:424][279]LogFbx: ItemName: GlobalSettings, ItemCount : 1
[2014.09.21-10.54.29:424][279]LogFbx: ItemName: NodeAttribute, ItemCount : 65
[2014.09.21-10.54.29:424][279]LogFbx: ItemName: Model, ItemCount : 65
[2014.09.21-10.54.29:424][279]LogFbx: ItemName: Pose, ItemCount : 1
[2014.09.21-10.54.29:424][279]LogFbx: ItemName: AnimationStack, ItemCount : 2
[2014.09.21-10.54.29:424][279]LogFbx: ItemName: AnimationLayer, ItemCount : 2
[2014.09.21-10.54.29:424][279]LogFbx: ItemName: AnimationCurveNode, ItemCount : 133
[2014.09.21-10.54.29:424][279]LogFbx: ItemName: AnimationCurve, ItemCount : 702
[2014.09.21-10.54.40:155][279]LogFbx: Loading FBX Scene from M:\Character\character 1\t-pose_5@rifle_run.fbx
[2014.09.21-10.54.40:394][279]LogFbx: FBX Scene Loaded Succesfully
[2014.09.21-10.54.40:417][279]LogFbx: SortedLinks :(0) Hips
[2014.09.21-10.54.40:417][279]LogFbx: SortedLinks :(1) Spine
[2014.09.21-10.54.40:417][279]LogFbx: SortedLinks :(2) Spine1
[2014.09.21-10.54.40:417][279]LogFbx: SortedLinks :(3) Spine2
[2014.09.21-10.54.40:417][279]LogFbx: SortedLinks :(4) Neck
[2014.09.21-10.54.40:417][279]LogFbx: SortedLinks :(5) Head
[2014.09.21-10.54.40:417][279]LogFbx: SortedLinks :(6) HeadTop_End
[2014.09.21-10.54.40:417][279]LogFbx: SortedLinks :(7) LeftShoulder
[2014.09.21-10.54.40:417][279]LogFbx: SortedLinks :(8) LeftArm
[2014.09.21-10.54.40:417][279]LogFbx: SortedLinks :(9) LeftForeArm
[2014.09.21-10.54.40:417][279]LogFbx: SortedLinks :(10) LeftHand
[2014.09.21-10.54.40:417][279]LogFbx: SortedLinks :(11) LeftHandThumb1
[2014.09.21-10.54.40:417][279]LogFbx: SortedLinks :(12) LeftHandThumb2
[2014.09.21-10.54.40:417][279]LogFbx: SortedLinks :(13) LeftHandThumb3
[2014.09.21-10.54.40:417][279]LogFbx: SortedLinks :(14) LeftHandThumb4
[2014.09.21-10.54.40:417][279]LogFbx: SortedLinks :(15) LeftHandIndex1
[2014.09.21-10.54.40:417][279]LogFbx: SortedLinks :(16) LeftHandIndex2
[2014.09.21-10.54.40:417][279]LogFbx: SortedLinks :(17) LeftHandIndex3
[2014.09.21-10.54.40:417][279]LogFbx: SortedLinks :(18) LeftHandIndex4
[2014.09.21-10.54.40:417][279]LogFbx: SortedLinks :(19) LeftHandMiddle1
[2014.09.21-10.54.40:417][279]LogFbx: SortedLinks :(20) LeftHandMiddle2
[2014.09.21-10.54.40:417][279]LogFbx: SortedLinks :(21) LeftHandMiddle3
[2014.09.21-10.54.40:417][279]LogFbx: SortedLinks :(22) LeftHandMiddle4
[2014.09.21-10.54.40:417][279]LogFbx: SortedLinks :(23) LeftHandRing1
[2014.09.21-10.54.40:417][279]LogFbx: SortedLinks :(24) LeftHandRing2
[2014.09.21-10.54.40:417][279]LogFbx: SortedLinks :(25) LeftHandRing3
[2014.09.21-10.54.40:417][279]LogFbx: SortedLinks :(26) LeftHandRing4
[2014.09.21-10.54.40:417][279]LogFbx: SortedLinks :(27) LeftHandPinky1
[2014.09.21-10.54.40:417][279]LogFbx: SortedLinks :(28) LeftHandPinky2
[2014.09.21-10.54.40:417][279]LogFbx: SortedLinks :(29) LeftHandPinky3
[2014.09.21-10.54.40:417][279]LogFbx: SortedLinks :(30) LeftHandPinky4
[2014.09.21-10.54.40:417][279]LogFbx: SortedLinks :(31) RightShoulder
[2014.09.21-10.54.40:417][279]LogFbx: SortedLinks :(32) RightArm
[2014.09.21-10.54.40:417][279]LogFbx: SortedLinks :(33) RightForeArm
[2014.09.21-10.54.40:417][279]LogFbx: SortedLinks :(34) RightHand
[2014.09.21-10.54.40:417][279]LogFbx: SortedLinks :(35) RightHandThumb1
[2014.09.21-10.54.40:417][279]LogFbx: SortedLinks :(36) RightHandThumb2
[2014.09.21-10.54.40:417][279]LogFbx: SortedLinks :(37) RightHandThumb3
[2014.09.21-10.54.40:417][279]LogFbx: SortedLinks :(38) RightHandThumb4
[2014.09.21-10.54.40:417][279]LogFbx: SortedLinks :(39) RightHandIndex1
[2014.09.21-10.54.40:417][279]LogFbx: SortedLinks :(40) RightHandIndex2
[2014.09.21-10.54.40:417][279]LogFbx: SortedLinks :(41) RightHandIndex3
[2014.09.21-10.54.40:417][279]LogFbx: SortedLinks :(42) RightHandIndex4
[2014.09.21-10.54.40:417][279]LogFbx: SortedLinks :(43) RightHandMiddle1
[2014.09.21-10.54.40:418][279]LogFbx: SortedLinks :(44) RightHandMiddle2
[2014.09.21-10.54.40:418][279]LogFbx: SortedLinks :(45) RightHandMiddle3
[2014.09.21-10.54.40:418][279]LogFbx: SortedLinks :(46) RightHandMiddle4
[2014.09.21-10.54.40:418][279]LogFbx: SortedLinks :(47) RightHandRing1
[2014.09.21-10.54.40:418][279]LogFbx: SortedLinks :(48) RightHandRing2
[2014.09.21-10.54.40:418][279]LogFbx: SortedLinks :(49) RightHandRing3
[2014.09.21-10.54.40:418][279]LogFbx: SortedLinks :(50) RightHandRing4
[2014.09.21-10.54.40:418][279]LogFbx: SortedLinks :(51) RightHandPinky1
[2014.09.21-10.54.40:418][279]LogFbx: SortedLinks :(52) RightHandPinky2
[2014.09.21-10.54.40:418][279]LogFbx: SortedLinks :(53) RightHandPinky3
[2014.09.21-10.54.40:418][279]LogFbx: SortedLinks :(54) RightHandPinky4
[2014.09.21-10.54.40:418][279]LogFbx: SortedLinks :(55) LeftUpLeg
[2014.09.21-10.54.40:418][279]LogFbx: SortedLinks :(56) LeftLeg
[2014.09.21-10.54.40:418][279]LogFbx: SortedLinks :(57) LeftFoot
[2014.09.21-10.54.40:418][279]LogFbx: SortedLinks :(58) LeftToeBase
[2014.09.21-10.54.40:418][279]LogFbx: SortedLinks :(59) LeftToe_End
[2014.09.21-10.54.40:418][279]LogFbx: SortedLinks :(60) RightUpLeg
[2014.09.21-10.54.40:418][279]LogFbx: SortedLinks :(61) RightLeg
[2014.09.21-10.54.40:418][279]LogFbx: SortedLinks :(62) RightFoot
[2014.09.21-10.54.40:418][279]LogFbx: SortedLinks :(63) RightToeBase
[2014.09.21-10.54.40:418][279]LogFbx: SortedLinks :(64) RightToe_End
[2014.09.21-10.54.40:428][279]LogFbx: SortedLinks :(0) Hips
[2014.09.21-10.54.40:428][279]LogFbx: SortedLinks :(1) Spine
[2014.09.21-10.54.40:428][279]LogFbx: SortedLinks :(2) Spine1
[2014.09.21-10.54.40:428][279]LogFbx: SortedLinks :(3) Spine2
[2014.09.21-10.54.40:428][279]LogFbx: SortedLinks :(4) Neck
[2014.09.21-10.54.40:428][279]LogFbx: SortedLinks :(5) Head
[2014.09.21-10.54.40:428][279]LogFbx: SortedLinks :(6) HeadTop_End
[2014.09.21-10.54.40:428][279]LogFbx: SortedLinks :(7) LeftShoulder
[2014.09.21-10.54.40:428][279]LogFbx: SortedLinks :(8) LeftArm
[2014.09.21-10.54.40:428][279]LogFbx: SortedLinks :(9) LeftForeArm
[2014.09.21-10.54.40:428][279]LogFbx: SortedLinks :(10) LeftHand
[2014.09.21-10.54.40:428][279]LogFbx: SortedLinks :(11) LeftHandThumb1
[2014.09.21-10.54.40:428][279]LogFbx: SortedLinks :(12) LeftHandThumb2
[2014.09.21-10.54.40:428][279]LogFbx: SortedLinks :(13) LeftHandThumb3
[2014.09.21-10.54.40:428][279]LogFbx: SortedLinks :(14) LeftHandThumb4
[2014.09.21-10.54.40:428][279]LogFbx: SortedLinks :(15) LeftHandIndex1
[2014.09.21-10.54.40:428][279]LogFbx: SortedLinks :(16) LeftHandIndex2
[2014.09.21-10.54.40:428][279]LogFbx: SortedLinks :(17) LeftHandIndex3
[2014.09.21-10.54.40:428][279]LogFbx: SortedLinks :(18) LeftHandIndex4
[2014.09.21-10.54.40:428][279]LogFbx: SortedLinks :(19) LeftHandMiddle1
[2014.09.21-10.54.40:428][279]LogFbx: SortedLinks :(20) LeftHandMiddle2
[2014.09.21-10.54.40:428][279]LogFbx: SortedLinks :(21) LeftHandMiddle3
[2014.09.21-10.54.40:428][279]LogFbx: SortedLinks :(22) LeftHandMiddle4
[2014.09.21-10.54.40:428][279]LogFbx: SortedLinks :(23) LeftHandRing1
[2014.09.21-10.54.40:428][279]LogFbx: SortedLinks :(24) LeftHandRing2
[2014.09.21-10.54.40:428][279]LogFbx: SortedLinks :(25) LeftHandRing3
[2014.09.21-10.54.40:428][279]LogFbx: SortedLinks :(26) LeftHandRing4
[2014.09.21-10.54.40:428][279]LogFbx: SortedLinks :(27) LeftHandPinky1
[2014.09.21-10.54.40:428][279]LogFbx: SortedLinks :(28) LeftHandPinky2
[2014.09.21-10.54.40:428][279]LogFbx: SortedLinks :(29) LeftHandPinky3
[2014.09.21-10.54.40:428][279]LogFbx: SortedLinks :(30) LeftHandPinky4
[2014.09.21-10.54.40:428][279]LogFbx: SortedLinks :(31) RightShoulder
[2014.09.21-10.54.40:428][279]LogFbx: SortedLinks :(32) RightArm
[2014.09.21-10.54.40:428][279]LogFbx: SortedLinks :(33) RightForeArm
[2014.09.21-10.54.40:428][279]LogFbx: SortedLinks :(34) RightHand
[2014.09.21-10.54.40:428][279]LogFbx: SortedLinks :(35) RightHandThumb1
[2014.09.21-10.54.40:428][279]LogFbx: SortedLinks :(36) RightHandThumb2
[2014.09.21-10.54.40:429][279]LogFbx: SortedLinks :(37) RightHandThumb3
[2014.09.21-10.54.40:429][279]LogFbx: SortedLinks :(38) RightHandThumb4
[2014.09.21-10.54.40:429][279]LogFbx: SortedLinks :(39) RightHandIndex1
[2014.09.21-10.54.40:429][279]LogFbx: SortedLinks :(40) RightHandIndex2
[2014.09.21-10.54.40:429][279]LogFbx: SortedLinks :(41) RightHandIndex3
[2014.09.21-10.54.40:429][279]LogFbx: SortedLinks :(42) RightHandIndex4
[2014.09.21-10.54.40:429][279]LogFbx: SortedLinks :(43) RightHandMiddle1
[2014.09.21-10.54.40:429][279]LogFbx: SortedLinks :(44) RightHandMiddle2
[2014.09.21-10.54.40:429][279]LogFbx: SortedLinks :(45) RightHandMiddle3
[2014.09.21-10.54.40:429][279]LogFbx: SortedLinks :(46) RightHandMiddle4
[2014.09.21-10.54.40:429][279]LogFbx: SortedLinks :(47) RightHandRing1
[2014.09.21-10.54.40:429][279]LogFbx: SortedLinks :(48) RightHandRing2
[2014.09.21-10.54.40:429][279]LogFbx: SortedLinks :(49) RightHandRing3
[2014.09.21-10.54.40:429][279]LogFbx: SortedLinks :(50) RightHandRing4
[2014.09.21-10.54.40:429][279]LogFbx: SortedLinks :(51) RightHandPinky1
[2014.09.21-10.54.40:429][279]LogFbx: SortedLinks :(52) RightHandPinky2
[2014.09.21-10.54.40:429][279]LogFbx: SortedLinks :(53) RightHandPinky3
[2014.09.21-10.54.40:429][279]LogFbx: SortedLinks :(54) RightHandPinky4
[2014.09.21-10.54.40:429][279]LogFbx: SortedLinks :(55) LeftUpLeg
[2014.09.21-10.54.40:429][279]LogFbx: SortedLinks :(56) LeftLeg
[2014.09.21-10.54.40:429][279]LogFbx: SortedLinks :(57) LeftFoot
[2014.09.21-10.54.40:429][279]LogFbx: SortedLinks :(58) LeftToeBase
[2014.09.21-10.54.40:429][279]LogFbx: SortedLinks :(59) LeftToe_End
[2014.09.21-10.54.40:429][279]LogFbx: SortedLinks :(60) RightUpLeg
[2014.09.21-10.54.40:429][279]LogFbx: SortedLinks :(61) RightLeg
[2014.09.21-10.54.40:429][279]LogFbx: SortedLinks :(62) RightFoot
[2014.09.21-10.54.40:429][279]LogFbx: SortedLinks :(63) RightToeBase
[2014.09.21-10.54.40:429][279]LogFbx: SortedLinks :(64) RightToe_End
[2014.09.21-10.54.40:445][279]LogFbx: Parsing AnimStack Take 001
[2014.09.21-10.54.40:452][279]LogFbx: Parsing AnimStack mixamo.com
[2014.09.21-10.54.40:473][279]LogLinker:Warning: Can't find file '/Game/Animations/Mycharacter/t-pose_5_rifle_run'
[2014.09.21-10.54.40:474][279]LogUObjectGlobals:Warning: Failed to find object 'Object /Game/Animations/Mycharacter/t-pose_5_rifle_run.t-pose_5_rifle_run'
[2014.09.21-10.54.42:033][279]FBXImport:Warning: Warning Animation Stack Take 001 does not contain any valid key. Try different time options when import. 
[2014.09.21-10.54.42:058][279]LogContentBrowser:Verbose: The content browser source was changed by the sources view to 'None'
[2014.09.21-10.54.42:059][279]LogContentBrowser:Verbose: The content browser source was changed by the sources view to '/Game/Animations/Mycharacter'
[2014.09.21-10.54.50:753][715]LogSkeletalMesh: InitArticulated: Bodies already created (/Engine/Transient.DebugSkelMeshComponent_0) - call TermArticulated first.
[2014.09.21-10.54.51:013][715]LogContentBrowser:Verbose: The majority of assets in the view are of type: AnimSequence
[2014.09.21-10.55.12:115][433]LogParticles: Destroying 0 GPU particle simulations for FXSystem 0x000000001A512200
[2014.09.21-10.55.12:116][433]LogParticles: Destroying 0 GPU particle simulations for FXSystem 0x0000000013A7F9C0
[2014.09.21-10.55.12:116][433]LogParticles: Destroying 0 GPU particle simulations for FXSystem 0x0000000013A7E160
[2014.09.21-10.55.16:590][433]LogObjectTools:Warning: ForceReplaceReferences replaced references for a transient object 'AnimSingleNodeInstance_306' or package '/Engine/Transient'.
[2014.09.21-11.00.42:744][670]Cmd: OBJ SAVEPACKAGE PACKAGE="/Game/Maps/Example_Map" FILE="K:/UnrealProject/EpicGames/FirstGame/Saved/Autosaves/Game/Maps/Example_Map_Auto1.umap" SILENT=true AUTOSAVING=true KEEPDIRTY=false
[2014.09.21-11.00.43:722][670]LogSavePackage: Save=654.330627ms
[2014.09.21-11.00.43:724][670]LogSavePackage: Moving 'K:/UnrealProject/EpicGames/FirstGame/Saved/Example_Map_Auto1858CA32A41C8B607B6A30C8892F8835C.tmp' to 'K:/UnrealProject/EpicGames/FirstGame/Saved/Autosaves/Game/Maps/Example_Map_Auto1.umap'
[2014.09.21-11.00.44:138][670]LogFileHelpers: Editor autosave (incl. sublevels) for '/Game/Maps/Example_Map' took 1.462
[2014.09.21-11.00.44:138][670]LogFileHelpers: Editor autosave (incl. sublevels) for all levels took 1.462
[2014.09.21-11.03.33:022][595]LogFactory: FactoryCreateBinary: StaticMesh with FbxFactory (0 0 M:\Character\MyGame\running_1.fbx)
[2014.09.21-11.03.33:032][595]LogFbx: ItemName: GlobalSettings, ItemCount : 1
[2014.09.21-11.03.33:032][595]LogFbx: ItemName: Model, ItemCount : 65
[2014.09.21-11.03.33:032][595]LogFbx: ItemName: NodeAttribute, ItemCount : 65
[2014.09.21-11.03.33:032][595]LogFbx: ItemName: AnimationStack, ItemCount : 1
[2014.09.21-11.03.33:033][595]LogFbx: ItemName: AnimationLayer, ItemCount : 1
[2014.09.21-11.03.33:033][595]LogFbx: ItemName: AnimationCurveNode, ItemCount : 54
[2014.09.21-11.03.33:033][595]LogFbx: ItemName: AnimationCurve, ItemCount : 315
[2014.09.21-11.03.38:176][595]LogFbx: Loading FBX Scene from M:\Character\MyGame\running_1.fbx
[2014.09.21-11.03.38:268][595]LogFbx: FBX Scene Loaded Succesfully
[2014.09.21-11.03.38:282][595]LogFbx: SortedLinks :(0) Hips
[2014.09.21-11.03.38:282][595]LogFbx: SortedLinks :(1) Spine
[2014.09.21-11.03.38:282][595]LogFbx: SortedLinks :(2) Spine1
[2014.09.21-11.03.38:282][595]LogFbx: SortedLinks :(3) Spine2
[2014.09.21-11.03.38:282][595]LogFbx: SortedLinks :(4) Neck
[2014.09.21-11.03.38:282][595]LogFbx: SortedLinks :(5) Head
[2014.09.21-11.03.38:282][595]LogFbx: SortedLinks :(6) HeadTop_End
[2014.09.21-11.03.38:282][595]LogFbx: SortedLinks :(7) LeftShoulder
[2014.09.21-11.03.38:282][595]LogFbx: SortedLinks :(8) LeftArm
[2014.09.21-11.03.38:282][595]LogFbx: SortedLinks :(9) LeftForeArm
[2014.09.21-11.03.38:282][595]LogFbx: SortedLinks :(10) LeftHand
[2014.09.21-11.03.38:282][595]LogFbx: SortedLinks :(11) LeftHandThumb1
[2014.09.21-11.03.38:282][595]LogFbx: SortedLinks :(12) LeftHandThumb2
[2014.09.21-11.03.38:282][595]LogFbx: SortedLinks :(13) LeftHandThumb3
[2014.09.21-11.03.38:283][595]LogFbx: SortedLinks :(14) LeftHandThumb4
[2014.09.21-11.03.38:283][595]LogFbx: SortedLinks :(15) LeftHandIndex1
[2014.09.21-11.03.38:283][595]LogFbx: SortedLinks :(16) LeftHandIndex2
[2014.09.21-11.03.38:283][595]LogFbx: SortedLinks :(17) LeftHandIndex3
[2014.09.21-11.03.38:283][595]LogFbx: SortedLinks :(18) LeftHandIndex4
[2014.09.21-11.03.38:283][595]LogFbx: SortedLinks :(19) LeftHandMiddle1
[2014.09.21-11.03.38:283][595]LogFbx: SortedLinks :(20) LeftHandMiddle2
[2014.09.21-11.03.38:283][595]LogFbx: SortedLinks :(21) LeftHandMiddle3
[2014.09.21-11.03.38:283][595]LogFbx: SortedLinks :(22) LeftHandMiddle4
[2014.09.21-11.03.38:283][595]LogFbx: SortedLinks :(23) LeftHandRing1
[2014.09.21-11.03.38:283][595]LogFbx: SortedLinks :(24) LeftHandRing2
[2014.09.21-11.03.38:283][595]LogFbx: SortedLinks :(25) LeftHandRing3
[2014.09.21-11.03.38:283][595]LogFbx: SortedLinks :(26) LeftHandRing4
[2014.09.21-11.03.38:283][595]LogFbx: SortedLinks :(27) LeftHandPinky1
[2014.09.21-11.03.38:283][595]LogFbx: SortedLinks :(28) LeftHandPinky2
[2014.09.21-11.03.38:283][595]LogFbx: SortedLinks :(29) LeftHandPinky3
[2014.09.21-11.03.38:283][595]LogFbx: SortedLinks :(30) LeftHandPinky4
[2014.09.21-11.03.38:283][595]LogFbx: SortedLinks :(31) RightShoulder
[2014.09.21-11.03.38:283][595]LogFbx: SortedLinks :(32) RightArm
[2014.09.21-11.03.38:283][595]LogFbx: SortedLinks :(33) RightForeArm
[2014.09.21-11.03.38:283][595]LogFbx: SortedLinks :(34) RightHand
[2014.09.21-11.03.38:283][595]LogFbx: SortedLinks :(35) RightHandThumb1
[2014.09.21-11.03.38:283][595]LogFbx: SortedLinks :(36) RightHandThumb2
[2014.09.21-11.03.38:283][595]LogFbx: SortedLinks :(37) RightHandThumb3
[2014.09.21-11.03.38:283][595]LogFbx: SortedLinks :(38) RightHandThumb4
[2014.09.21-11.03.38:283][595]LogFbx: SortedLinks :(39) RightHandIndex1
[2014.09.21-11.03.38:283][595]LogFbx: SortedLinks :(40) RightHandIndex2
[2014.09.21-11.03.38:283][595]LogFbx: SortedLinks :(41) RightHandIndex3
[2014.09.21-11.03.38:283][595]LogFbx: SortedLinks :(42) RightHandIndex4
[2014.09.21-11.03.38:283][595]LogFbx: SortedLinks :(43) RightHandMiddle1
[2014.09.21-11.03.38:283][595]LogFbx: SortedLinks :(44) RightHandMiddle2
[2014.09.21-11.03.38:283][595]LogFbx: SortedLinks :(45) RightHandMiddle3
[2014.09.21-11.03.38:283][595]LogFbx: SortedLinks :(46) RightHandMiddle4
[2014.09.21-11.03.38:283][595]LogFbx: SortedLinks :(47) RightHandRing1
[2014.09.21-11.03.38:283][595]LogFbx: SortedLinks :(48) RightHandRing2
[2014.09.21-11.03.38:283][595]LogFbx: SortedLinks :(49) RightHandRing3
[2014.09.21-11.03.38:283][595]LogFbx: SortedLinks :(50) RightHandRing4
[2014.09.21-11.03.38:283][595]LogFbx: SortedLinks :(51) RightHandPinky1
[2014.09.21-11.03.38:283][595]LogFbx: SortedLinks :(52) RightHandPinky2
[2014.09.21-11.03.38:283][595]LogFbx: SortedLinks :(53) RightHandPinky3
[2014.09.21-11.03.38:283][595]LogFbx: SortedLinks :(54) RightHandPinky4
[2014.09.21-11.03.38:283][595]LogFbx: SortedLinks :(55) LeftUpLeg
[2014.09.21-11.03.38:283][595]LogFbx: SortedLinks :(56) LeftLeg
[2014.09.21-11.03.38:283][595]LogFbx: SortedLinks :(57) LeftFoot
[2014.09.21-11.03.38:283][595]LogFbx: SortedLinks :(58) LeftToeBase
[2014.09.21-11.03.38:283][595]LogFbx: SortedLinks :(59) LeftToe_End
[2014.09.21-11.03.38:284][595]LogFbx: SortedLinks :(60) RightUpLeg
[2014.09.21-11.03.38:284][595]LogFbx: SortedLinks :(61) RightLeg
[2014.09.21-11.03.38:284][595]LogFbx: SortedLinks :(62) RightFoot
[2014.09.21-11.03.38:284][595]LogFbx: SortedLinks :(63) RightToeBase
[2014.09.21-11.03.38:284][595]LogFbx: SortedLinks :(64) RightToe_End
[2014.09.21-11.03.38:294][595]LogFbx: Parsing AnimStack mixamo.com
[2014.09.21-11.03.38:304][595]LogLinker:Warning: Can't find file '/Game/Animations/Mycharacter/running_1'
[2014.09.21-11.03.38:304][595]LogUObjectGlobals:Warning: Failed to find object 'Object /Game/Animations/Mycharacter/running_1.running_1'
[2014.09.21-11.03.39:333][595]LogContentBrowser:Verbose: The content browser source was changed by the sources view to 'None'
[2014.09.21-11.03.39:333][595]LogContentBrowser:Verbose: The content browser source was changed by the sources view to '/Game/Animations/Mycharacter'
[2014.09.21-11.03.41:865][706]LogSkeletalMesh: InitArticulated: Bodies already created (/Engine/Transient.DebugSkelMeshComponent_3) - call TermArticulated first.
[2014.09.21-11.03.41:980][706]LogContentBrowser:Verbose: The majority of assets in the view are of type: AnimSequence
[2014.09.21-11.03.53:718][129]LogContentBrowser:Verbose: The content browser source was changed by the sources view to '/Game/Animations/Blueprints'
[2014.09.21-11.03.55:938][181]LogSkeletalMesh: InitArticulated: Bodies already created (/Engine/Transient.DebugSkelMeshComponent_6) - call TermArticulated first.
[2014.09.21-11.04.09:276][588]LogContentBrowser:Verbose: The majority of assets in the view are of type: AnimSequence
[2014.09.21-11.04.21:450][943]BlueprintLog: New page: Compile MyCharacterBP
[2014.09.21-11.04.21:885][943]LogParticles: Destroying 0 GPU particle simulations for FXSystem 0x0000000013A7C2C0
[2014.09.21-11.04.21:885][943]LogParticles: Destroying 0 GPU particle simulations for FXSystem 0x0000000013A7F600
[2014.09.21-11.04.21:885][943]LogParticles: Destroying 0 GPU particle simulations for FXSystem 0x000000001A513600
[2014.09.21-11.04.21:916][943]BlueprintEditorCompileResults: Info [0844.17] Compile of MyCharacterBP successful! [in 41 ms]
[2014.09.21-11.04.31:235][227]Cmd: OBJ SAVEPACKAGE PACKAGE="/Game/Maps/Example_Map" FILE="K:/UnrealProject/EpicGames/FirstGame/Content/Maps/Example_Map.umap" SILENT=true AUTOSAVING=false KEEPDIRTY=false
[2014.09.21-11.04.31:835][227]LogSavePackage: Save=498.959595ms
[2014.09.21-11.04.31:836][227]LogSavePackage: Moving 'K:/UnrealProject/EpicGames/FirstGame/Saved/Example_MapC86067F04E4CB45C629B5B9A67D720BB.tmp' to 'K:/UnrealProject/EpicGames/FirstGame/Content/Maps/Example_Map.umap'
[2014.09.21-11.04.31:879][227]LogFileHelpers: Saving map 'Example_Map' took 0.795
[2014.09.21-11.04.31:917][227]Cmd: OBJ SAVEPACKAGE PACKAGE="/Game/Animations/Mycharacter/running_1" FILE="K:/UnrealProject/EpicGames/FirstGame/Content/Animations/Mycharacter/running_1.uasset" SILENT=true
[2014.09.21-11.04.33:008][227]LogSavePackage: Save=1067.196045ms
[2014.09.21-11.04.33:008][227]LogSavePackage: Moving 'K:/UnrealProject/EpicGames/FirstGame/Saved/running_12DE22A4442839721F8DF2FA32CC4A538.tmp' to 'K:/UnrealProject/EpicGames/FirstGame/Content/Animations/Mycharacter/running_1.uasset'
[2014.09.21-11.04.33:054][227]Cmd: OBJ SAVEPACKAGE PACKAGE="/Game/Animations/Blueprints/MyCharacterBP" FILE="K:/UnrealProject/EpicGames/FirstGame/Content/Animations/Blueprints/MyCharacterBP.uasset" SILENT=true
[2014.09.21-11.04.34:411][227]LogSavePackage: Save=1310.426025ms
[2014.09.21-11.04.34:411][227]LogSavePackage: Moving 'K:/UnrealProject/EpicGames/FirstGame/Saved/MyCharacterBP3AF6A8A94DE61658DD7AA3A18F7516C8.tmp' to 'K:/UnrealProject/EpicGames/FirstGame/Content/Animations/Blueprints/MyCharacterBP.uasset'
[2014.09.21-11.08.41:028][766]LogParticles: Destroying 0 GPU particle simulations for FXSystem 0x000000002396EF20
[2014.09.21-11.08.41:029][766]LogParticles: Destroying 0 GPU particle simulations for FXSystem 0x00000000118C3060
[2014.09.21-11.17.37:750][261]Cmd: QUIT_EDITOR
[2014.09.21-11.17.38:110][261]LogWindowsTextInputMethodSystem:Error: Terminating failed while unadvising the language notification sink from the TSF source.
[2014.09.21-11.17.38:111][261]LogExit: Preparing to exit.
[2014.09.21-11.17.38:792][261]LogExit: Editor shut down
[2014.09.21-11.17.38:793][261]LogExit: Transaction tracking system shut down
[2014.09.21-11.17.38:794][261]LogParticles: Destroying 0 GPU particle simulations for FXSystem 0x000000000ED7CC20
[2014.09.21-11.17.38:795][261]LogParticles: Destroying 0 GPU particle simulations for FXSystem 0x000000000B50C540
[2014.09.21-11.17.38:795][261]LogParticles: Destroying 0 GPU particle simulations for FXSystem 0x00000000072CCCC0
[2014.09.21-11.17.38:849][261]LogExit: Object subsystem successfully closed.
[2014.09.21-11.17.38:904][261]LogModuleManager: Shutting down and abandoning module AndroidDeviceDetection (161)
[2014.09.21-11.17.38:904][261]LogModuleManager: Shutting down and abandoning module HTTP (160)
[2014.09.21-11.17.38:904][261]LogModuleManager: Shutting down and abandoning module CrashTracker (159)
[2014.09.21-11.17.38:904][261]LogModuleManager: Shutting down and abandoning module SuperSearch (158)
[2014.09.21-11.17.38:904][261]LogModuleManager: Shutting down and abandoning module SceneOutliner (157)
[2014.09.21-11.17.38:904][261]LogModuleManager: Shutting down and abandoning module EditorWidgets (156)
[2014.09.21-11.17.38:904][261]LogModuleManager: Shutting down and abandoning module CollectionManager (155)
[2014.09.21-11.17.38:904][261]LogModuleManager: Shutting down and abandoning module StatsViewer (154)
[2014.09.21-11.17.38:904][261]LogModuleManager: Shutting down and abandoning module FoliageEdit (153)
[2014.09.21-11.17.38:904][261]LogModuleManager: Shutting down and abandoning module LandscapeEditor (152)
[2014.09.21-11.17.38:905][261]LogModuleManager: Shutting down and abandoning module MeshPaint (151)
[2014.09.21-11.17.38:905][261]LogModuleManager: Shutting down and abandoning module ActorPickerMode (150)
[2014.09.21-11.17.38:905][261]LogModuleManager: Shutting down and abandoning module GeometryMode (149)
[2014.09.21-11.17.38:905][261]LogModuleManager: Shutting down and abandoning module TextureAlignMode (148)
[2014.09.21-11.17.38:905][261]LogModuleManager: Shutting down and abandoning module BspMode (147)
[2014.09.21-11.17.38:905][261]LogModuleManager: Shutting down and abandoning module PlacementMode (146)
[2014.09.21-11.17.38:905][261]LogModuleManager: Shutting down and abandoning module DesktopPlatform (145)
[2014.09.21-11.17.38:905][261]LogModuleManager: Shutting down and abandoning module AutomationWorker (144)
[2014.09.21-11.17.38:905][261]LogModuleManager: Shutting down and abandoning module EditorLiveStreaming (143)
[2014.09.21-11.17.38:905][261]LogModuleManager: Shutting down and abandoning module BehaviorTreeEditor (142)
[2014.09.21-11.17.38:905][261]LogModuleManager: Shutting down and abandoning module DeviceProfileEditor (141)
[2014.09.21-11.17.38:905][261]LogModuleManager: Shutting down and abandoning module UndoHistory (140)
[2014.09.21-11.17.38:905][261]LogModuleManager: Shutting down and abandoning module GameplayTagsEditor (139)
[2014.09.21-11.17.38:905][261]LogModuleManager: Shutting down and abandoning module UserFeedback (138)
[2014.09.21-11.17.38:905][261]LogModuleManager: Shutting down and abandoning module XmlParser (137)
[2014.09.21-11.17.38:905][261]LogModuleManager: Shutting down and abandoning module Blutility (136)
[2014.09.21-11.17.38:905][261]LogModuleManager: Shutting down and abandoning module IOSPlatformEditor (135)
[2014.09.21-11.17.38:905][261]LogModuleManager: Shutting down and abandoning module IOSRuntimeSettings (134)
[2014.09.21-11.17.38:905][261]LogModuleManager: Shutting down and abandoning module AndroidPlatformEditor (133)
[2014.09.21-11.17.38:905][261]LogModuleManager: Shutting down and abandoning module AndroidRuntimeSettings (132)
[2014.09.21-11.17.38:905][261]LogModuleManager: Shutting down and abandoning module ProjectTargetPlatformEditor (131)
[2014.09.21-11.17.38:905][261]LogModuleManager: Shutting down and abandoning module ProjectSettingsViewer (130)
[2014.09.21-11.17.38:905][261]LogModuleManager: Shutting down and abandoning module InputBindingEditor (129)
[2014.09.21-11.17.38:906][261]LogModuleManager: Shutting down and abandoning module EditorSettingsViewer (128)
[2014.09.21-11.17.38:906][261]LogModuleManager: Shutting down and abandoning module SettingsEditor (127)
[2014.09.21-11.17.38:906][261]LogModuleManager: Shutting down and abandoning module SessionLauncher (126)
[2014.09.21-11.17.38:906][261]LogModuleManager: Shutting down and abandoning module SessionFrontend (125)
[2014.09.21-11.17.38:906][261]LogModuleManager: Shutting down and abandoning module ProfilerClient (124)
[2014.09.21-11.17.38:906][261]LogModuleManager: Shutting down and abandoning module TargetDeviceServices (123)
[2014.09.21-11.17.38:906][261]LogModuleManager: Shutting down and abandoning module DeviceManager (122)
[2014.09.21-11.17.38:906][261]LogModuleManager: Shutting down and abandoning module AutomationController (121)
[2014.09.21-11.17.38:906][261]LogModuleManager: Shutting down and abandoning module AutomationWindow (120)
[2014.09.21-11.17.38:906][261]LogModuleManager: Shutting down and abandoning module Layers (119)
[2014.09.21-11.17.38:906][261]LogModuleManager: Shutting down and abandoning module ComponentVisualizers (118)
[2014.09.21-11.17.38:906][261]LogModuleManager: Shutting down and abandoning module DetailCustomizations (117)
[2014.09.21-11.17.38:906][261]LogModuleManager: Shutting down and abandoning module PackagesDialog (116)
[2014.09.21-11.17.38:906][261]LogModuleManager: Shutting down and abandoning module DirectoryWatcher (115)
[2014.09.21-11.17.38:907][261]LogModuleManager: Shutting down and abandoning module AssetRegistry (114)
[2014.09.21-11.17.39:021][261]LogModuleManager: Shutting down and abandoning module Persona (113)
[2014.09.21-11.17.39:021][261]LogModuleManager: Shutting down and abandoning module GraphEditor (112)
[2014.09.21-11.17.39:021][261]LogModuleManager: Shutting down and abandoning module ClassViewer (111)
[2014.09.21-11.17.39:021][261]LogModuleManager: Shutting down and abandoning module Toolbox (110)
[2014.09.21-11.17.39:022][261]LogModuleManager: Shutting down and abandoning module ModuleUI (109)
[2014.09.21-11.17.39:022][261]LogModuleManager: Shutting down and abandoning module MovieSceneTools (108)
[2014.09.21-11.17.39:022][261]LogModuleManager: Shutting down and abandoning module OutputLog (107)
[2014.09.21-11.17.39:022][261]LogModuleManager: Shutting down and abandoning module GammaUI (106)
[2014.09.21-11.17.39:022][261]LogModuleManager: Shutting down and abandoning module Documentation (105)
[2014.09.21-11.17.39:022][261]LogModuleManager: Shutting down and abandoning module GameLiveStreaming (104)
[2014.09.21-11.17.39:022][261]LogModuleManager: Shutting down and abandoning module StreamingPauseRendering (103)
[2014.09.21-11.17.39:022][261]LogModuleManager: Shutting down and abandoning module AnalyticsET (102)
[2014.09.21-11.17.39:022][261]LogModuleManager: Shutting down and abandoning module Analytics (101)
[2014.09.21-11.17.39:022][261]LogModuleManager: Shutting down and abandoning module GameplayDebugger (100)
[2014.09.21-11.17.39:022][261]LogModuleManager: Shutting down and abandoning module AIModule (99)
[2014.09.21-11.17.39:022][261]LogModuleManager: Shutting down and abandoning module ProfilerService (98)
[2014.09.21-11.17.39:136][261]LogModuleManager: Shutting down and abandoning module TaskGraph (97)
[2014.09.21-11.17.39:136][261]LogModuleManager: Shutting down and abandoning module SlateRemote (96)
[2014.09.21-11.17.39:136][261]LogModuleManager: Shutting down and abandoning module ScriptEditorPlugin (95)
[2014.09.21-11.17.39:136][261]LogModuleManager: Shutting down and abandoning module CustomMeshComponent (94)
[2014.09.21-11.17.39:136][261]LogModuleManager: Shutting down and abandoning module CableComponent (93)
[2014.09.21-11.17.39:136][261]LogModuleManager: Shutting down and abandoning module MessagingDebugger (92)
[2014.09.21-11.17.39:136][261]LogModuleManager: Shutting down and abandoning module ViewportSnapping (91)
[2014.09.21-11.17.39:136][261]LogModuleManager: Shutting down and abandoning module SmartSnapping (90)
[2014.09.21-11.17.39:136][261]LogModuleManager: Shutting down and abandoning module PaperTiledImporter (89)
[2014.09.21-11.17.39:136][261]LogModuleManager: Shutting down and abandoning module PaperJsonImporter (88)
[2014.09.21-11.17.39:136][261]LogModuleManager: Shutting down and abandoning module GameProjectGeneration (87)
[2014.09.21-11.17.39:136][261]LogModuleManager: Shutting down and abandoning module Matinee (86)
[2014.09.21-11.17.39:136][261]LogModuleManager: Shutting down and abandoning module Kismet (85)
[2014.09.21-11.17.39:136][261]LogModuleManager: Shutting down and abandoning module SlateReflector (84)
[2014.09.21-11.17.39:136][261]LogModuleManager: Shutting down and abandoning module LevelEditor (83)
[2014.09.21-11.17.39:139][261]LogModuleManager: Shutting down and abandoning module IntroTutorials (82)
[2014.09.21-11.17.39:139][261]LogModuleManager: Shutting down and abandoning module ContentBrowser (81)
[2014.09.21-11.17.39:139][261]LogModuleManager: Shutting down and abandoning module PropertyEditor (80)
[2014.09.21-11.17.39:139][261]LogModuleManager: Shutting down and abandoning module Paper2DEditor (79)
[2014.09.21-11.17.39:139][261]LogModuleManager: Shutting down and abandoning module SpeedTreeImporter (78)
[2014.09.21-11.17.39:139][261]LogModuleManager: Shutting down and abandoning module PluginsEditor (77)
[2014.09.21-11.17.39:139][261]LogModuleManager: Shutting down and abandoning module MainFrame (76)
[2014.09.21-11.17.39:139][261]LogModuleManager: Shutting down and abandoning module EpicSurvey (75)
[2014.09.21-11.17.39:139][261]LogModuleManager: Shutting down and abandoning module VisualStudioSourceCodeAccess (74)
[2014.09.21-11.17.39:139][261]LogModuleManager: Shutting down and abandoning module UObjectPlugin (73)
[2014.09.21-11.17.39:139][261]LogModuleManager: Shutting down and abandoning module SubversionSourceControl (72)
[2014.09.21-11.17.39:139][261]LogModuleManager: Shutting down and abandoning module SourceControl (71)
[2014.09.21-11.17.39:139][261]LogModuleManager: Shutting down and abandoning module PerforceSourceControl (70)
[2014.09.21-11.17.39:139][261]LogModuleManager: Shutting down and abandoning module BlankPlugin (69)
[2014.09.21-11.17.39:139][261]LogModuleManager: Shutting down and abandoning module ScriptPlugin (68)
[2014.09.21-11.17.39:139][261]LogModuleManager: Shutting down and abandoning module UdpMessaging (67)
[2014.09.21-11.17.39:239][261]LogModuleManager: Shutting down and abandoning module Paper2D (66)
[2014.09.21-11.17.39:239][261]LogModuleManager: Shutting down and abandoning module WindowsMoviePlayer (65)
[2014.09.21-11.17.39:247][261]LogModuleManager: Shutting down and abandoning module ImageWrapper (64)
[2014.09.21-11.17.39:247][261]LogModuleManager: Shutting down and abandoning module OnlineBlueprintSupport (63)
[2014.09.21-11.17.39:247][261]LogModuleManager: Shutting down and abandoning module FunctionalTesting (62)
[2014.09.21-11.17.39:247][261]LogModuleManager: Shutting down and abandoning module CollisionAnalyzer (61)
[2014.09.21-11.17.39:247][261]LogModuleManager: Shutting down and abandoning module WorkspaceMenuStructure (60)
[2014.09.21-11.17.39:247][261]LogModuleManager: Shutting down and abandoning module MessageLog (59)
[2014.09.21-11.17.39:247][261]LogModuleManager: Shutting down and abandoning module Sequencer (58)
[2014.09.21-11.17.39:247][261]LogModuleManager: Shutting down and abandoning module AssetTools (57)
[2014.09.21-11.17.39:247][261]LogModuleManager: Shutting down and abandoning module UMGEditor (56)
[2014.09.21-11.17.39:248][261]LogModuleManager: Shutting down and abandoning module UMG (55)
[2014.09.21-11.17.39:248][261]LogModuleManager: Shutting down and abandoning module Slate (54)
[2014.09.21-11.17.39:248][261]LogModuleManager: Shutting down and abandoning module EditorStyle (53)
[2014.09.21-11.17.39:251][261]LogModuleManager: Shutting down and abandoning module SessionServices (52)
[2014.09.21-11.17.39:252][261]LogModuleManager: Shutting down and abandoning module SourceCodeAccess (51)
[2014.09.21-11.17.39:252][261]LogModuleManager: Shutting down and abandoning module HeadMountedDisplay (50)
[2014.09.21-11.17.39:252][261]LogModuleManager: Shutting down and abandoning module XAudio2 (49)
[2014.09.21-11.17.39:252][261]LogModuleManager: Shutting down and abandoning module Networking (47)
[2014.09.21-11.17.39:252][261]LogModuleManager: Shutting down and abandoning module Core (46)
[2014.09.21-11.17.39:252][261]LogModuleManager: Shutting down and abandoning module KismetCompiler (45)
[2014.09.21-11.17.39:252][261]LogModuleManager: Shutting down and abandoning module PhysXFormats (44)
[2014.09.21-11.17.39:252][261]LogModuleManager: Shutting down and abandoning module MeshUtilities (43)
[2014.09.21-11.17.39:252][261]LogModuleManager: Shutting down and abandoning module DerivedDataCache (42)
[2014.09.21-11.17.39:315][261]LogDerivedDataCache: Shutdown
[2014.09.21-11.17.39:315][261]LogModuleManager: Shutting down and abandoning module ShaderFormatOpenGL (41)
[2014.09.21-11.17.39:315][261]LogModuleManager: Shutting down and abandoning module ShaderFormatD3D (40)
[2014.09.21-11.17.39:315][261]LogModuleManager: Shutting down and abandoning module MetalShaderFormat (39)
[2014.09.21-11.17.39:315][261]LogModuleManager: Shutting down and abandoning module TextureFormatUncompressed (38)
[2014.09.21-11.17.39:315][261]LogModuleManager: Shutting down and abandoning module TextureFormatPVR (37)
[2014.09.21-11.17.39:315][261]LogModuleManager: Shutting down and abandoning module TextureFormatDXT (36)
[2014.09.21-11.17.39:315][261]LogModuleManager: Shutting down and abandoning module TextureFormatAndroid (35)
[2014.09.21-11.17.39:315][261]LogModuleManager: Shutting down and abandoning module AudioFormatOpus (34)
[2014.09.21-11.17.39:315][261]LogModuleManager: Shutting down and abandoning module AudioFormatOgg (33)
[2014.09.21-11.17.39:315][261]LogModuleManager: Shutting down and abandoning module AudioFormatADPCM (32)
[2014.09.21-11.17.39:315][261]LogModuleManager: Shutting down and abandoning module Messaging (31)
[2014.09.21-11.17.39:315][261]LogModuleManager: Shutting down and abandoning module IOSTargetPlatform (30)
[2014.09.21-11.17.39:315][261]LogModuleManager: Shutting down and abandoning module Android_PVRTCTargetPlatform (29)
[2014.09.21-11.17.39:315][261]LogModuleManager: Shutting down and abandoning module Android_ETC2TargetPlatform (28)
[2014.09.21-11.17.39:315][261]LogModuleManager: Shutting down and abandoning module Android_ETC1TargetPlatform (27)
[2014.09.21-11.17.39:315][261]LogModuleManager: Shutting down and abandoning module Android_DXTTargetPlatform (26)
[2014.09.21-11.17.39:315][261]LogModuleManager: Shutting down and abandoning module Android_ATCTargetPlatform (25)
[2014.09.21-11.17.39:315][261]LogModuleManager: Shutting down and abandoning module AndroidTargetPlatform (24)
[2014.09.21-11.17.39:315][261]LogModuleManager: Shutting down and abandoning module WindowsTargetPlatform (23)
[2014.09.21-11.17.39:315][261]LogModuleManager: Shutting down and abandoning module WindowsServerTargetPlatform (22)
[2014.09.21-11.17.39:315][261]LogModuleManager: Shutting down and abandoning module WindowsNoEditorTargetPlatform (21)
[2014.09.21-11.17.39:315][261]LogModuleManager: Shutting down and abandoning module WindowsClientTargetPlatform (20)
[2014.09.21-11.17.39:315][261]LogModuleManager: Shutting down and abandoning module TargetPlatform (19)
[2014.09.21-11.17.39:315][261]LogModuleManager: Shutting down and abandoning module InputCore (18)
[2014.09.21-11.17.39:315][261]LogModuleManager: Shutting down and abandoning module Settings (17)
[2014.09.21-11.17.39:316][261]LogModuleManager: Shutting down and abandoning module ExampleDeviceProfileSelector (14)
[2014.09.21-11.17.39:316][261]LogModuleManager: Shutting down and abandoning module OculusRift (13)
[2014.09.21-11.17.39:316][261]LogModuleManager: Shutting down and abandoning module TextureCompressor (12)
[2014.09.21-11.17.39:316][261]LogModuleManager: Shutting down and abandoning module ShaderCore (11)
[2014.09.21-11.17.39:316][261]LogModuleManager: Shutting down and abandoning module OpenGLDrv (10)
[2014.09.21-11.17.39:316][261]LogModuleManager: Shutting down and abandoning module D3D11RHI (9)
[2014.09.21-11.17.39:316][261]LogModuleManager: Shutting down and abandoning module SlateRHIRenderer (8)
[2014.09.21-11.17.39:316][261]LogModuleManager: Shutting down and abandoning module Renderer (7)
[2014.09.21-11.17.39:316][261]LogModuleManager: Shutting down and abandoning module Engine (6)
[2014.09.21-11.17.39:316][261]LogModuleManager: Shutting down and abandoning module CoreUObject (5)
[2014.09.21-11.17.39:316][261]LogModuleManager: Shutting down and abandoning module NetworkFile (4)
[2014.09.21-11.17.39:316][261]LogModuleManager: Shutting down and abandoning module StreamingFile (3)
[2014.09.21-11.17.39:316][261]LogModuleManager: Shutting down and abandoning module SandboxFile (2)
[2014.09.21-11.17.39:316][261]LogModuleManager: Shutting down and abandoning module PakFile (1)
[2014.09.21-11.17.39:317][261]LogExit: Exiting.
[2014.09.21-11.17.39:323][261]Log file closed, 09/21/14 13:17:39
