Log file open, 09/17/14 20:06:57
LogInit:Display: Running engine for game: FirstGame
LogInit: Version: 4.4.3-2296771+++depot+UE4-Releases+4.4
LogInit: API Version: 2255576
LogInit: Compiled (64-bit): Sep 13 2014 22:30:58
LogInit: Build Configuration: Development
LogInit: Branch Name: ++depot+UE4-Releases+4.4
LogInit: Command line:  
LogInit: Base directory: D:/Programme/Unreal Engine/4.4/Engine/Binaries/Win64/
LogInit: Rocket: 1
[2014.09.17-18.06.57:832][  0]LogTaskGraph: Started task graph with 3 named threads and 4 total threads.
[2014.09.17-18.06.57:856][  0]LogOnline:Warning: No default platform service specified for OnlineSubsystem
[2014.09.17-18.06.57:861][  0]LogInit: Presizing for 0 objects not considered by GC, pre-allocating 0 bytes.
[2014.09.17-18.06.57:865][  0]LogInit: Object subsystem initialized
[2014.09.17-18.06.57:867][  0]LogInit: Selected Device Profile: [Windows]
[2014.09.17-18.06.57:867][  0]LogInit: Applying CVar settings loaded from the selected device profile: [Windows]
[2014.09.17-18.06.57:869][  0]LogInit: Computer: MASTERPC
[2014.09.17-18.06.57:869][  0]LogInit: User: Endero
[2014.09.17-18.06.57:870][  0]LogInit: CPU Page size=4096, Cores=4
[2014.09.17-18.06.57:870][  0]LogInit: High frequency timer resolution =3.513632 MHz
[2014.09.17-18.06.57:870][  0]LogMemory: Memory total: Physical=15.9GB (16GB approx) Virtual=8192.0GB
[2014.09.17-18.06.57:870][  0]LogMemory: Platform Memory Stats for Windows
[2014.09.17-18.06.57:870][  0]LogMemory: Process Physical Memory: 62.57 MB used, 62.57 MB peak
[2014.09.17-18.06.57:870][  0]LogMemory: Process Virtual Memory: 38.38 MB used, 38.38 MB peak
[2014.09.17-18.06.57:870][  0]LogMemory: Physical Memory: 6246.16 MB used, 16321.48 MB total
[2014.09.17-18.06.57:870][  0]LogMemory: Virtual Memory: 261.14 MB used, 8388608.00 MB total
[2014.09.17-18.06.57:885][  0]LogD3D11RHI: Found D3D11 adapter 0: AMD Radeon R9 200 Series (Feature Level 11_0)
[2014.09.17-18.06.57:885][  0]LogD3D11RHI: Adapter has 2022MB of dedicated video memory, 0MB of dedicated system memory, and 7904MB of shared system memory, 2 output[s]
[2014.09.17-18.06.57:885][  0]LogD3D11RHI: Chosen D3D11 Adapter Id = 0
[2014.09.17-18.06.57:889][  0]LogRHI: Texture pool is 1361 MB (70% of 1945 MB)
[2014.09.17-18.06.57:892][  0]LogD3D11RHI: Async texture creation disabled: no driver support
[2014.09.17-18.06.57:925][  0]LogTextLocalizationManager:Warning: The selected culture 'de_CH' is not available; falling back to 'en'
[2014.09.17-18.06.57:979][  0]LogContentStreaming: Texture pool size is 0.000000MB
[2014.09.17-18.06.58:959][  0]LogTargetPlatformManager:Display: Building Assets For Windows
[2014.09.17-18.06.59:203][  0]LogTargetPlatformManager:Display: Building Assets For Windows
[2014.09.17-18.06.59:226][  0]LogDerivedDataCache:Display: Max Cache Size: 512 MB
[2014.09.17-18.06.59:257][  0]LogDerivedDataCache: Loaded boot cache 0.03s 39MB C:/Users/Endero/AppData/Local/UnrealEngine/4.4/DerivedDataCache/Boot.ddc.
[2014.09.17-18.06.59:257][  0]LogDerivedDataCache:Display: Loaded Boot cache: C:/Users/Endero/AppData/Local/UnrealEngine/4.4/DerivedDataCache/Boot.ddc
[2014.09.17-18.06.59:257][  0]LogDerivedDataCache: FDerivedDataBackendGraph:  Pak pak cache file ../../../../../../Github/UnrealEngine/FirstGame/DerivedDataCache/DDC.ddp not found, will not use a pak cache.
[2014.09.17-18.06.59:257][  0]LogDerivedDataCache: Unable to find inner node Pak for hierarchical cache Hierarchy.
[2014.09.17-18.06.59:270][  0]LogDerivedDataCache:Display: Pak cache opened for reading ../../../Engine/DerivedDataCache/DDC.ddp.
[2014.09.17-18.06.59:281][  0]LogDerivedDataCache: Using Local data cache path C:/Users/Endero/AppData/Local/UnrealEngine/4.4/DerivedDataCache: Writable
[2014.09.17-18.06.59:381][  0]LogMeshUtilities: No automatic mesh reduction module available
[2014.09.17-18.06.59:381][  0]LogMeshUtilities: No automatic mesh merging module available
[2014.09.17-18.06.59:590][  0]LogInit: WinSock: version 1.1 (2.2), MaxSocks=32767, MaxUdp=65467
[2014.09.17-18.07.01:615][  0]LogStats:Warning: MetaData mismatch. Did you assign a stat to two groups? New //STATGROUP_Threads//FMonitoredProcess///Thread_27fc_0///////STATCAT_Advanced//// old //STATGROUP_Threads//FMonitoredProcess///Thread_2c64_0///////STATCAT_Advanced////
[2014.09.17-18.07.01:615][  0]UdpMessaging: Initializing bridge on interface 0.0.0.0:0 to multicast group 230.0.0.1:6666.
[2014.09.17-18.07.01:905][  0]LogConfig:Warning: Failed to saved backup for config[SourceControlSettings]
[2014.09.17-18.07.02:005][  0]SourceControl: Info Source control is disabled
[2014.09.17-18.07.02:005][  0]SourceControl: Info Source control is disabled
[2014.09.17-18.07.02:009][  0]SourceControl: Info Source control is disabled
[2014.09.17-18.07.04:316][  0]BlueprintLog: New page: Editor Load
[2014.09.17-18.07.05:055][  0]LogObj: 21438 objects as part of root set at end of initial load.
[2014.09.17-18.07.05:055][  0]LogUObjectAllocator: 4218656 out of 0 bytes used by permanent object pool.
[2014.09.17-18.07.06:367][  0]LogAutomationTest:Warning: Smoke tests took > 1s to run: 1.10s
[2014.09.17-18.07.06:392][  0]LogEngine: Initializing Engine...
[2014.09.17-18.07.07:108][  0]LogInit: XAudio2 using 'Lautsprecher (2- Wireless Stereo Headset)' : 2 channels at 44.1 kHz using 16 bits per sample (channel mask 0x3)
[2014.09.17-18.07.07:117][  0]LogInit: FAudioDevice initialized.
[2014.09.17-18.07.07:772][  0]LogAIModule: Creating AISystem for world NewWorld
[2014.09.17-18.07.07:841][  0]LogDerivedDataCache: Saved boot cache 0.02s 39MB C:/Users/Endero/AppData/Local/UnrealEngine/4.4/DerivedDataCache/Boot.ddc.
[2014.09.17-18.07.07:846][  0]LogInit: Texture streaming: Enabled
[2014.09.17-18.07.07:903][  0]LogInit: Transaction tracking system initialized
[2014.09.17-18.07.09:003][  0]LogAssetRegistry: FAssetRegistry took 0.0658 seconds to start up
[2014.09.17-18.07.11:285][  0]LogTargetPlatformManager:Display: Building Assets For Windows
[2014.09.17-18.07.11:538][  0]LogTargetPlatformManager:Display: Building Assets For Windows
[2014.09.17-18.07.12:131][  0]LogConsoleResponse:Display: 
[2014.09.17-18.07.13:993][  0]LogStats:Warning: MetaData mismatch. Did you assign a stat to two groups? New //STATGROUP_Threads//FMonitoredProcess///Thread_2eb4_0///////STATCAT_Advanced//// old //STATGROUP_Threads//FMonitoredProcess///Thread_2c64_0///////STATCAT_Advanced////
[2014.09.17-18.07.13:993][  0]LogStats:Warning: MetaData mismatch. Did you assign a stat to two groups? New //STATGROUP_Threads//FMonitoredProcess///Thread_2fc0_0///////STATCAT_Advanced//// old //STATGROUP_Threads//FMonitoredProcess///Thread_2c64_0///////STATCAT_Advanced////
[2014.09.17-18.07.13:993][  0]SourceControl: Info Source control is disabled
[2014.09.17-18.07.14:038][  0]Cmd: MAP LOAD FILE="../../../../../../Github/UnrealEngine/FirstGame/Content/Maps/Example_Map.umap" TEMPLATE=0 SHOWPROGRESS=1
[2014.09.17-18.07.14:038][  0]LightingResults: New page: Lighting Build
[2014.09.17-18.07.14:115][  0]MapCheck: New page: Map Check
[2014.09.17-18.07.14:115][  0]LightingResults: New page: Lighting Build
[2014.09.17-18.07.14:191][  0]LogParticles: Destroying 0 GPU particle simulations for FXSystem 0x0000000012B94680
[2014.09.17-18.07.16:295][  0]LogEditorServer: Finished looking for orphan Actors (0.000 secs)
[2014.09.17-18.07.16:303][  0]LogAIModule: Creating AISystem for world Example_Map
[2014.09.17-18.07.16:360][  0]Cmd: MAP CHECKDEP
[2014.09.17-18.07.16:360][  0]MapCheck: New page: Example_Map - Sep 17, 2014, 10:07:16 PM
[2014.09.17-18.07.16:398][  0]MapCheck: Info ========== Map Check: 0 Error(s), 0 Warning(s), [37.738ms] ==========
[2014.09.17-18.07.16:398][  0]LogFileHelpers: Loading map 'Example_Map' took 2.372
[2014.09.17-18.07.17:457][  0]LogCollectionManager: Loaded 0 collections in 0.011956 seconds
[2014.09.17-18.07.18:329][  0]LogCrashTracker: Crashtracker disabled due to settings.
[2014.09.17-18.07.18:602][  0]LogLoad: Full Startup: 22.24 seconds (BP compile: 0.17 seconds)
[2014.09.17-18.07.18:628][  0]LogContentBrowser:Verbose: The content browser source was changed by the sources view to '/Game/Interface'
[2014.09.17-18.07.19:920][  0]LogRenderer:Warning: Reallocating scene render targets to support 1136x912.
[2014.09.17-18.07.20:318][  2]LogAssetRegistry: Asset discovery search completed in 11.3624 seconds
[2014.09.17-18.07.23:368][142]Cmd: QUIT_EDITOR
[2014.09.17-18.07.23:472][142]LogWindowsTextInputMethodSystem:Error: Terminating failed while unadvising the language notification sink from the TSF source.
[2014.09.17-18.07.23:534][142]LogExit: Preparing to exit.
[2014.09.17-18.07.24:836][142]LogExit: Editor shut down
[2014.09.17-18.07.24:836][142]LogExit: Transaction tracking system shut down
[2014.09.17-18.07.24:837][142]LogParticles: Destroying 0 GPU particle simulations for FXSystem 0x00000000113D54E0
[2014.09.17-18.07.25:041][142]LogExit: Object subsystem successfully closed.
[2014.09.17-18.07.25:214][142]LogModuleManager: Shutting down and abandoning module AndroidDeviceDetection (161)
[2014.09.17-18.07.25:214][142]LogModuleManager: Shutting down and abandoning module HTTP (160)
[2014.09.17-18.07.25:214][142]LogModuleManager: Shutting down and abandoning module CrashTracker (159)
[2014.09.17-18.07.25:214][142]LogModuleManager: Shutting down and abandoning module SuperSearch (158)
[2014.09.17-18.07.25:223][142]LogModuleManager: Shutting down and abandoning module SceneOutliner (157)
[2014.09.17-18.07.25:223][142]LogModuleManager: Shutting down and abandoning module EditorWidgets (156)
[2014.09.17-18.07.25:223][142]LogModuleManager: Shutting down and abandoning module CollectionManager (155)
[2014.09.17-18.07.25:261][142]LogModuleManager: Shutting down and abandoning module StatsViewer (154)
[2014.09.17-18.07.25:270][142]LogModuleManager: Shutting down and abandoning module FoliageEdit (153)
[2014.09.17-18.07.25:270][142]LogModuleManager: Shutting down and abandoning module LandscapeEditor (152)
[2014.09.17-18.07.25:278][142]LogModuleManager: Shutting down and abandoning module MeshPaint (151)
[2014.09.17-18.07.25:278][142]LogModuleManager: Shutting down and abandoning module ActorPickerMode (150)
[2014.09.17-18.07.25:278][142]LogModuleManager: Shutting down and abandoning module GeometryMode (149)
[2014.09.17-18.07.25:278][142]LogModuleManager: Shutting down and abandoning module TextureAlignMode (148)
[2014.09.17-18.07.25:278][142]LogModuleManager: Shutting down and abandoning module BspMode (147)
[2014.09.17-18.07.25:278][142]LogModuleManager: Shutting down and abandoning module PlacementMode (146)
[2014.09.17-18.07.25:278][142]LogModuleManager: Shutting down and abandoning module DesktopPlatform (145)
[2014.09.17-18.07.25:283][142]LogModuleManager: Shutting down and abandoning module AutomationWorker (144)
[2014.09.17-18.07.25:283][142]LogModuleManager: Shutting down and abandoning module EditorLiveStreaming (143)
[2014.09.17-18.07.25:283][142]LogModuleManager: Shutting down and abandoning module BehaviorTreeEditor (142)
[2014.09.17-18.07.25:336][142]LogModuleManager: Shutting down and abandoning module DeviceProfileEditor (141)
[2014.09.17-18.07.25:336][142]LogModuleManager: Shutting down and abandoning module UndoHistory (140)
[2014.09.17-18.07.25:336][142]LogModuleManager: Shutting down and abandoning module GameplayTagsEditor (139)
[2014.09.17-18.07.25:336][142]LogModuleManager: Shutting down and abandoning module UserFeedback (138)
[2014.09.17-18.07.25:336][142]LogModuleManager: Shutting down and abandoning module XmlParser (137)
[2014.09.17-18.07.25:336][142]LogModuleManager: Shutting down and abandoning module Blutility (136)
[2014.09.17-18.07.25:336][142]LogModuleManager: Shutting down and abandoning module IOSPlatformEditor (135)
[2014.09.17-18.07.25:336][142]LogModuleManager: Shutting down and abandoning module IOSRuntimeSettings (134)
[2014.09.17-18.07.25:336][142]LogModuleManager: Shutting down and abandoning module AndroidPlatformEditor (133)
[2014.09.17-18.07.25:336][142]LogModuleManager: Shutting down and abandoning module AndroidRuntimeSettings (132)
[2014.09.17-18.07.25:336][142]LogModuleManager: Shutting down and abandoning module ProjectTargetPlatformEditor (131)
[2014.09.17-18.07.25:336][142]LogModuleManager: Shutting down and abandoning module ProjectSettingsViewer (130)
[2014.09.17-18.07.25:336][142]LogModuleManager: Shutting down and abandoning module InputBindingEditor (129)
[2014.09.17-18.07.25:336][142]LogModuleManager: Shutting down and abandoning module EditorSettingsViewer (128)
[2014.09.17-18.07.25:336][142]LogModuleManager: Shutting down and abandoning module SettingsEditor (127)
[2014.09.17-18.07.25:355][142]LogModuleManager: Shutting down and abandoning module SessionLauncher (126)
[2014.09.17-18.07.25:355][142]LogModuleManager: Shutting down and abandoning module SessionFrontend (125)
[2014.09.17-18.07.25:355][142]LogModuleManager: Shutting down and abandoning module ProfilerClient (124)
[2014.09.17-18.07.25:366][142]LogModuleManager: Shutting down and abandoning module TargetDeviceServices (123)
[2014.09.17-18.07.25:366][142]LogModuleManager: Shutting down and abandoning module DeviceManager (122)
[2014.09.17-18.07.25:366][142]LogModuleManager: Shutting down and abandoning module AutomationController (121)
[2014.09.17-18.07.25:366][142]LogModuleManager: Shutting down and abandoning module AutomationWindow (120)
[2014.09.17-18.07.25:376][142]LogModuleManager: Shutting down and abandoning module Layers (119)
[2014.09.17-18.07.25:455][142]LogModuleManager: Shutting down and abandoning module ComponentVisualizers (118)
[2014.09.17-18.07.25:455][142]LogModuleManager: Shutting down and abandoning module DetailCustomizations (117)
[2014.09.17-18.07.25:493][142]LogModuleManager: Shutting down and abandoning module PackagesDialog (116)
[2014.09.17-18.07.25:493][142]LogModuleManager: Shutting down and abandoning module DirectoryWatcher (115)
[2014.09.17-18.07.25:493][142]LogModuleManager: Shutting down and abandoning module AssetRegistry (114)
[2014.09.17-18.07.25:531][142]LogModuleManager: Shutting down and abandoning module Persona (113)
[2014.09.17-18.07.25:546][142]LogModuleManager: Shutting down and abandoning module GraphEditor (112)
[2014.09.17-18.07.25:555][142]LogModuleManager: Shutting down and abandoning module ClassViewer (111)
[2014.09.17-18.07.25:555][142]LogModuleManager: Shutting down and abandoning module Toolbox (110)
[2014.09.17-18.07.25:555][142]LogModuleManager: Shutting down and abandoning module ModuleUI (109)
[2014.09.17-18.07.25:560][142]LogModuleManager: Shutting down and abandoning module MovieSceneTools (108)
[2014.09.17-18.07.25:560][142]LogModuleManager: Shutting down and abandoning module OutputLog (107)
[2014.09.17-18.07.25:560][142]LogModuleManager: Shutting down and abandoning module GammaUI (106)
[2014.09.17-18.07.25:560][142]LogModuleManager: Shutting down and abandoning module Documentation (105)
[2014.09.17-18.07.25:560][142]LogModuleManager: Shutting down and abandoning module GameLiveStreaming (104)
[2014.09.17-18.07.25:560][142]LogModuleManager: Shutting down and abandoning module StreamingPauseRendering (103)
[2014.09.17-18.07.25:560][142]LogModuleManager: Shutting down and abandoning module AnalyticsET (102)
[2014.09.17-18.07.25:560][142]LogModuleManager: Shutting down and abandoning module Analytics (101)
[2014.09.17-18.07.25:560][142]LogModuleManager: Shutting down and abandoning module GameplayDebugger (100)
[2014.09.17-18.07.25:560][142]LogModuleManager: Shutting down and abandoning module AIModule (99)
[2014.09.17-18.07.25:560][142]LogModuleManager: Shutting down and abandoning module ProfilerService (98)
[2014.09.17-18.07.25:661][142]LogModuleManager: Shutting down and abandoning module TaskGraph (97)
[2014.09.17-18.07.25:669][142]LogModuleManager: Shutting down and abandoning module SlateRemote (96)
[2014.09.17-18.07.25:669][142]LogModuleManager: Shutting down and abandoning module ScriptEditorPlugin (95)
[2014.09.17-18.07.25:669][142]LogModuleManager: Shutting down and abandoning module CustomMeshComponent (94)
[2014.09.17-18.07.25:669][142]LogModuleManager: Shutting down and abandoning module CableComponent (93)
[2014.09.17-18.07.25:669][142]LogModuleManager: Shutting down and abandoning module MessagingDebugger (92)
[2014.09.17-18.07.25:699][142]LogModuleManager: Shutting down and abandoning module ViewportSnapping (91)
[2014.09.17-18.07.25:699][142]LogModuleManager: Shutting down and abandoning module SmartSnapping (90)
[2014.09.17-18.07.25:699][142]LogModuleManager: Shutting down and abandoning module PaperTiledImporter (89)
[2014.09.17-18.07.25:699][142]LogModuleManager: Shutting down and abandoning module PaperJsonImporter (88)
[2014.09.17-18.07.25:699][142]LogModuleManager: Shutting down and abandoning module GameProjectGeneration (87)
[2014.09.17-18.07.25:699][142]LogModuleManager: Shutting down and abandoning module Matinee (86)
[2014.09.17-18.07.25:746][142]LogModuleManager: Shutting down and abandoning module Kismet (85)
[2014.09.17-18.07.25:747][142]LogModuleManager: Shutting down and abandoning module SlateReflector (84)
[2014.09.17-18.07.25:747][142]LogModuleManager: Shutting down and abandoning module LevelEditor (83)
[2014.09.17-18.07.25:747][142]LogModuleManager: Shutting down and abandoning module IntroTutorials (82)
[2014.09.17-18.07.25:748][142]LogModuleManager: Shutting down and abandoning module ContentBrowser (81)
[2014.09.17-18.07.25:748][142]LogModuleManager: Shutting down and abandoning module PropertyEditor (80)
[2014.09.17-18.07.25:756][142]LogModuleManager: Shutting down and abandoning module Paper2DEditor (79)
[2014.09.17-18.07.25:768][142]LogModuleManager: Shutting down and abandoning module SpeedTreeImporter (78)
[2014.09.17-18.07.25:768][142]LogModuleManager: Shutting down and abandoning module PluginsEditor (77)
[2014.09.17-18.07.25:768][142]LogModuleManager: Shutting down and abandoning module MainFrame (76)
[2014.09.17-18.07.25:768][142]LogModuleManager: Shutting down and abandoning module EpicSurvey (75)
[2014.09.17-18.07.25:768][142]LogModuleManager: Shutting down and abandoning module VisualStudioSourceCodeAccess (74)
[2014.09.17-18.07.25:768][142]LogModuleManager: Shutting down and abandoning module UObjectPlugin (73)
[2014.09.17-18.07.25:768][142]LogModuleManager: Shutting down and abandoning module SubversionSourceControl (72)
[2014.09.17-18.07.25:768][142]LogModuleManager: Shutting down and abandoning module SourceControl (71)
[2014.09.17-18.07.25:768][142]LogModuleManager: Shutting down and abandoning module PerforceSourceControl (70)
[2014.09.17-18.07.25:782][142]LogModuleManager: Shutting down and abandoning module BlankPlugin (69)
[2014.09.17-18.07.25:782][142]LogModuleManager: Shutting down and abandoning module ScriptPlugin (68)
[2014.09.17-18.07.25:782][142]LogModuleManager: Shutting down and abandoning module UdpMessaging (67)
[2014.09.17-18.07.25:882][142]LogModuleManager: Shutting down and abandoning module Paper2D (66)
[2014.09.17-18.07.25:882][142]LogModuleManager: Shutting down and abandoning module WindowsMoviePlayer (65)
[2014.09.17-18.07.25:885][142]LogModuleManager: Shutting down and abandoning module ImageWrapper (64)
[2014.09.17-18.07.25:885][142]LogModuleManager: Shutting down and abandoning module OnlineBlueprintSupport (63)
[2014.09.17-18.07.25:885][142]LogModuleManager: Shutting down and abandoning module FunctionalTesting (62)
[2014.09.17-18.07.25:885][142]LogModuleManager: Shutting down and abandoning module CollisionAnalyzer (61)
[2014.09.17-18.07.25:914][142]LogModuleManager: Shutting down and abandoning module WorkspaceMenuStructure (60)
[2014.09.17-18.07.25:914][142]LogModuleManager: Shutting down and abandoning module MessageLog (59)
[2014.09.17-18.07.25:914][142]LogModuleManager: Shutting down and abandoning module Sequencer (58)
[2014.09.17-18.07.25:934][142]LogModuleManager: Shutting down and abandoning module AssetTools (57)
[2014.09.17-18.07.25:956][142]LogModuleManager: Shutting down and abandoning module UMGEditor (56)
[2014.09.17-18.07.25:984][142]LogModuleManager: Shutting down and abandoning module UMG (55)
[2014.09.17-18.07.25:996][142]LogModuleManager: Shutting down and abandoning module Slate (54)
[2014.09.17-18.07.25:996][142]LogModuleManager: Shutting down and abandoning module EditorStyle (53)
[2014.09.17-18.07.25:997][142]LogModuleManager: Shutting down and abandoning module SessionServices (52)
[2014.09.17-18.07.25:997][142]LogModuleManager: Shutting down and abandoning module SourceCodeAccess (51)
[2014.09.17-18.07.25:997][142]LogModuleManager: Shutting down and abandoning module HeadMountedDisplay (50)
[2014.09.17-18.07.25:997][142]LogModuleManager: Shutting down and abandoning module XAudio2 (49)
[2014.09.17-18.07.25:997][142]LogModuleManager: Shutting down and abandoning module Networking (47)
[2014.09.17-18.07.25:997][142]LogModuleManager: Shutting down and abandoning module Core (46)
[2014.09.17-18.07.25:997][142]LogModuleManager: Shutting down and abandoning module KismetCompiler (45)
[2014.09.17-18.07.25:997][142]LogModuleManager: Shutting down and abandoning module PhysXFormats (44)
[2014.09.17-18.07.25:997][142]LogModuleManager: Shutting down and abandoning module MeshUtilities (43)
[2014.09.17-18.07.26:002][142]LogModuleManager: Shutting down and abandoning module DerivedDataCache (42)
[2014.09.17-18.07.26:281][142]LogDerivedDataCache: Shutdown
[2014.09.17-18.07.26:281][142]LogModuleManager: Shutting down and abandoning module ShaderFormatOpenGL (41)
[2014.09.17-18.07.26:345][142]LogModuleManager: Shutting down and abandoning module ShaderFormatD3D (40)
[2014.09.17-18.07.26:345][142]LogModuleManager: Shutting down and abandoning module MetalShaderFormat (39)
[2014.09.17-18.07.26:355][142]LogModuleManager: Shutting down and abandoning module TextureFormatUncompressed (38)
[2014.09.17-18.07.26:355][142]LogModuleManager: Shutting down and abandoning module TextureFormatPVR (37)
[2014.09.17-18.07.26:355][142]LogModuleManager: Shutting down and abandoning module TextureFormatDXT (36)
[2014.09.17-18.07.26:355][142]LogModuleManager: Shutting down and abandoning module TextureFormatAndroid (35)
[2014.09.17-18.07.26:355][142]LogModuleManager: Shutting down and abandoning module AudioFormatOpus (34)
[2014.09.17-18.07.26:355][142]LogModuleManager: Shutting down and abandoning module AudioFormatOgg (33)
[2014.09.17-18.07.26:355][142]LogModuleManager: Shutting down and abandoning module AudioFormatADPCM (32)
[2014.09.17-18.07.26:355][142]LogModuleManager: Shutting down and abandoning module Messaging (31)
[2014.09.17-18.07.26:355][142]LogModuleManager: Shutting down and abandoning module IOSTargetPlatform (30)
[2014.09.17-18.07.26:355][142]LogModuleManager: Shutting down and abandoning module Android_PVRTCTargetPlatform (29)
[2014.09.17-18.07.26:355][142]LogModuleManager: Shutting down and abandoning module Android_ETC2TargetPlatform (28)
[2014.09.17-18.07.26:355][142]LogModuleManager: Shutting down and abandoning module Android_ETC1TargetPlatform (27)
[2014.09.17-18.07.26:355][142]LogModuleManager: Shutting down and abandoning module Android_DXTTargetPlatform (26)
[2014.09.17-18.07.26:355][142]LogModuleManager: Shutting down and abandoning module Android_ATCTargetPlatform (25)
[2014.09.17-18.07.26:355][142]LogModuleManager: Shutting down and abandoning module AndroidTargetPlatform (24)
[2014.09.17-18.07.26:355][142]LogModuleManager: Shutting down and abandoning module WindowsTargetPlatform (23)
[2014.09.17-18.07.26:355][142]LogModuleManager: Shutting down and abandoning module WindowsServerTargetPlatform (22)
[2014.09.17-18.07.26:355][142]LogModuleManager: Shutting down and abandoning module WindowsNoEditorTargetPlatform (21)
[2014.09.17-18.07.26:355][142]LogModuleManager: Shutting down and abandoning module WindowsClientTargetPlatform (20)
[2014.09.17-18.07.26:355][142]LogModuleManager: Shutting down and abandoning module TargetPlatform (19)
[2014.09.17-18.07.26:355][142]LogModuleManager: Shutting down and abandoning module InputCore (18)
[2014.09.17-18.07.26:355][142]LogModuleManager: Shutting down and abandoning module Settings (17)
[2014.09.17-18.07.26:355][142]LogModuleManager: Shutting down and abandoning module ExampleDeviceProfileSelector (14)
[2014.09.17-18.07.26:355][142]LogModuleManager: Shutting down and abandoning module OculusRift (13)
[2014.09.17-18.07.26:355][142]LogModuleManager: Shutting down and abandoning module TextureCompressor (12)
[2014.09.17-18.07.26:355][142]LogModuleManager: Shutting down and abandoning module ShaderCore (11)
[2014.09.17-18.07.26:355][142]LogModuleManager: Shutting down and abandoning module OpenGLDrv (10)
[2014.09.17-18.07.26:355][142]LogModuleManager: Shutting down and abandoning module D3D11RHI (9)
[2014.09.17-18.07.26:355][142]LogModuleManager: Shutting down and abandoning module SlateRHIRenderer (8)
[2014.09.17-18.07.26:355][142]LogModuleManager: Shutting down and abandoning module Renderer (7)
[2014.09.17-18.07.26:355][142]LogModuleManager: Shutting down and abandoning module Engine (6)
[2014.09.17-18.07.26:355][142]LogModuleManager: Shutting down and abandoning module CoreUObject (5)
[2014.09.17-18.07.26:355][142]LogModuleManager: Shutting down and abandoning module NetworkFile (4)
[2014.09.17-18.07.26:355][142]LogModuleManager: Shutting down and abandoning module StreamingFile (3)
[2014.09.17-18.07.26:355][142]LogModuleManager: Shutting down and abandoning module SandboxFile (2)
[2014.09.17-18.07.26:355][142]LogModuleManager: Shutting down and abandoning module PakFile (1)
[2014.09.17-18.07.26:356][142]LogExit: Exiting.
[2014.09.17-18.07.26:363][142]Log file closed, 09/17/14 20:07:26
