Log file open, 09/23/14 18:56:46
LogInit:Display: Running engine for game: FirstGame
LogWindows:Error: appError called: Assertion failed: FCString::Strlen(InName)<=NAME_SIZE [File:D:\BuildFarm\buildmachine_++depot+UE4-Releases+4.4\Engine\Source\Runtime\Core\Private\UObject\UnrealNames.cpp] [Line: 504]

Stack:
Address = 0xce2a5216 (filename not found) [in M:\UDK\Unreal Engine\4.4\Engine\Binaries\Win64\UE4Editor-Core.dll]
Address = 0xce128615 (filename not found) [in M:\UDK\Unreal Engine\4.4\Engine\Binaries\Win64\UE4Editor-Core.dll]
Address = 0xce20cb35 (filename not found) [in M:\UDK\Unreal Engine\4.4\Engine\Binaries\Win64\UE4Editor-Core.dll]
Address = 0xce1f36b1 (filename not found) [in M:\UDK\Unreal Engine\4.4\Engine\Binaries\Win64\UE4Editor-Core.dll]
Address = 0xce14ffa3 (filename not found) [in M:\UDK\Unreal Engine\4.4\Engine\Binaries\Win64\UE4Editor-Core.dll]
Address = 0xce151814 (filename not found) [in M:\UDK\Unreal Engine\4.4\Engine\Binaries\Win64\UE4Editor-Core.dll]
Address = 0xce14ecbc (filename not found) [in M:\UDK\Unreal Engine\4.4\Engine\Binaries\Win64\UE4Editor-Core.dll]
Address = 0xce143ea0 (filename not found) [in M:\UDK\Unreal Engine\4.4\Engine\Binaries\Win64\UE4Editor-Core.dll]
Address = 0xce1359cb (filename not found) [in M:\UDK\Unreal Engine\4.4\Engine\Binaries\Win64\UE4Editor-Core.dll]
Address = 0xce1450ed (filename not found) [in M:\UDK\Unreal Engine\4.4\Engine\Binaries\Win64\UE4Editor-Core.dll]
Address = 0xce14055e (filename not found) [in M:\UDK\Unreal Engine\4.4\Engine\Binaries\Win64\UE4Editor-Core.dll]
FEngineLoop::AppInit() 0x3f857f6f + 0 bytes [File=d:\buildfarm\buildmachine_++depot+ue4-releases+4.4\engine\source\runtime\launch\private\launchengineloop.cpp:2328] [in M:\UDK\Unreal Engine\4.4\Engine\Binaries\Win64\UE4Editor.exe]
FEngineLoop::PreInit() 0x3f862009 + 5 bytes [File=d:\buildfarm\buildmachine_++depot+ue4-releases+4.4\engine\source\runtime\launch\private\launchengineloop.cpp:999] [in M:\UDK\Unreal Engine\4.4\Engine\Binaries\Win64\UE4Editor.exe]
GuardedMain() 0x3f85c94c + 15 bytes [File=d:\buildfarm\buildmachine_++depot+ue4-releases+4.4\engine\source\runtime\launch\private\launch.cpp:112] [in M:\UDK\Unreal Engine\4.4\Engine\Binaries\Win64\UE4Editor.exe]
GuardedMainWrapper() 0x3f85caaa + 5 bytes [File=d:\buildfarm\buildmachine_++depot+ue4-releases+4.4\engine\source\runtime\launch\private\windows\launchwindows.cpp:125] [in M:\UDK\Unreal Engine\4.4\Engine\Binaries\Win64\UE4Editor.exe]
WinMain() 0x3f8688c9 + 17 bytes [File=d:\buildfarm\buildmachine_++depot+ue4-releases+4.4\engine\source\runtime\launch\private\windows\launchwindows.cpp:201] [in M:\UDK\Unreal Engine\4.4\Engine\Binaries\Win64\UE4Editor.exe]
__tmainCRTStartup() 0x3f8696f9 + 21 bytes [File=f:\dd\vctools\crt\crtw32\dllstuff\crtexe.c:618] [in M:\UDK\Unreal Engine\4.4\Engine\Binaries\Win64\UE4Editor.exe]
Address = 0x774e59ed (filename not found) [in C:\Windows\system32\kernel32.dll]
Address = 0x7771c541 (filename not found) [in C:\Windows\SYSTEM32\ntdll.dll]
Address = 0x7771c541 (filename not found) [in C:\Windows\SYSTEM32\ntdll.dll]

LogWindows:Error: Windows GetLastError: Der Vorgang wurde erfolgreich beendet. (0)
LogWindows: === Critical error: ===


LogWindows: Assertion failed: FCString::Strlen(InName)<=NAME_SIZE [File:D:\BuildFarm\buildmachine_++depot+UE4-Releases+4.4\Engine\Source\Runtime\Core\Private\UObject\UnrealNames.cpp] [Line: 504]

Stack:
Address = 0xce2a5216 (filename not found) [in M:\UDK\Unreal Engine\4.4\Engine\Binaries\Win64\UE4Editor-Core.dll]
Address = 0xce128615 (filename not found) [in M:\UDK\Unreal Engine\4.4\Engine\Binaries\Win64\UE4Editor-Core.dll]
Address = 0xce20cb35 (filename not found) [in M:\UDK\Unreal Engine\4.4\Engine\Binaries\Win64\UE4Editor-Core.dll]
Address = 0xce1f36b1 (filename not found) [in M:\UDK\Unreal Engine\4.4\Engine\Binaries\Win64\UE4Editor-Core.dll]
Address = 0xce14ffa3 (filename not found) [in M:\UDK\Unreal Engine\4.4\Engine\Binaries\Win64\UE4Editor-Core.dll]
Address = 0xce151814 (filename not found) [in M:\UDK\Unreal Engine\4.4\Engine\Binaries\Win64\UE4Editor-Core.dll]
Address = 0xce14ecbc (filename not found) [in M:\UDK\Unreal Engine\4.4\Engine\Binaries\Win64\UE4Editor-Core.dll]
Address = 0xce143ea0 (filename not found) [in M:\UDK\Unreal Engine\4.4\Engine\Binaries\Win64\UE4Editor-Core.dll]
Address = 0xce1359cb (filename not found) [in M:\UDK\Unreal Engine\4.4\Engine\Binaries\Win64\UE4Editor-Core.dll]
Address = 0xce1450ed (filename not found) [in M:\UDK\Unreal Engine\4.4\Engine\Binaries\Win64\UE4Editor-Core.dll]
Address = 0xce14055e (filename not found) [in M:\UDK\Unreal Engine\4.4\Engine\Binaries\Win64\UE4Editor-Core.dll]
FEngineLoop::AppInit() 0x3f857f6f + 0 bytes [File=d:\buildfarm\buildmachine_++depot+ue4-releases+4.4\engine\source\runtime\launch\private\launchengineloop.cpp:2328] [in M:\UDK\Unreal Engine\4.4\Engine\Binaries\Win64\UE4Editor.exe]
FEngineLoop::PreInit() 0x3f862009 + 5 bytes [File=d:\buildfarm\buildmachine_++depot+ue4-releases+4.4\engine\source\runtime\launch\private\launchengineloop.cpp:999] [in M:\UDK\Unreal Engine\4.4\Engine\Binaries\Win64\UE4Editor.exe]
GuardedMain() 0x3f85c94c + 15 bytes [File=d:\buildfarm\buildmachine_++depot+ue4-releases+4.4\engine\source\runtime\launch\private\launch.cpp:112] [in M:\UDK\Unreal Engine\4.4\Engine\Binaries\Win64\UE4Editor.exe]
GuardedMainWrapper() 0x3f85caaa + 5 bytes [File=d:\buildfarm\buildmachine_++depot+ue4-releases+4.4\engine\source\runtime\launch\private\windows\launchwindows.cpp:125] [in M:\UDK\Unreal Engine\4.4\Engine\Binaries\Win64\UE4Editor.exe]
WinMain() 0x3f8688c9 + 17 bytes [File=d:\buildfarm\buildmachine_++depot+ue4-releases+4.4\engine\source\runtime\launch\private\windows\launchwindows.cpp:201] [in M:\UDK\Unreal Engine\4.4\Engine\Binaries\Win64\UE4Editor.exe]
__tmainCRTStartup() 0x3f8696f9 + 21 bytes [File=f:\dd\vctools\crt\crtw32\dllstuff\crtexe.c:618] [in M:\UDK\Unreal Engine\4.4\Engine\Binaries\Win64\UE4Editor.exe]
Address = 0x774e59ed (filename not found) [in C:\Windows\system32\kernel32.dll]
Address = 0x7771c541 (filename not found) [in C:\Windows\SYSTEM32\ntdll.dll]
Address = 0x7771c541 (filename not found) [in C:\Windows\SYSTEM32\ntdll.dll]



LogWindows: FPlatformMisc::RequestExit(1)
Log file closed, 09/23/14 18:56:46
