Log file open, 09/17/14 21:12:48
LogInit:Display: Running engine for game: FirstGame
LogInit: Version: 4.4.3-2296771+++depot+UE4-Releases+4.4
LogInit: API Version: 2255576
LogInit: Compiled (64-bit): Sep 13 2014 22:30:58
LogInit: Build Configuration: Development
LogInit: Branch Name: ++depot+UE4-Releases+4.4
LogInit: Command line:  
LogInit: Base directory: D:/Programme/Unreal Engine/4.4/Engine/Binaries/Win64/
LogInit: Rocket: 1
[2014.09.17-19.12.48:147][  0]LogTaskGraph: Started task graph with 3 named threads and 4 total threads.
[2014.09.17-19.12.48:171][  0]LogOnline:Warning: No default platform service specified for OnlineSubsystem
[2014.09.17-19.12.48:176][  0]LogInit: Presizing for 0 objects not considered by GC, pre-allocating 0 bytes.
[2014.09.17-19.12.48:181][  0]LogInit: Object subsystem initialized
[2014.09.17-19.12.48:182][  0]LogInit: Selected Device Profile: [Windows]
[2014.09.17-19.12.48:182][  0]LogInit: Applying CVar settings loaded from the selected device profile: [Windows]
[2014.09.17-19.12.48:185][  0]LogInit: Computer: MASTERPC
[2014.09.17-19.12.48:185][  0]LogInit: User: Endero
[2014.09.17-19.12.48:188][  0]LogInit: CPU Page size=4096, Cores=4
[2014.09.17-19.12.48:188][  0]LogInit: High frequency timer resolution =3.513632 MHz
[2014.09.17-19.12.48:188][  0]LogMemory: Memory total: Physical=15.9GB (16GB approx) Virtual=8192.0GB
[2014.09.17-19.12.48:188][  0]LogMemory: Platform Memory Stats for Windows
[2014.09.17-19.12.48:188][  0]LogMemory: Process Physical Memory: 62.61 MB used, 62.61 MB peak
[2014.09.17-19.12.48:188][  0]LogMemory: Process Virtual Memory: 38.38 MB used, 38.38 MB peak
[2014.09.17-19.12.48:188][  0]LogMemory: Physical Memory: 6259.51 MB used, 16321.48 MB total
[2014.09.17-19.12.48:188][  0]LogMemory: Virtual Memory: 261.14 MB used, 8388608.00 MB total
[2014.09.17-19.12.48:206][  0]LogD3D11RHI: Found D3D11 adapter 0: AMD Radeon R9 200 Series (Feature Level 11_0)
[2014.09.17-19.12.48:206][  0]LogD3D11RHI: Adapter has 2022MB of dedicated video memory, 0MB of dedicated system memory, and 7904MB of shared system memory, 2 output[s]
[2014.09.17-19.12.48:206][  0]LogD3D11RHI: Chosen D3D11 Adapter Id = 0
[2014.09.17-19.12.48:211][  0]LogRHI: Texture pool is 1361 MB (70% of 1945 MB)
[2014.09.17-19.12.48:214][  0]LogD3D11RHI: Async texture creation disabled: no driver support
[2014.09.17-19.12.48:249][  0]LogTextLocalizationManager:Warning: The selected culture 'de_CH' is not available; falling back to 'en'
[2014.09.17-19.12.48:308][  0]LogContentStreaming: Texture pool size is 0.000000MB
[2014.09.17-19.12.49:354][  0]LogTargetPlatformManager:Display: Building Assets For Windows
[2014.09.17-19.12.49:611][  0]LogTargetPlatformManager:Display: Building Assets For Windows
[2014.09.17-19.12.49:633][  0]LogDerivedDataCache:Display: Max Cache Size: 512 MB
[2014.09.17-19.12.49:665][  0]LogDerivedDataCache: Loaded boot cache 0.03s 39MB C:/Users/Endero/AppData/Local/UnrealEngine/4.4/DerivedDataCache/Boot.ddc.
[2014.09.17-19.12.49:665][  0]LogDerivedDataCache:Display: Loaded Boot cache: C:/Users/Endero/AppData/Local/UnrealEngine/4.4/DerivedDataCache/Boot.ddc
[2014.09.17-19.12.49:665][  0]LogDerivedDataCache: FDerivedDataBackendGraph:  Pak pak cache file ../../../../../../Github/UnrealEngine/FirstGame/DerivedDataCache/DDC.ddp not found, will not use a pak cache.
[2014.09.17-19.12.49:665][  0]LogDerivedDataCache: Unable to find inner node Pak for hierarchical cache Hierarchy.
[2014.09.17-19.12.49:680][  0]LogDerivedDataCache:Display: Pak cache opened for reading ../../../Engine/DerivedDataCache/DDC.ddp.
[2014.09.17-19.12.49:691][  0]LogDerivedDataCache: Using Local data cache path C:/Users/Endero/AppData/Local/UnrealEngine/4.4/DerivedDataCache: Writable
[2014.09.17-19.12.49:797][  0]LogMeshUtilities: No automatic mesh reduction module available
[2014.09.17-19.12.49:797][  0]LogMeshUtilities: No automatic mesh merging module available
[2014.09.17-19.12.50:014][  0]LogInit: WinSock: version 1.1 (2.2), MaxSocks=32767, MaxUdp=65467
[2014.09.17-19.12.50:499][  0]LogStats:Warning: MetaData mismatch. Did you assign a stat to two groups? New //STATGROUP_Threads//FMonitoredProcess///Thread_7b4_0///////STATCAT_Advanced//// old //STATGROUP_Threads//FMonitoredProcess///Thread_2aac_0///////STATCAT_Advanced////
[2014.09.17-19.12.50:499][  0]UdpMessaging: Initializing bridge on interface 0.0.0.0:0 to multicast group 230.0.0.1:6666.
[2014.09.17-19.12.50:578][  0]SourceControl: Info Source control is disabled
[2014.09.17-19.12.50:578][  0]SourceControl: Info Source control is disabled
[2014.09.17-19.12.50:582][  0]SourceControl: Info Source control is disabled
[2014.09.17-19.12.50:674][  0]BlueprintLog: New page: Editor Load
[2014.09.17-19.12.50:726][  0]LogObj: 21438 objects as part of root set at end of initial load.
[2014.09.17-19.12.50:726][  0]LogUObjectAllocator: 4218656 out of 0 bytes used by permanent object pool.
[2014.09.17-19.12.50:890][  0]LogEngine: Initializing Engine...
[2014.09.17-19.12.50:956][  0]LogInit: XAudio2 using 'Lautsprecher (2- Wireless Stereo Headset)' : 2 channels at 44.1 kHz using 16 bits per sample (channel mask 0x3)
[2014.09.17-19.12.50:962][  0]LogInit: FAudioDevice initialized.
[2014.09.17-19.12.50:972][  0]LogAIModule: Creating AISystem for world NewWorld
[2014.09.17-19.12.50:995][  0]LogDerivedDataCache: Saved boot cache 0.02s 39MB C:/Users/Endero/AppData/Local/UnrealEngine/4.4/DerivedDataCache/Boot.ddc.
[2014.09.17-19.12.50:999][  0]LogInit: Texture streaming: Enabled
[2014.09.17-19.12.51:016][  0]LogInit: Transaction tracking system initialized
[2014.09.17-19.12.51:071][  0]LogAssetRegistry: FAssetRegistry took 0.0097 seconds to start up
[2014.09.17-19.12.51:378][  0]LogTargetPlatformManager:Display: Building Assets For Windows
[2014.09.17-19.12.51:590][  0]LogTargetPlatformManager:Display: Building Assets For Windows
[2014.09.17-19.12.51:659][  0]LogConsoleResponse:Display: 
[2014.09.17-19.12.51:751][  0]LogStats:Warning: MetaData mismatch. Did you assign a stat to two groups? New //STATGROUP_Threads//FMonitoredProcess///Thread_2e84_0///////STATCAT_Advanced//// old //STATGROUP_Threads//FMonitoredProcess///Thread_2aac_0///////STATCAT_Advanced////
[2014.09.17-19.12.51:751][  0]LogStats:Warning: MetaData mismatch. Did you assign a stat to two groups? New //STATGROUP_Threads//FMonitoredProcess///Thread_3320_0///////STATCAT_Advanced//// old //STATGROUP_Threads//FMonitoredProcess///Thread_2aac_0///////STATCAT_Advanced////
[2014.09.17-19.12.51:751][  0]SourceControl: Info Source control is disabled
[2014.09.17-19.12.51:751][  0]Cmd: MAP LOAD FILE="../../../../../../Github/UnrealEngine/FirstGame/Content/Maps/Example_Map.umap" TEMPLATE=0 SHOWPROGRESS=1
[2014.09.17-19.12.51:751][  0]LightingResults: New page: Lighting Build
[2014.09.17-19.12.51:756][  0]MapCheck: New page: Map Check
[2014.09.17-19.12.51:756][  0]LightingResults: New page: Lighting Build
[2014.09.17-19.12.51:766][  0]LogParticles: Destroying 0 GPU particle simulations for FXSystem 0x00000000118D4680
[2014.09.17-19.12.51:900][  0]LogEditorServer: Finished looking for orphan Actors (0.000 secs)
[2014.09.17-19.12.51:900][  0]LogAIModule: Creating AISystem for world Example_Map
[2014.09.17-19.12.51:900][  0]Cmd: MAP CHECKDEP
[2014.09.17-19.12.51:900][  0]MapCheck: New page: Example_Map - Sep 17, 2014, 11:12:51 PM
[2014.09.17-19.12.51:929][  0]MapCheck: Info ========== Map Check: 0 Error(s), 0 Warning(s), [28.169ms] ==========
[2014.09.17-19.12.51:929][  0]LogFileHelpers: Loading map 'Example_Map' took 0.178
[2014.09.17-19.12.52:029][  0]LogCollectionManager: Loaded 0 collections in 0.000573 seconds
[2014.09.17-19.12.52:090][  0]LogCrashTracker: Crashtracker disabled due to settings.
[2014.09.17-19.12.52:134][  0]LogLoad: Full Startup: 5.47 seconds (BP compile: 0.04 seconds)
[2014.09.17-19.12.52:149][  0]LogContentBrowser:Verbose: The content browser source was changed by the sources view to '/Game/Animations/Blueprints'
[2014.09.17-19.12.52:274][  0]LogRenderer:Warning: Reallocating scene render targets to support 1136x912.
[2014.09.17-19.12.52:515][  2]LogAssetRegistry: Asset discovery search completed in 1.4537 seconds
[2014.09.17-19.13.12:784][451]LogContentBrowser:Verbose: The content browser source was changed by the sources view to '/Game/Animations/Mycharacter'
[2014.09.17-19.13.17:010][832]LogContentBrowser:Verbose: The content browser source was changed by the sources view to '/Game/Character'
[2014.09.17-19.13.19:112][ 23]LogContentBrowser:Verbose: The content browser source was changed by the sources view to '/Game/Character/Mycharacter'
[2014.09.17-19.13.34:203][235]LogContentBrowser:Verbose: The content browser source was changed by the sources view to '/Game/Animations/Blueprints'
[2014.09.17-19.13.36:590][433]LogAssetTools:Warning: Failed to import 'D:\Github\UnrealEngine\FirstGame\Content\Animations\Blueprints\AnimBlueprint.uasset'. Unknown extension 'uasset'.
[2014.09.17-19.13.44:938][ 91]BlueprintLog:Warning: Warning Blueprint MyProjectile has been migrated and requires re-saving to avoid import errors
[2014.09.17-19.13.44:938][ 91]BlueprintLog:Warning: Warning Blueprint MyCharacter has been migrated and requires re-saving to avoid import errors
[2014.09.17-19.13.45:260][ 91]LogSkeletalMesh: InitArticulated: Bodies already created (/Engine/Transient.DebugSkelMeshComponent_0) - call TermArticulated first.
[2014.09.17-19.13.52:474][596]LogSlate:Warning: GetFontFace failed to load or process 'Roboto-Regular'
[2014.09.17-19.13.52:474][596]LogSlate:Warning: GetFontFace failed to load or process 'Roboto-Regular'
[2014.09.17-19.13.52:478][596]LogSlate:Warning: GetFontFace failed to load or process 'Roboto-Regular'
[2014.09.17-19.13.52:478][596]LogSlate:Warning: GetFontFace failed to load or process 'Roboto-Regular'
[2014.09.17-19.13.52:478][596]LogSlate:Warning: GetFontFace failed to load or process 'Roboto-Regular'
[2014.09.17-19.13.52:478][596]LogSlate:Warning: GetFontFace failed to load or process 'Roboto-Regular'
[2014.09.17-19.13.52:478][596]LogSlate:Warning: GetFontFace failed to load or process 'Roboto-Regular'
[2014.09.17-19.13.52:478][596]LogSlate:Warning: GetFontFace failed to load or process 'Roboto-Regular'
[2014.09.17-19.13.52:478][596]LogSlate:Warning: GetFontFace failed to load or process 'Roboto-Regular'
[2014.09.17-19.13.52:478][596]LogSlate:Warning: GetFontFace failed to load or process 'Roboto-Regular'
[2014.09.17-19.13.52:478][596]LogSlate:Warning: GetFontFace failed to load or process 'Roboto-Regular'
[2014.09.17-19.13.52:478][596]LogSlate:Warning: GetFontFace failed to load or process 'Roboto-Regular'
[2014.09.17-19.13.52:478][596]LogSlate:Warning: GetFontFace failed to load or process 'Roboto-Regular'
[2014.09.17-19.13.52:478][596]LogSlate:Warning: GetFontFace failed to load or process 'Roboto-Regular'
[2014.09.17-19.13.52:478][596]LogSlate:Warning: GetFontFace failed to load or process 'Roboto-Regular'
[2014.09.17-19.13.52:478][596]LogSlate:Warning: GetFontFace failed to load or process 'Roboto-Regular'
[2014.09.17-19.14.05:527][649]LogSlate:Warning: GetFontFace failed to load or process 'Roboto-Regular'
[2014.09.17-19.14.05:527][649]LogSlate:Warning: GetFontFace failed to load or process 'Roboto-Regular'
[2014.09.17-19.14.05:527][649]LogSlate:Warning: GetFontFace failed to load or process 'Roboto-Regular'
[2014.09.17-19.14.05:527][649]LogSlate:Warning: GetFontFace failed to load or process 'Roboto-Regular'
[2014.09.17-19.14.05:527][649]LogSlate:Warning: GetFontFace failed to load or process 'Roboto-Regular'
[2014.09.17-19.14.05:527][649]LogSlate:Warning: GetFontFace failed to load or process 'Roboto-Regular'
[2014.09.17-19.14.10:616][ 34]LogSlate:Warning: GetFontFace failed to load or process 'Roboto-Regular'
[2014.09.17-19.14.10:617][ 34]LogSlate:Warning: GetFontFace failed to load or process 'Roboto-Regular'
[2014.09.17-19.14.10:617][ 34]LogSlate:Warning: GetFontFace failed to load or process 'Roboto-Regular'
[2014.09.17-19.14.10:617][ 34]LogSlate:Warning: GetFontFace failed to load or process 'Roboto-Regular'
[2014.09.17-19.14.10:617][ 34]LogSlate:Warning: GetFontFace failed to load or process 'Roboto-Regular'
[2014.09.17-19.14.10:617][ 34]LogSlate:Warning: GetFontFace failed to load or process 'Roboto-Regular'
[2014.09.17-19.14.10:617][ 34]LogSlate:Warning: GetFontFace failed to load or process 'Roboto-Regular'
[2014.09.17-19.14.10:617][ 34]LogSlate:Warning: GetFontFace failed to load or process 'Roboto-Regular'
[2014.09.17-19.14.10:617][ 34]LogSlate:Warning: GetFontFace failed to load or process 'Roboto-Regular'
[2014.09.17-19.14.20:801][785]LogSlate:Warning: GetFontFace failed to load or process 'Roboto-Regular'
[2014.09.17-19.14.55:373][261]LogSlate:Warning: GetFontFace failed to load or process 'Roboto-Regular'
[2014.09.17-19.17.53:478][772]LogSlate:Warning: GetFontFace failed to load or process 'Roboto-Regular'
[2014.09.17-19.17.53:479][772]LogSlate:Warning: GetFontFace failed to load or process 'Roboto-Regular'
[2014.09.17-19.18.40:041][875]Cmd: OBJ SAVEPACKAGE PACKAGE="/Game/Animations/Blueprints/MyCharacterBP" FILE="../../../../../../Github/UnrealEngine/FirstGame/Content/Animations/Blueprints/MyCharacterBP.uasset" SILENT=true
[2014.09.17-19.18.40:369][875]LogSavePackage: Save=299.839020ms
[2014.09.17-19.18.40:369][875]LogSavePackage: Moving '../../../../../../Github/UnrealEngine/FirstGame/Saved/MyCharacterBP5CB2D01C46F7744CB325C3A049457C6D.tmp' to '../../../../../../Github/UnrealEngine/FirstGame/Content/Animations/Blueprints/MyCharacterBP.uasset'
[2014.09.17-19.19.20:584][608]LogSlate:Warning: GetFontFace failed to load or process 'Roboto-Regular'
[2014.09.17-19.19.20:584][608]LogSlate:Warning: GetFontFace failed to load or process 'Roboto-Regular'
[2014.09.17-19.19.26:939][ 21]LogSlate:Warning: GetFontFace failed to load or process 'Roboto-Regular'
[2014.09.17-19.20.30:228][ 97]LogEditorTransaction: Undo Move Node
[2014.09.17-19.22.04:823][160]BlueprintLog: New page: Compile MyCharacterBP
[2014.09.17-19.22.04:933][160]BlueprintEditorCompileResults: Info  Result  was visible but ignored
[2014.09.17-19.22.04:933][160]BlueprintEditorCompileResults: Info [0558.18] Compile of MyCharacterBP successful! [in 10 ms]
[2014.09.17-19.22.54:291][338]Cmd: OBJ SAVEPACKAGE PACKAGE="/Game/Animations/Blueprints/MyCharacterBP" FILE="../../../../../../Github/UnrealEngine/FirstGame/Content/Animations/Blueprints/MyCharacterBP.uasset" SILENT=true
[2014.09.17-19.22.54:591][338]LogSavePackage: Save=292.589264ms
[2014.09.17-19.22.54:591][338]LogSavePackage: Moving '../../../../../../Github/UnrealEngine/FirstGame/Saved/MyCharacterBP70F13C714082B8A3574C839EAFEAFC17.tmp' to '../../../../../../Github/UnrealEngine/FirstGame/Content/Animations/Blueprints/MyCharacterBP.uasset'
[2014.09.17-19.23.30:336][699]Cmd: OBJ SAVEPACKAGE PACKAGE="/Game/Animations/Blueprints/MyCharacterBP" FILE="../../../../../../Github/UnrealEngine/FirstGame/Content/Animations/Blueprints/MyCharacterBP.uasset" SILENT=true
[2014.09.17-19.23.30:673][699]LogSavePackage: Save=311.992554ms
[2014.09.17-19.23.30:673][699]LogSavePackage: Moving '../../../../../../Github/UnrealEngine/FirstGame/Saved/MyCharacterBP440D8706425CAA0C4C2984A8F4EA650B.tmp' to '../../../../../../Github/UnrealEngine/FirstGame/Content/Animations/Blueprints/MyCharacterBP.uasset'
[2014.09.17-19.26.07:967][834]LogUObjectGlobals:Warning: Failed to find object 'Object None.'
[2014.09.17-19.27.26:270][631]BlueprintLog: New page: Compile MyCharacterBP
[2014.09.17-19.27.26:383][631]BlueprintEditorCompileResults: Info  Result  was visible but ignored
[2014.09.17-19.27.26:383][631]BlueprintEditorCompileResults: Info [0879.63] Compile of MyCharacterBP successful! [in 9 ms]
[2014.09.17-19.28.03:738][ 82]BlueprintLog: New page: Compile MyCharacterBP
[2014.09.17-19.28.03:851][ 82]BlueprintEditorCompileResults: Info  Result  was visible but ignored
[2014.09.17-19.28.03:851][ 82]BlueprintEditorCompileResults: Info [0917.10] Compile of MyCharacterBP successful! [in 14 ms]
[2014.09.17-19.29.25:928][612]Cmd: OBJ SAVEPACKAGE PACKAGE="/Game/Animations/Blueprints/MyCharacterBP" FILE="../../../../../../Github/UnrealEngine/FirstGame/Content/Animations/Blueprints/MyCharacterBP.uasset" SILENT=true
[2014.09.17-19.29.26:274][612]LogSavePackage: Save=337.296844ms
[2014.09.17-19.29.26:274][612]LogSavePackage: Moving '../../../../../../Github/UnrealEngine/FirstGame/Saved/MyCharacterBP6D1583194BC58EEB31E8CDB53165D4FB.tmp' to '../../../../../../Github/UnrealEngine/FirstGame/Content/Animations/Blueprints/MyCharacterBP.uasset'
[2014.09.17-19.38.30:832][327]LogContentBrowser:Verbose: The content browser source was changed by the sources view to '/Game/MilitaryWeapSilver'
[2014.09.17-19.38.34:289][499]LogContentBrowser:Verbose: The content browser source was changed by the sources view to '/Game/MilitaryWeapSilver/Weapons'
[2014.09.17-19.38.38:889][713]LogContentBrowser:Verbose: The content browser source was changed by the sources view to '/Game/Animations/Mycharacter'
[2014.09.17-19.38.40:114][753]LogContentBrowser:Verbose: The content browser source was changed by the sources view to '/Game/Animations'
[2014.09.17-19.38.41:646][811]LogContentBrowser:Verbose: The content browser source was changed by the sources view to '/Game/Character'
[2014.09.17-19.38.41:694][812]LogAnimation:Warning: AnimBP MyCharacterBP_C is incompatible with skeleton HeroFPP_Skeleton, removing AnimBP from actor.
[2014.09.17-19.38.42:108][817]LogContentBrowser:Verbose: The content browser source was changed by the sources view to '/Game/Character/Mycharacter'
[2014.09.17-19.38.43:979][882]LogSkeletalMesh: InitArticulated: Bodies already created (/Engine/Transient.DebugSkelMeshComponent_2) - call TermArticulated first.
[2014.09.17-19.38.52:718][209]LogContentBrowser:Verbose: The content browser source was changed by the sources view to '/Game/Animations/Blueprints'
[2014.09.17-19.38.52:734][210]LogAnimation:Warning: AnimBP HeroFPP_AnimBlueprint_C is incompatible with skeleton t-pose_5_Skeleton, removing AnimBP from actor.
[2014.09.17-19.38.53:892][239]LogSkeletalMesh: InitArticulated: Bodies already created (/Engine/Transient.DebugSkelMeshComponent_3) - call TermArticulated first.
[2014.09.17-19.39.48:047][949]LogContentBrowser:Verbose: The majority of assets in the view are of type: AnimSequence
[2014.09.17-19.39.58:115][296]LogContentBrowser:Verbose: The content browser source was changed by the sources view to '/Game/Meshes'
[2014.09.17-19.39.59:225][348]LogContentBrowser:Verbose: The content browser source was changed by the sources view to '/Game/Animations/Mycharacter'
[2014.09.17-19.40.01:209][419]LogContentBrowser:Verbose: The content browser source was changed by the sources view to '/Game/MilitaryWeapSilver/Weapons'
[2014.09.17-19.40.05:059][594]LogTexture:Display: Building textures: Assault_Rifle_A_Diff (AutoDXT)
[2014.09.17-19.40.07:813][594]LogTexture:Display: Building textures: Assault_Rifle_A_masks (AutoDXT)
[2014.09.17-19.40.09:725][594]LogTexture:Display: Building textures: Assault_Rifle_A_Norm (BC5)
[2014.09.17-19.40.10:159][594]LogMaterial: Missing cached shader map for material M_WeaponMaster_01, compiling.
[2014.09.17-19.40.10:297][594]LogSkeletalMesh: InitArticulated: Bodies already created (/Engine/Transient.DebugSkelMeshComponent_6) - call TermArticulated first.
[2014.09.17-19.43.04:651][548]LogParticles: Destroying 0 GPU particle simulations for FXSystem 0x0000000009E12D40
[2014.09.17-19.43.04:652][548]LogParticles: Destroying 0 GPU particle simulations for FXSystem 0x000000002FEB0FE0
[2014.09.17-19.43.04:652][548]LogParticles: Destroying 0 GPU particle simulations for FXSystem 0x000000002FD927A0
[2014.09.17-19.43.04:652][548]LogParticles: Destroying 0 GPU particle simulations for FXSystem 0x000000002378F7E0
[2014.09.17-19.43.04:652][548]LogParticles: Destroying 0 GPU particle simulations for FXSystem 0x000000001BBAE980
[2014.09.17-19.43.04:655][548]LogParticles: Destroying 0 GPU particle simulations for FXSystem 0x000000001BBAD8A0
[2014.09.17-19.43.04:655][548]LogFileHelpers: Editor autosave (incl. sublevels) for '/Game/Maps/Example_Map' took 0.022
[2014.09.17-19.43.04:671][548]OBJ SavePackage: Generating thumbnails for [0] asset(s) in package [/Game/Character/Mycharacter/t-pose_5_Skeleton] ([1] browsable assets)...
[2014.09.17-19.43.04:694][548]OBJ SavePackage: Finished generating thumbnails for package [/Game/Character/Mycharacter/t-pose_5_Skeleton]
[2014.09.17-19.43.04:834][548]LogSavePackage: Save=26.714237ms
[2014.09.17-19.43.04:834][548]LogSavePackage: Moving '../../../../../../Github/UnrealEngine/FirstGame/Saved/t-pose_5_Skeleton_Auto179290C5B4AF0312CFFCE3EABD6A5E23E.tmp' to '../../../../../../Github/UnrealEngine/FirstGame/Saved/Autosaves/Game/Character/Mycharacter/t-pose_5_Skeleton_Auto1.uasset'
[2014.09.17-19.43.04:908][548]LogFileHelpers: Auto-saving content packages took 0.253
[2014.09.17-19.43.44:398][651]LogContentBrowser:Verbose: The content browser source was changed by the sources view to '/Game/Blueprints'
[2014.09.17-19.43.44:908][665]LogContentBrowser:Verbose: The content browser source was changed by the sources view to '/Game/Character'
[2014.09.17-19.43.44:931][666]LogAnimation:Warning: AnimBP MyCharacterBP_C is incompatible with skeleton HeroFPP_Skeleton, removing AnimBP from actor.
[2014.09.17-19.43.47:925][741]LogContentBrowser:Verbose: The content browser source was changed by the sources view to '/Game/Blueprints'
[2014.09.17-19.43.54:046][946]LogContentBrowser:Verbose: The content browser source was changed by the sources view to '/Game/Animations/Blueprints'
[2014.09.17-19.43.54:118][947]LogAnimation:Warning: AnimBP HeroFPP_AnimBlueprint_C is incompatible with skeleton t-pose_5_Skeleton, removing AnimBP from actor.
[2014.09.17-19.43.56:099][ 10]LogContentBrowser:Verbose: The content browser source was changed by the sources view to '/Game/Animations/Mycharacter'
[2014.09.17-19.43.58:049][ 63]LogContentBrowser:Verbose: The content browser source was changed by the sources view to '/Game/Blueprints'
[2014.09.17-19.44.27:104][924]LogPropertyNode:Warning: UI Min (0) >= UI Max () for Ranged Numeric
[2014.09.17-19.44.27:104][924]LogPropertyNode:Warning: UI Min (0) >= UI Max () for Ranged Numeric
[2014.09.17-19.44.27:123][925]LogPropertyNode:Warning: UI Min (0) >= UI Max () for Ranged Numeric
[2014.09.17-19.44.27:134][926]LogPropertyNode:Warning: UI Min (0) >= UI Max () for Ranged Numeric
[2014.09.17-19.44.27:388][933]LogPropertyNode:Warning: UI Min (0) >= UI Max () for Ranged Numeric
[2014.09.17-19.44.27:389][933]LogPropertyNode:Warning: UI Min (0) >= UI Max () for Ranged Numeric
[2014.09.17-19.44.27:389][933]LogPropertyNode:Warning: UI Min (0) >= UI Max () for Ranged Numeric
[2014.09.17-19.44.27:390][933]LogPropertyNode:Warning: UI Min (0) >= UI Max () for Ranged Numeric
[2014.09.17-19.44.27:390][933]LogPropertyNode:Warning: UI Min (0) >= UI Max () for Ranged Numeric
[2014.09.17-19.44.27:390][933]LogPropertyNode:Warning: UI Min (0) >= UI Max () for Ranged Numeric
[2014.09.17-19.44.27:404][934]LogPropertyNode:Warning: UI Min (0) >= UI Max () for Ranged Numeric
[2014.09.17-19.44.27:687][944]LogPropertyNode:Warning: UI Min (0) >= UI Max () for Ranged Numeric
[2014.09.17-19.44.27:688][944]LogPropertyNode:Warning: UI Min (0) >= UI Max () for Ranged Numeric
[2014.09.17-19.44.27:688][944]LogPropertyNode:Warning: UI Min (0) >= UI Max () for Ranged Numeric
[2014.09.17-19.44.27:705][945]LogPropertyNode:Warning: UI Min (0) >= UI Max () for Ranged Numeric
[2014.09.17-19.44.27:705][945]LogPropertyNode:Warning: UI Min (0) >= UI Max () for Ranged Numeric
[2014.09.17-19.44.28:024][956]LogPropertyNode:Warning: UI Min (0) >= UI Max () for Ranged Numeric
[2014.09.17-19.44.34:623][155]LogPropertyNode:Warning: UI Min (0) >= UI Max () for Ranged Numeric
[2014.09.17-19.44.34:623][155]LogPropertyNode:Warning: UI Min (0) >= UI Max () for Ranged Numeric
[2014.09.17-19.44.34:623][155]LogPropertyNode:Warning: UI Min (0) >= UI Max () for Ranged Numeric
[2014.09.17-19.44.34:624][155]LogPropertyNode:Warning: UI Min (0) >= UI Max () for Ranged Numeric
[2014.09.17-19.44.34:625][155]LogPropertyNode:Warning: UI Min (0) >= UI Max () for Ranged Numeric
[2014.09.17-19.44.34:638][156]LogPropertyNode:Warning: UI Min (0) >= UI Max () for Ranged Numeric
[2014.09.17-19.44.34:638][156]LogPropertyNode:Warning: UI Min (0) >= UI Max () for Ranged Numeric
[2014.09.17-19.44.34:638][156]LogPropertyNode:Warning: UI Min (0) >= UI Max () for Ranged Numeric
[2014.09.17-19.44.34:639][156]LogPropertyNode:Warning: UI Min (0) >= UI Max () for Ranged Numeric
[2014.09.17-19.44.34:639][156]LogPropertyNode:Warning: UI Min (0) >= UI Max () for Ranged Numeric
[2014.09.17-19.44.34:639][156]LogPropertyNode:Warning: UI Min (0) >= UI Max () for Ranged Numeric
[2014.09.17-19.44.34:640][156]LogPropertyNode:Warning: UI Min (0) >= UI Max () for Ranged Numeric
[2014.09.17-19.44.34:640][156]LogPropertyNode:Warning: UI Min (0) >= UI Max () for Ranged Numeric
[2014.09.17-19.44.34:641][156]LogPropertyNode:Warning: UI Min (0) >= UI Max () for Ranged Numeric
[2014.09.17-19.44.34:641][156]LogPropertyNode:Warning: UI Min (0) >= UI Max () for Ranged Numeric
[2014.09.17-19.44.34:649][157]LogPropertyNode:Warning: UI Min (0) >= UI Max () for Ranged Numeric
[2014.09.17-19.44.34:650][157]LogPropertyNode:Warning: UI Min (0) >= UI Max () for Ranged Numeric
[2014.09.17-19.45.05:619][ 67]LogContentBrowser:Verbose: The content browser source was changed by the sources view to '/Game/Blueprints'
[2014.09.17-19.45.22:968][574]LogActorComponent: UnregisterComponent: (/Engine/Transient.ProjectileMovementComponent_0) Not registered. Aborting.
[2014.09.17-19.45.22:968][574]LogActorComponent: UnregisterComponent: (/Engine/Transient.CharacterMovementComponent_0) Not registered. Aborting.
[2014.09.17-19.45.22:968][574]LogActorComponent: UnregisterComponent: (/Engine/Transient.CharacterMovementComponent_1) Not registered. Aborting.
[2014.09.17-19.45.22:999][574]LogParticles: Destroying 0 GPU particle simulations for FXSystem 0x000000002FDBBBA0
[2014.09.17-19.45.22:999][574]LogParticles: Destroying 0 GPU particle simulations for FXSystem 0x000000002FED2FC0
[2014.09.17-19.45.32:097][735]LogRenderer:Warning: Reallocating scene render targets to support 1616x912.
[2014.09.17-19.46.53:221][ 48]LogActorComponent: UnregisterComponent: (/Engine/Transient.ProjectileMovementComponent_1) Not registered. Aborting.
[2014.09.17-19.46.53:221][ 48]LogActorComponent: UnregisterComponent: (/Engine/Transient.CharacterMovementComponent_2) Not registered. Aborting.
[2014.09.17-19.46.53:256][ 48]LogParticles: Destroying 0 GPU particle simulations for FXSystem 0x000000003826EFC0
[2014.09.17-19.46.59:420][ 78]LogActorComponent: UnregisterComponent: (/Engine/Transient.ProjectileMovementComponent_2) Not registered. Aborting.
[2014.09.17-19.46.59:420][ 78]LogActorComponent: UnregisterComponent: (/Engine/Transient.CharacterMovementComponent_3) Not registered. Aborting.
[2014.09.17-19.47.12:638][178]LogContentBrowser:Verbose: The content browser source was changed by the sources view to '/Game/Animations'
[2014.09.17-19.47.14:914][239]LogContentBrowser:Verbose: The content browser source was changed by the sources view to '/Game/Animations/Blueprints'
[2014.09.17-19.47.15:504][259]LogContentBrowser:Verbose: The content browser source was changed by the sources view to '/Game/Animations/Mycharacter'
[2014.09.17-19.47.18:850][333]LogContentBrowser:Verbose: The content browser source was changed by the sources view to '/Game/Animations/Blueprints'
[2014.09.17-19.47.19:441][352]LogContentBrowser:Verbose: The content browser source was changed by the sources view to '/Game/Animations'
[2014.09.17-19.47.22:139][418]LogActorComponent: UnregisterComponent: (/Engine/Transient.ProjectileMovementComponent_3) Not registered. Aborting.
[2014.09.17-19.47.22:139][418]LogActorComponent: UnregisterComponent: (/Engine/Transient.CharacterMovementComponent_4) Not registered. Aborting.
[2014.09.17-19.47.22:828][418]LogAnimation:Warning: AnimBP MyCharacterBP_C is incompatible with skeleton HeroFPP_Skeleton, removing AnimBP from actor.
[2014.09.17-19.47.26:459][418]LogActorComponent: UnregisterComponent: (/Engine/Transient.CharacterMovementComponent_5) Not registered. Aborting.
[2014.09.17-19.47.27:851][418]LogObjectTools:Warning: ForceReplaceReferences replaced references for a transient object 'AnimSingleNodeInstance_2225' or package '/Engine/Transient'.
[2014.09.17-19.47.27:851][418]LogObjectTools:Warning: ForceReplaceReferences replaced references for a transient object 'HeroFPP_AnimBlueprint_C_9' or package '/Engine/Transient'.
[2014.09.17-19.47.27:851][418]LogObjectTools:Warning: ForceReplaceReferences replaced references for a transient object 'HeroFPP_AnimBlueprint_C_8' or package '/Engine/Transient'.
[2014.09.17-19.47.29:921][467]LogContentBrowser:Verbose: The content browser source was changed by the sources view to '/Game/Animations/Mycharacter'
[2014.09.17-19.47.34:838][579]LogContentBrowser:Verbose: The content browser source was changed by the sources view to '/Game/Architecture'
[2014.09.17-19.47.35:805][607]LogContentBrowser:Verbose: The content browser source was changed by the sources view to '/Game/Audio'
[2014.09.17-19.47.36:557][621]LogContentBrowser:Verbose: The content browser source was changed by the sources view to '/Game/Blueprints'
[2014.09.17-19.47.37:287][643]LogContentBrowser:Verbose: The content browser source was changed by the sources view to '/Game/Character'
[2014.09.17-19.47.44:539][811]LogActorComponent: UnregisterComponent: (/Engine/Transient.ProjectileMovementComponent_4) Not registered. Aborting.
[2014.09.17-19.47.44:539][811]LogActorComponent: UnregisterComponent: (/Engine/Transient.CharacterMovementComponent_6) Not registered. Aborting.
[2014.09.17-19.47.47:128][811]LogActorComponent: UnregisterComponent: (/Engine/Transient.CharacterMovementComponent_7) Not registered. Aborting.
[2014.09.17-19.47.48:612][811]LogObjectTools:Warning: ForceReplaceReferences replaced references for a transient object 'SKEL_HeroFPP_AnimBlueprint_C' or package '/Game/Character/HeroFPP_AnimBlueprint'.
[2014.09.17-19.47.48:612][811]LogObjectTools:Warning: ForceReplaceReferences replaced references for a transient object 'SkeletalMeshComponent0' or package '/Engine/Transient'.
[2014.09.17-19.47.48:612][811]LogObjectTools:Warning: ForceReplaceReferences replaced references for a transient object 'SkeletalMeshComponent_14' or package '/Engine/Transient'.
[2014.09.17-19.47.52:159][854]LogActorComponent: UnregisterComponent: (/Engine/Transient.CharacterMovementComponent_8) Not registered. Aborting.
[2014.09.17-19.47.53:431][854]LogObjectTools:Warning: ForceReplaceReferences replaced references for a transient object 'SkeletalMeshComponent_16' or package '/Engine/Transient'.
[2014.09.17-19.47.59:024][983]LogActorComponent: UnregisterComponent: (/Engine/Transient.ProjectileMovementComponent_5) Not registered. Aborting.
[2014.09.17-19.48.01:430][983]LogObjectTools:Warning: ForceReplaceReferences replaced references for a transient object 'StaticMeshComponent_49' or package '/Engine/Transient'.
[2014.09.17-19.48.01:430][983]LogObjectTools:Warning: ForceReplaceReferences replaced references for a transient object 'HeroFPP_AnimBlueprint_C_8' or package '/Engine/Transient'.
[2014.09.17-19.48.02:706][ 29]LogContentBrowser:Verbose: The content browser source was changed by the sources view to '/Game/Character/Mycharacter'
[2014.09.17-19.48.08:106][181]LogContentBrowser:Verbose: The content browser source was changed by the sources view to '/Game/Blueprints'
[2014.09.17-19.48.10:240][230]LogActorComponent: UnregisterComponent: (/Engine/Transient.ProjectileMovementComponent_6) Not registered. Aborting.
[2014.09.17-19.48.10:240][230]LogActorComponent: UnregisterComponent: (/Engine/Transient.CharacterMovementComponent_9) Not registered. Aborting.
[2014.09.17-19.48.10:438][230]LogWindows:Error: appError called: Cast of NULL to AnimBlueprint failed
[2014.09.17-19.48.10:438][230]LogWindows:Error: Windows GetLastError: Der Vorgang wurde erfolgreich beendet. (0)
[2014.09.17-19.48.10:837][230]LogCrashTracker: 


[2014.09.17-19.48.11:942][230]LogCrashTracker: 


[2014.09.17-19.48.11:942][230]LogWindows: === Critical error: ===
Unhandled Exception: 0x00000001

[2014.09.17-19.48.11:942][230]LogWindows: Cast of NULL to AnimBlueprint failed

Address = 0xfd5e940d (filename not found) [in C:\Windows\system32\KERNELBASE.dll]
Address = 0xdbc83afc (filename not found) [in D:\Programme\Unreal Engine\4.4\Engine\Binaries\Win64\UE4Editor-Core.dll]
Address = 0xdbb25b2a (filename not found) [in D:\Programme\Unreal Engine\4.4\Engine\Binaries\Win64\UE4Editor-Core.dll]
Address = 0xe7d8765b (filename not found) [in D:\Programme\Unreal Engine\4.4\Engine\Binaries\Win64\UE4Editor-CoreUObject.dll]
Address = 0xd9d7edea (filename not found) [in D:\Programme\Unreal Engine\4.4\Engine\Binaries\Win64\UE4Editor-Engine.dll]
Address = 0xd9de8ef6 (filename not found) [in D:\Programme\Unreal Engine\4.4\Engine\Binaries\Win64\UE4Editor-Engine.dll]
Address = 0xd9aa5e2b (filename not found) [in D:\Programme\Unreal Engine\4.4\Engine\Binaries\Win64\UE4Editor-Engine.dll]
Address = 0xd9a8c476 (filename not found) [in D:\Programme\Unreal Engine\4.4\Engine\Binaries\Win64\UE4Editor-Engine.dll]
Address = 0xd9a934dc (filename not found) [in D:\Programme\Unreal Engine\4.4\Engine\Binaries\Win64\UE4Editor-Engine.dll]
Address = 0xd9553230 (filename not found) [in D:\Programme\Unreal Engine\4.4\Engine\Binaries\Win64\UE4Editor-Engine.dll]
Address = 0xd957cdb0 (filename not found) [in D:\Programme\Unreal Engine\4.4\Engine\Binaries\Win64\UE4Editor-Engine.dll]
Address = 0xd9b3a64b (filename not found) [in D:\Programme\Unreal Engine\4.4\Engine\Binaries\Win64\UE4Editor-Engine.dll]
Address = 0xd9aa4281 (filename not found) [in D:\Programme\Unreal Engine\4.4\Engine\Binaries\Win64\UE4Editor-Engine.dll]
Address = 0xd80f26a7 (filename not found) [in D:\Programme\Unreal Engine\4.4\Engine\Binaries\Win64\UE4Editor-UnrealEd.dll]
Address = 0xd84e7add (filename not found) [in D:\Programme\Unreal Engine\4.4\Engine\Binaries\Win64\UE4Editor-UnrealEd.dll]
Address = 0xd7f4ce4f (filename not found) [in D:\Programme\Unreal Engine\4.4\Engine\Binaries\Win64\UE4Editor-UnrealEd.dll]
Address = 0xd7d24711 (filename not found) [in D:\Programme\Unreal Engine\4.4\Engine\Binaries\Win64\UE4Editor-UnrealEd.dll]
Address = 0xcf4bd297 (filename not found) [in D:\Programme\Unreal Engine\4.4\Engine\Binaries\Win64\UE4Editor-ContentBrowser.dll]
Address = 0xe7bc5022 (filename not found) [in D:\Programme\Unreal Engine\4.4\Engine\Binaries\Win64\UE4Editor-SlateCore.dll]
Address = 0xe7bc50b2 (filename not found) [in D:\Programme\Unreal Engine\4.4\Engine\Binaries\Win64\UE4Editor-SlateCore.dll]
Address = 0xe7bc50b2 (filename not found) [in D:\Programme\Unreal Engine\4.4\Engine\Binaries\Win64\UE4Editor-SlateCore.dll]
Address = 0xe7bc50b2 (filename not found) [in D:\Programme\Unreal Engine\4.4\Engine\Binaries\Win64\UE4Editor-SlateCore.dll]
Address = 0xe7bc50b2 (filename not found) [in D:\Programme\Unreal Engine\4.4\Engine\Binaries\Win64\UE4Editor-SlateCore.dll]
Address = 0xe7bc50b2 (filename not found) [in D:\Programme\Unreal Engine\4.4\Engine\Binaries\Win64\UE4Editor-SlateCore.dll]
Address = 0xe7bc50b2 (filename not found) [in D:\Programme\Unreal Engine\4.4\Engine\Binaries\Win64\UE4Editor-SlateCore.dll]
Address = 0xe7bc50b2 (filename not found) [in D:\Programme\Unreal Engine\4.4\Engine\Binaries\Win64\UE4Editor-SlateCore.dll]
Address = 0xe7bc50b2 (filename not found) [in D:\Programme\Unreal Engine\4.4\Engine\Binaries\Win64\UE4Editor-SlateCore.dll]
Address = 0xe7bc50b2 (filename not found) [in D:\Programme\Unreal Engine\4.4\Engine\Binaries\Win64\UE4Editor-SlateCore.dll]
Address = 0xe7bc50b2 (filename not found) [in D:\Programme\Unreal Engine\4.4\Engine\Binaries\Win64\UE4Editor-SlateCore.dll]
Address = 0xe7bc50b2 (filename not found) [in D:\Programme\Unreal Engine\4.4\Engine\Binaries\Win64\UE4Editor-SlateCore.dll]
Address = 0xd8eac60d (filename not found) [in D:\Programme\Unreal Engine\4.4\Engine\Binaries\Win64\UE4Editor-Slate.dll]
Address = 0xd8eabefd (filename not found) [in D:\Programme\Unreal Engine\4.4\Engine\Binaries\Win64\UE4Editor-Slate.dll]
Address = 0xd8e3ac70 (filename not found) [in D:\Programme\Unreal Engine\4.4\Engine\Binaries\Win64\UE4Editor-Slate.dll]
Address = 0xd7d7c99b (filename not found) [in D:\Programme\Unreal Engine\4.4\Engine\Binaries\Win64\UE4Editor-UnrealEd.dll]
Address = 0xd7f15c38 (filename not found) [in D:\Programme\Unreal Engine\4.4\Engine\Binaries\Win64\UE4Editor-UnrealEd.dll]
Address = 0xd7f154a7 (filename not found) [in D:\Programme\Unreal Engine\4.4\Engine\Binaries\Win64\UE4Editor-UnrealEd.dll]
Address = 0xcf4131f7 (filename not found) [in D:\Programme\Unreal Engine\4.4\Engine\Binaries\Win64\UE4Editor-ContentBrowser.dll]
Address = 0xcf40ad09 (filename not found) [in D:\Programme\Unreal Engine\4.4\Engine\Binaries\Win64\UE4Editor-ContentBrowser.dll]
Address = 0xcf416d77 (filename not found) [in D:\Programme\Unreal Engine\4.4\Engine\Binaries\Win64\UE4Editor-ContentBrowser.dll]
Address = 0xd8e459bf (filename not found) [in D:\Programme\Unreal Engine\4.4\Engine\Binaries\Win64\UE4Editor-Slate.dll]
Address = 0xd8e8f4ac (filename not found) [in D:\Programme\Unreal Engine\4.4\Engine\Binaries\Win64\UE4Editor-Slate.dll]
Address = 0xcf485cdb (filename not found) [in D:\Programme\Unreal Engine\4.4\Engine\Binaries\Win64\UE4Editor-ContentBrowser.dll]
Address = 0xd8e904f9 (filename not found) [in D:\Programme\Unreal Engine\4.4\Engine\Binaries\Win64\UE4Editor-Slate.dll]
Address = 0xd8e80453 (filename not found) [in D:\Programme\Unreal Engine\4.4\Engine\Binaries\Win64\UE4Editor-Slate.dll]
Address = 0xdbbf31aa (filename not found) [in D:\Programme\Unreal Engine\4.4\Engine\Binaries\Win64\UE4Editor-Core.dll]
Address = 0xdbbdf871 (filename not found) [in D:\Programme\Unreal Engine\4.4\Engine\Binaries\Win64\UE4Editor-Core.dll]
Address = 0xdbbf461e (filename not found) [in D:\Programme\Unreal Engine\4.4\Engine\Binaries\Win64\UE4Editor-Core.dll]
Address = 0xdbbdc6e2 (filename not found) [in D:\Programme\Unreal Engine\4.4\Engine\Binaries\Win64\UE4Editor-Core.dll]
Address = 0x77579bd1 (filename not found) [in C:\Windows\system32\USER32.dll]
Address = 0x775798da (filename not found) [in C:\Windows\system32\USER32.dll]
Address = 0xdbbf4ac6 (filename not found) [in D:\Programme\Unreal Engine\4.4\Engine\Binaries\Win64\UE4Editor-Core.dll]
FEngineLoop::Tick() 0x3fdf708d + 8 bytes [File=d:\buildfarm\buildmachine_++depot+ue4-releases+4.4\engine\source\runtime\launch\private\launchengineloop.cpp:2080] [in D:\Programme\Unreal Engine\4.4\Engine\Binaries\Win64\UE4Editor.exe]
GuardedMain() 0x3fdeca3c + 0 bytes [File=d:\buildfarm\buildmachine_++depot+ue4-releases+4.4\engine\source\runtime\launch\private\launch.cpp:133] [in D:\Programme\Unreal Engine\4.4\Engine\Binaries\Win64\UE4Editor.exe]
GuardedMainWrapper() 0x3fdecaaa + 5 bytes [File=d:\buildfarm\buildmachine_++depot+ue4-releases+4.4\engine\source\runtime\launch\private\windows\launchwindows.cpp:125] [in D:\Programme\Unreal Engine\4.4\Engine\Binaries\Win64\UE4Editor.exe]
WinMain() 0x3fdf88c9 + 17 bytes [File=d:\buildfarm\buildmachine_++depot+ue4-releases+4.4\engine\source\runtime\launch\private\windows\launchwindows.cpp:201] [in D:\Programme\Unreal Engine\4.4\Engine\Binaries\Win64\UE4Editor.exe]
__tmainCRTStartup() 0x3fdf96f9 + 21 bytes [File=f:\dd\vctools\crt\crtw32\dllstuff\crtexe.c:618] [in D:\Programme\Unreal Engine\4.4\Engine\Binaries\Win64\UE4Editor.exe]
Address = 0x776759ed (filename not found) [in C:\Windows\system32\kernel32.dll]
Address = 0x777ac541 (filename not found) [in C:\Windows\SYSTEM32\ntdll.dll]
Address = 0x777ac541 (filename not found) [in C:\Windows\SYSTEM32\ntdll.dll]

[2014.09.17-19.48.11:985][230]LogExit: Executing StaticShutdownAfterError
[2014.09.17-19.48.11:992][230]LogWindows: FPlatformMisc::RequestExit(1)
[2014.09.17-19.48.11:992][230]Log file closed, 09/17/14 21:48:11
