Log file open, 09/17/14 20:20:18
LogInit:Display: Running engine for game: FirstGame
LogInit: Version: 4.4.3-2296771+++depot+UE4-Releases+4.4
LogInit: API Version: 2255576
LogInit: Compiled (64-bit): Sep 13 2014 22:30:58
LogInit: Build Configuration: Development
LogInit: Branch Name: ++depot+UE4-Releases+4.4
LogInit: Command line:  
LogInit: Base directory: M:/UDK/Unreal Engine/4.4/Engine/Binaries/Win64/
LogInit: Rocket: 1
[2014.09.17-18.20.18:695][  0]LogTaskGraph: Started task graph with 3 named threads and 4 total threads.
[2014.09.17-18.20.18:733][  0]LogOnline:Warning: No default platform service specified for OnlineSubsystem
[2014.09.17-18.20.18:965][  0]LogInit: Presizing for 0 objects not considered by GC, pre-allocating 0 bytes.
[2014.09.17-18.20.19:295][  0]LogInit: Object subsystem initialized
[2014.09.17-18.20.19:560][  0]LogInit: Selected Device Profile: [Windows]
[2014.09.17-18.20.19:560][  0]LogInit: Applying CVar settings loaded from the selected device profile: [Windows]
[2014.09.17-18.20.19:747][  0]LogInit: Computer: ADMIN-PC
[2014.09.17-18.20.19:747][  0]LogInit: User: admin
[2014.09.17-18.20.19:749][  0]LogInit: CPU Page size=4096, Cores=4
[2014.09.17-18.20.19:749][  0]LogInit: High frequency timer resolution =3.326113 MHz
[2014.09.17-18.20.19:749][  0]LogMemory: Memory total: Physical=15.9GB (16GB approx) Virtual=8192.0GB
[2014.09.17-18.20.19:749][  0]LogMemory: Platform Memory Stats for Windows
[2014.09.17-18.20.19:749][  0]LogMemory: Process Physical Memory: 62.63 MB used, 62.63 MB peak
[2014.09.17-18.20.19:749][  0]LogMemory: Process Virtual Memory: 38.29 MB used, 38.29 MB peak
[2014.09.17-18.20.19:749][  0]LogMemory: Physical Memory: 4440.30 MB used, 16320.65 MB total
[2014.09.17-18.20.19:749][  0]LogMemory: Virtual Memory: 261.14 MB used, 8388608.00 MB total
[2014.09.17-18.20.19:876][  0]LogD3D11RHI: Found D3D11 adapter 0: NVIDIA GeForce GTX 770 (Feature Level 11_0)
[2014.09.17-18.20.19:876][  0]LogD3D11RHI: Adapter has 1990MB of dedicated video memory, 0MB of dedicated system memory, and 2048MB of shared system memory, 1 output[s]
[2014.09.17-18.20.19:876][  0]LogD3D11RHI: Chosen D3D11 Adapter Id = 0
[2014.09.17-18.20.19:890][  0]LogRHI: Texture pool is 1361 MB (70% of 1945 MB)
[2014.09.17-18.20.19:935][  0]LogD3D11RHI: Async texture creation enabled
[2014.09.17-18.20.21:045][  0]LogTextLocalizationManager:Warning: The selected culture 'de_DE' is not available; falling back to 'en'
[2014.09.17-18.20.21:318][  0]LogContentStreaming: Texture pool size is 0.000000MB
[2014.09.17-18.20.27:869][  0]LogTargetPlatformManager:Display: Building Assets For Windows
[2014.09.17-18.20.29:413][  0]LogTargetPlatformManager:Display: Building Assets For Windows
[2014.09.17-18.20.29:579][  0]LogDerivedDataCache:Display: Max Cache Size: 512 MB
[2014.09.17-18.20.29:831][  0]LogDerivedDataCache: Loaded boot cache 0.25s 73MB C:/Users/admin/AppData/Local/UnrealEngine/4.4/DerivedDataCache/Boot.ddc.
[2014.09.17-18.20.29:831][  0]LogDerivedDataCache:Display: Loaded Boot cache: C:/Users/admin/AppData/Local/UnrealEngine/4.4/DerivedDataCache/Boot.ddc
[2014.09.17-18.20.29:831][  0]LogDerivedDataCache: FDerivedDataBackendGraph:  Pak pak cache file K:/UnrealProject/EpicGames/FirstGame/DerivedDataCache/DDC.ddp not found, will not use a pak cache.
[2014.09.17-18.20.29:831][  0]LogDerivedDataCache: Unable to find inner node Pak for hierarchical cache Hierarchy.
[2014.09.17-18.20.29:933][  0]LogDerivedDataCache:Display: Pak cache opened for reading ../../../Engine/DerivedDataCache/DDC.ddp.
[2014.09.17-18.20.29:947][  0]LogDerivedDataCache: Using Local data cache path C:/Users/admin/AppData/Local/UnrealEngine/4.4/DerivedDataCache: Writable
[2014.09.17-18.20.37:357][  0]LogMeshUtilities: No automatic mesh reduction module available
[2014.09.17-18.20.37:357][  0]LogMeshUtilities: No automatic mesh merging module available
[2014.09.17-18.20.40:499][  0]LogInit: WinSock: version 1.1 (2.2), MaxSocks=32767, MaxUdp=65467
[2014.09.17-18.20.46:540][  0]LogStats:Warning: MetaData mismatch. Did you assign a stat to two groups? New //STATGROUP_Threads//FMonitoredProcess///Thread_1830_0///////STATCAT_Advanced//// old //STATGROUP_Threads//FMonitoredProcess///Thread_1f68_0///////STATCAT_Advanced////
[2014.09.17-18.20.46:541][  0]UdpMessaging: Initializing bridge on interface 0.0.0.0:0 to multicast group 230.0.0.1:6666.
[2014.09.17-18.20.46:800][  0]SourceControl: Info Source control is disabled
[2014.09.17-18.20.46:800][  0]SourceControl: Info Source control is disabled
[2014.09.17-18.20.46:814][  0]SourceControl: Info Source control is disabled
[2014.09.17-18.20.48:651][  0]BlueprintLog: New page: Editor Load
[2014.09.17-18.20.49:141][  0]LogObj: 21438 objects as part of root set at end of initial load.
[2014.09.17-18.20.49:141][  0]LogUObjectAllocator: 4218656 out of 0 bytes used by permanent object pool.
[2014.09.17-18.20.50:355][  0]LogAutomationTest:Warning: Smoke tests took > 1s to run: 1.06s
[2014.09.17-18.20.50:363][  0]LogEngine: Initializing Engine...
[2014.09.17-18.20.50:944][  0]LogInit: XAudio2 using 'Philips FTV-4 (NVIDIA High Definition Audio)' : 2 channels at 48 kHz using 16 bits per sample (channel mask 0x3)
[2014.09.17-18.20.50:974][  0]LogInit: FAudioDevice initialized.
[2014.09.17-18.20.51:655][  0]LogAIModule: Creating AISystem for world NewWorld
[2014.09.17-18.20.51:802][  0]LogDerivedDataCache: Saved boot cache 0.07s 39MB C:/Users/admin/AppData/Local/UnrealEngine/4.4/DerivedDataCache/Boot.ddc.
[2014.09.17-18.20.51:810][  0]LogInit: Texture streaming: Enabled
[2014.09.17-18.20.52:348][  0]LogInit: Transaction tracking system initialized
[2014.09.17-18.20.53:131][  0]LogAssetRegistry: FAssetRegistry took 0.0103 seconds to start up
[2014.09.17-18.20.56:508][  0]LogTargetPlatformManager:Display: Building Assets For Windows
[2014.09.17-18.20.57:291][  0]LogTargetPlatformManager:Display: Building Assets For Windows
[2014.09.17-18.20.57:812][  0]LogConsoleResponse:Display: 
[2014.09.17-18.21.01:357][  0]LogStats:Warning: MetaData mismatch. Did you assign a stat to two groups? New //STATGROUP_Threads//FMonitoredProcess///Thread_1c0c_0///////STATCAT_Advanced//// old //STATGROUP_Threads//FMonitoredProcess///Thread_1f68_0///////STATCAT_Advanced////
[2014.09.17-18.21.01:357][  0]LogStats:Warning: MetaData mismatch. Did you assign a stat to two groups? New //STATGROUP_Threads//FMonitoredProcess///Thread_7e0_0///////STATCAT_Advanced//// old //STATGROUP_Threads//FMonitoredProcess///Thread_1f68_0///////STATCAT_Advanced////
[2014.09.17-18.21.01:357][  0]SourceControl: Info Source control is disabled
[2014.09.17-18.21.01:412][  0]Cmd: MAP LOAD FILE="K:/UnrealProject/EpicGames/FirstGame/Content/Maps/Example_Map.umap" TEMPLATE=0 SHOWPROGRESS=1
[2014.09.17-18.21.01:443][  0]LightingResults: New page: Lighting Build
[2014.09.17-18.21.01:511][  0]MapCheck: New page: Map Check
[2014.09.17-18.21.01:511][  0]LightingResults: New page: Lighting Build
[2014.09.17-18.21.01:687][  0]LogParticles: Destroying 0 GPU particle simulations for FXSystem 0x0000000010B40360
[2014.09.17-18.21.03:428][  0]LogEditorServer: Finished looking for orphan Actors (0.000 secs)
[2014.09.17-18.21.03:462][  0]LogAIModule: Creating AISystem for world Example_Map
[2014.09.17-18.21.03:479][  0]Cmd: MAP CHECKDEP
[2014.09.17-18.21.03:480][  0]MapCheck: New page: Example_Map - Sep 17, 2014, 10:21:03 PM
[2014.09.17-18.21.03:627][  0]MapCheck: Info ========== Map Check: 0 Error(s), 0 Warning(s), [146.695ms] ==========
[2014.09.17-18.21.03:627][  0]LogFileHelpers: Loading map 'Example_Map' took 2.230
[2014.09.17-18.21.04:698][  0]LogCollectionManager: Loaded 0 collections in 0.002770 seconds
[2014.09.17-18.21.06:122][  0]LogCrashTracker: Crashtracker disabled due to settings.
[2014.09.17-18.21.06:289][  0]LogLoad: Full Startup: 56.81 seconds (BP compile: 0.50 seconds)
[2014.09.17-18.21.06:325][  0]LogContentBrowser:Verbose: The content browser source was changed by the sources view to '/Game/Interface'
[2014.09.17-18.21.07:046][  0]LogRenderer:Warning: Reallocating scene render targets to support 992x872.
[2014.09.17-18.21.08:050][ 10]LogAssetRegistry: Asset discovery search completed in 14.9289 seconds
[2014.09.17-18.21.39:362][627]LogContentBrowser:Verbose: The content browser source was changed by the sources view to '/Game/Maps'
[2014.09.17-18.22.08:191][ 90]Cmd: MAP LOAD FILE="K:/UnrealProject/EpicGames/FirstGame/Content/Maps/Menu.umap" TEMPLATE=0 SHOWPROGRESS=1
[2014.09.17-18.22.08:192][ 90]LightingResults: New page: Lighting Build
[2014.09.17-18.22.08:236][ 90]LoadErrors: New page: Loading map: Menu.umap
[2014.09.17-18.22.08:250][ 90]MapCheck: New page: Map Check
[2014.09.17-18.22.08:251][ 90]LightingResults: New page: Lighting Build
[2014.09.17-18.22.08:301][ 90]LogParticles: Destroying 0 GPU particle simulations for FXSystem 0x000000000EF88C20
[2014.09.17-18.22.08:628][ 90]LogEditorServer: Finished looking for orphan Actors (0.000 secs)
[2014.09.17-18.22.08:628][ 90]LogAIModule: Creating AISystem for world Menu
[2014.09.17-18.22.08:684][ 90]Cmd: MAP CHECKDEP
[2014.09.17-18.22.08:685][ 90]MapCheck: New page: Menu - Sep 17, 2014, 10:22:08 PM
[2014.09.17-18.22.08:833][ 90]MapCheck: Info ========== Map Check: 0 Error(s), 0 Warning(s), [147.899ms] ==========
[2014.09.17-18.22.08:833][ 90]LogFileHelpers: Loading map 'Menu' took 0.643
[2014.09.17-18.22.13:707][441]BlueprintLog: New page: Pre-PIE auto-recompile
[2014.09.17-18.22.13:707][441]LogPlayLevel: [PIE] Compiling Menu before PIE...
[2014.09.17-18.22.13:986][441]LogPlayLevel: PIE:  Blueprint regeneration took 297 ms (1 blueprints)
[2014.09.17-18.22.13:987][441]PIE: New page: PIE session: Menu (Sep 17, 2014, 10:22:13 PM)
[2014.09.17-18.22.13:989][441]LogPlayLevel: PIE: StaticDuplicateObject took: (0.002214s)
[2014.09.17-18.22.13:991][441]LogPlayLevel: PIE: World Init took: (0.001179s)
[2014.09.17-18.22.13:991][441]LogPlayLevel: PIE: Created PIE world by copying editor world from /Game/Maps/Menu.Menu to /Game/Maps/UEDPIE_0_Menu.Menu (0.003954s)
[2014.09.17-18.22.15:107][441]BlueprintLog:Warning: Warning Blueprint MyProjectile has been migrated and requires re-saving to avoid import errors
[2014.09.17-18.22.15:108][441]BlueprintLog:Warning: Warning Blueprint MyCharacter has been migrated and requires re-saving to avoid import errors
[2014.09.17-18.22.15:109][441]BlueprintLog:Warning: Warning Blueprint MyHUD has been migrated and requires re-saving to avoid import errors
[2014.09.17-18.22.15:110][441]BlueprintLog:Warning: Warning Blueprint MyGame has been migrated and requires re-saving to avoid import errors
[2014.09.17-18.22.15:110][441]LogWorld: Game class is 'MyGame_C'
[2014.09.17-18.22.15:186][441]LogAIModule: Creating AISystem for world Menu
[2014.09.17-18.22.15:187][441]LogWorld: Bringing World /Game/Maps/UEDPIE_0_Menu.Menu up for play (max tick rate 0) at 2014.09.17-20.22.15
[2014.09.17-18.22.15:188][441]LogWorld: Bringing up level for play took: 0.001363
[2014.09.17-18.22.15:338][441]PIE: Info Play in editor start time for /Game/Maps/UEDPIE_0_Menu 0.693
[2014.09.17-18.22.19:970][733]LogPackageName: SearchForPackageOnDisk took   0.168s to resolve Example_Map.umap
[2014.09.17-18.22.20:129][733]LogPackageName: SearchForPackageOnDisk took   0.158s to resolve Example_Map.umap
[2014.09.17-18.22.20:130][733]LogNet: Browse: /Game/Maps/Example_Map
[2014.09.17-18.22.20:156][733]LogLoad: LoadMap: /Game/Maps/Example_Map
[2014.09.17-18.22.20:212][733]LogParticles: Destroying 0 GPU particle simulations for FXSystem 0x000000000485B380
[2014.09.17-18.22.20:223][733]Cmd: MEM
[2014.09.17-18.22.20:287][733]LogMemory: Platform Memory Stats for Windows
[2014.09.17-18.22.20:287][733]LogMemory: Process Physical Memory: 434.63 MB used, 443.66 MB peak
[2014.09.17-18.22.20:287][733]LogMemory: Process Virtual Memory: 346.96 MB used, 372.77 MB peak
[2014.09.17-18.22.20:287][733]LogMemory: Physical Memory: 4993.10 MB used, 16320.65 MB total
[2014.09.17-18.22.20:287][733]LogMemory: Virtual Memory: 1001.65 MB used, 8388608.00 MB total
[2014.09.17-18.22.20:287][733]LogMemory: 
[2014.09.17-18.22.20:287][733]Allocator Stats for TBB: (not implemented)
[2014.09.17-18.22.21:878][733]LogWorld: Game class is 'MyGame_C'
[2014.09.17-18.22.21:882][733]LogAIModule: Creating AISystem for world Example_Map
[2014.09.17-18.22.21:886][733]LogWorld: Bringing World /Game/Maps/UEDPIE_0_Example_Map.Example_Map up for play (max tick rate 0) at 2014.09.17-20.22.21
[2014.09.17-18.22.21:887][733]LogWorld: Bringing up level for play took: 0.004661
[2014.09.17-18.22.26:703][ 70]LogParticles: Destroying 0 GPU particle simulations for FXSystem 0x0000000011731F80
[2014.09.17-18.22.56:232][701]BlueprintLog: New page: Pre-PIE auto-recompile
[2014.09.17-18.22.56:233][701]LogPlayLevel: [PIE] Compiling Menu before PIE...
[2014.09.17-18.22.56:389][701]LogPlayLevel: PIE:  Blueprint regeneration took 156 ms (1 blueprints)
[2014.09.17-18.22.56:389][701]PIE: New page: PIE session: Menu (Sep 17, 2014, 10:22:56 PM)
[2014.09.17-18.22.56:391][701]LogPlayLevel: PIE: StaticDuplicateObject took: (0.001971s)
[2014.09.17-18.22.56:392][701]LogPlayLevel: PIE: World Init took: (0.001148s)
[2014.09.17-18.22.56:393][701]LogPlayLevel: PIE: Created PIE world by copying editor world from /Game/Maps/Menu.Menu to /Game/Maps/UEDPIE_0_Menu.Menu (0.003427s)
[2014.09.17-18.22.56:428][701]LogWorld: Game class is 'MyGame_C'
[2014.09.17-18.22.56:432][701]LogAIModule: Creating AISystem for world Menu
[2014.09.17-18.22.56:433][701]LogWorld: Bringing World /Game/Maps/UEDPIE_0_Menu.Menu up for play (max tick rate 0) at 2014.09.17-20.22.56
[2014.09.17-18.22.56:434][701]LogWorld: Bringing up level for play took: 0.001250
[2014.09.17-18.22.56:440][701]PIE: Info Play in editor start time for /Game/Maps/UEDPIE_0_Menu -0.205
[2014.09.17-18.23.06:324][332]LogPackageName: SearchForPackageOnDisk took   0.175s to resolve Example_Map.umap
[2014.09.17-18.23.06:486][332]LogPackageName: SearchForPackageOnDisk took   0.161s to resolve Example_Map.umap
[2014.09.17-18.23.06:486][332]LogNet: Browse: /Game/Maps/Example_Map
[2014.09.17-18.23.06:486][332]LogLoad: LoadMap: /Game/Maps/Example_Map
[2014.09.17-18.23.06:532][332]LogParticles: Destroying 0 GPU particle simulations for FXSystem 0x000000000BDF3380
[2014.09.17-18.23.06:532][332]Cmd: MEM
[2014.09.17-18.23.06:576][332]LogMemory: Platform Memory Stats for Windows
[2014.09.17-18.23.06:577][332]LogMemory: Process Physical Memory: 520.53 MB used, 530.36 MB peak
[2014.09.17-18.23.06:577][332]LogMemory: Process Virtual Memory: 429.69 MB used, 441.89 MB peak
[2014.09.17-18.23.06:577][332]LogMemory: Physical Memory: 5097.21 MB used, 16320.65 MB total
[2014.09.17-18.23.06:577][332]LogMemory: Virtual Memory: 1068.05 MB used, 8388608.00 MB total
[2014.09.17-18.23.06:577][332]LogMemory: 
[2014.09.17-18.23.06:577][332]Allocator Stats for TBB: (not implemented)
[2014.09.17-18.23.06:862][332]LogWorld: Game class is 'MyGame_C'
[2014.09.17-18.23.06:866][332]LogAIModule: Creating AISystem for world Example_Map
[2014.09.17-18.23.06:870][332]LogWorld: Bringing World /Game/Maps/UEDPIE_0_Example_Map.Example_Map up for play (max tick rate 0) at 2014.09.17-20.23.06
[2014.09.17-18.23.06:871][332]LogWorld: Bringing up level for play took: 0.004836
[2014.09.17-18.23.09:470][512]LogParticles: Destroying 0 GPU particle simulations for FXSystem 0x000000000BDF3420
[2014.09.17-18.23.36:694][150]Cmd: QUIT_EDITOR
[2014.09.17-18.23.37:058][150]LogWindowsTextInputMethodSystem:Error: Terminating failed while unadvising the language notification sink from the TSF source.
[2014.09.17-18.23.37:065][150]LogExit: Preparing to exit.
[2014.09.17-18.23.37:673][150]LogExit: Editor shut down
[2014.09.17-18.23.37:674][150]LogExit: Transaction tracking system shut down
[2014.09.17-18.23.37:675][150]LogParticles: Destroying 0 GPU particle simulations for FXSystem 0x000000000D7DC4A0
[2014.09.17-18.23.37:676][150]LogParticles: Destroying 0 GPU particle simulations for FXSystem 0x000000001CD89300
[2014.09.17-18.23.37:912][150]LogExit: Object subsystem successfully closed.
[2014.09.17-18.23.38:090][150]LogModuleManager: Shutting down and abandoning module AndroidDeviceDetection (161)
[2014.09.17-18.23.38:090][150]LogModuleManager: Shutting down and abandoning module HTTP (160)
[2014.09.17-18.23.38:090][150]LogModuleManager: Shutting down and abandoning module CrashTracker (159)
[2014.09.17-18.23.38:090][150]LogModuleManager: Shutting down and abandoning module SuperSearch (158)
[2014.09.17-18.23.38:090][150]LogModuleManager: Shutting down and abandoning module SceneOutliner (157)
[2014.09.17-18.23.38:091][150]LogModuleManager: Shutting down and abandoning module EditorWidgets (156)
[2014.09.17-18.23.38:091][150]LogModuleManager: Shutting down and abandoning module CollectionManager (155)
[2014.09.17-18.23.38:091][150]LogModuleManager: Shutting down and abandoning module StatsViewer (154)
[2014.09.17-18.23.38:091][150]LogModuleManager: Shutting down and abandoning module FoliageEdit (153)
[2014.09.17-18.23.38:091][150]LogModuleManager: Shutting down and abandoning module LandscapeEditor (152)
[2014.09.17-18.23.38:092][150]LogModuleManager: Shutting down and abandoning module MeshPaint (151)
[2014.09.17-18.23.38:092][150]LogModuleManager: Shutting down and abandoning module ActorPickerMode (150)
[2014.09.17-18.23.38:092][150]LogModuleManager: Shutting down and abandoning module GeometryMode (149)
[2014.09.17-18.23.38:092][150]LogModuleManager: Shutting down and abandoning module TextureAlignMode (148)
[2014.09.17-18.23.38:092][150]LogModuleManager: Shutting down and abandoning module BspMode (147)
[2014.09.17-18.23.38:092][150]LogModuleManager: Shutting down and abandoning module PlacementMode (146)
[2014.09.17-18.23.38:092][150]LogModuleManager: Shutting down and abandoning module AutomationWorker (145)
[2014.09.17-18.23.38:092][150]LogModuleManager: Shutting down and abandoning module EditorLiveStreaming (144)
[2014.09.17-18.23.38:092][150]LogModuleManager: Shutting down and abandoning module BehaviorTreeEditor (143)
[2014.09.17-18.23.38:121][150]LogModuleManager: Shutting down and abandoning module DeviceProfileEditor (142)
[2014.09.17-18.23.38:121][150]LogModuleManager: Shutting down and abandoning module UndoHistory (141)
[2014.09.17-18.23.38:121][150]LogModuleManager: Shutting down and abandoning module GameplayTagsEditor (140)
[2014.09.17-18.23.38:121][150]LogModuleManager: Shutting down and abandoning module UserFeedback (139)
[2014.09.17-18.23.38:121][150]LogModuleManager: Shutting down and abandoning module XmlParser (138)
[2014.09.17-18.23.38:121][150]LogModuleManager: Shutting down and abandoning module Blutility (137)
[2014.09.17-18.23.38:121][150]LogModuleManager: Shutting down and abandoning module IOSPlatformEditor (136)
[2014.09.17-18.23.38:121][150]LogModuleManager: Shutting down and abandoning module IOSRuntimeSettings (135)
[2014.09.17-18.23.38:121][150]LogModuleManager: Shutting down and abandoning module AndroidPlatformEditor (134)
[2014.09.17-18.23.38:121][150]LogModuleManager: Shutting down and abandoning module AndroidRuntimeSettings (133)
[2014.09.17-18.23.38:121][150]LogModuleManager: Shutting down and abandoning module ProjectTargetPlatformEditor (132)
[2014.09.17-18.23.38:122][150]LogModuleManager: Shutting down and abandoning module ProjectSettingsViewer (131)
[2014.09.17-18.23.38:122][150]LogModuleManager: Shutting down and abandoning module InputBindingEditor (130)
[2014.09.17-18.23.38:122][150]LogModuleManager: Shutting down and abandoning module EditorSettingsViewer (129)
[2014.09.17-18.23.38:122][150]LogModuleManager: Shutting down and abandoning module SettingsEditor (128)
[2014.09.17-18.23.38:122][150]LogModuleManager: Shutting down and abandoning module SessionLauncher (127)
[2014.09.17-18.23.38:122][150]LogModuleManager: Shutting down and abandoning module SessionFrontend (126)
[2014.09.17-18.23.38:122][150]LogModuleManager: Shutting down and abandoning module ProfilerClient (125)
[2014.09.17-18.23.38:122][150]LogModuleManager: Shutting down and abandoning module TargetDeviceServices (124)
[2014.09.17-18.23.38:122][150]LogModuleManager: Shutting down and abandoning module DeviceManager (123)
[2014.09.17-18.23.38:122][150]LogModuleManager: Shutting down and abandoning module AutomationController (122)
[2014.09.17-18.23.38:123][150]LogModuleManager: Shutting down and abandoning module AutomationWindow (121)
[2014.09.17-18.23.38:132][150]LogModuleManager: Shutting down and abandoning module Layers (120)
[2014.09.17-18.23.38:132][150]LogModuleManager: Shutting down and abandoning module ComponentVisualizers (119)
[2014.09.17-18.23.38:132][150]LogModuleManager: Shutting down and abandoning module DetailCustomizations (118)
[2014.09.17-18.23.38:173][150]LogModuleManager: Shutting down and abandoning module PackagesDialog (117)
[2014.09.17-18.23.38:173][150]LogModuleManager: Shutting down and abandoning module DirectoryWatcher (116)
[2014.09.17-18.23.38:173][150]LogModuleManager: Shutting down and abandoning module AssetRegistry (115)
[2014.09.17-18.23.38:272][150]LogModuleManager: Shutting down and abandoning module Persona (114)
[2014.09.17-18.23.38:272][150]LogModuleManager: Shutting down and abandoning module GraphEditor (113)
[2014.09.17-18.23.38:292][150]LogModuleManager: Shutting down and abandoning module ClassViewer (112)
[2014.09.17-18.23.38:292][150]LogModuleManager: Shutting down and abandoning module Toolbox (111)
[2014.09.17-18.23.38:292][150]LogModuleManager: Shutting down and abandoning module ModuleUI (110)
[2014.09.17-18.23.38:292][150]LogModuleManager: Shutting down and abandoning module MovieSceneTools (109)
[2014.09.17-18.23.38:292][150]LogModuleManager: Shutting down and abandoning module OutputLog (108)
[2014.09.17-18.23.38:292][150]LogModuleManager: Shutting down and abandoning module GammaUI (107)
[2014.09.17-18.23.38:292][150]LogModuleManager: Shutting down and abandoning module Documentation (106)
[2014.09.17-18.23.38:292][150]LogModuleManager: Shutting down and abandoning module GameLiveStreaming (105)
[2014.09.17-18.23.38:293][150]LogModuleManager: Shutting down and abandoning module DesktopPlatform (104)
[2014.09.17-18.23.38:293][150]LogModuleManager: Shutting down and abandoning module StreamingPauseRendering (103)
[2014.09.17-18.23.38:293][150]LogModuleManager: Shutting down and abandoning module AnalyticsET (102)
[2014.09.17-18.23.38:293][150]LogModuleManager: Shutting down and abandoning module Analytics (101)
[2014.09.17-18.23.38:293][150]LogModuleManager: Shutting down and abandoning module GameplayDebugger (100)
[2014.09.17-18.23.38:293][150]LogModuleManager: Shutting down and abandoning module AIModule (99)
[2014.09.17-18.23.38:293][150]LogModuleManager: Shutting down and abandoning module ProfilerService (98)
[2014.09.17-18.23.38:481][150]LogModuleManager: Shutting down and abandoning module TaskGraph (97)
[2014.09.17-18.23.38:481][150]LogModuleManager: Shutting down and abandoning module SlateRemote (96)
[2014.09.17-18.23.38:481][150]LogModuleManager: Shutting down and abandoning module ScriptEditorPlugin (95)
[2014.09.17-18.23.38:481][150]LogModuleManager: Shutting down and abandoning module CustomMeshComponent (94)
[2014.09.17-18.23.38:481][150]LogModuleManager: Shutting down and abandoning module CableComponent (93)
[2014.09.17-18.23.38:481][150]LogModuleManager: Shutting down and abandoning module MessagingDebugger (92)
[2014.09.17-18.23.38:497][150]LogModuleManager: Shutting down and abandoning module ViewportSnapping (91)
[2014.09.17-18.23.38:497][150]LogModuleManager: Shutting down and abandoning module SmartSnapping (90)
[2014.09.17-18.23.38:497][150]LogModuleManager: Shutting down and abandoning module PaperTiledImporter (89)
[2014.09.17-18.23.38:497][150]LogModuleManager: Shutting down and abandoning module PaperJsonImporter (88)
[2014.09.17-18.23.38:497][150]LogModuleManager: Shutting down and abandoning module GameProjectGeneration (87)
[2014.09.17-18.23.38:497][150]LogModuleManager: Shutting down and abandoning module Matinee (86)
[2014.09.17-18.23.38:505][150]LogModuleManager: Shutting down and abandoning module Kismet (85)
[2014.09.17-18.23.38:516][150]LogModuleManager: Shutting down and abandoning module SlateReflector (84)
[2014.09.17-18.23.38:517][150]LogModuleManager: Shutting down and abandoning module LevelEditor (83)
[2014.09.17-18.23.38:519][150]LogModuleManager: Shutting down and abandoning module IntroTutorials (82)
[2014.09.17-18.23.38:519][150]LogModuleManager: Shutting down and abandoning module ContentBrowser (81)
[2014.09.17-18.23.38:519][150]LogModuleManager: Shutting down and abandoning module PropertyEditor (80)
[2014.09.17-18.23.38:545][150]LogModuleManager: Shutting down and abandoning module Paper2DEditor (79)
[2014.09.17-18.23.38:562][150]LogModuleManager: Shutting down and abandoning module SpeedTreeImporter (78)
[2014.09.17-18.23.38:563][150]LogModuleManager: Shutting down and abandoning module PluginsEditor (77)
[2014.09.17-18.23.38:563][150]LogModuleManager: Shutting down and abandoning module MainFrame (76)
[2014.09.17-18.23.38:563][150]LogModuleManager: Shutting down and abandoning module EpicSurvey (75)
[2014.09.17-18.23.38:563][150]LogModuleManager: Shutting down and abandoning module VisualStudioSourceCodeAccess (74)
[2014.09.17-18.23.38:563][150]LogModuleManager: Shutting down and abandoning module UObjectPlugin (73)
[2014.09.17-18.23.38:563][150]LogModuleManager: Shutting down and abandoning module SubversionSourceControl (72)
[2014.09.17-18.23.38:563][150]LogModuleManager: Shutting down and abandoning module SourceControl (71)
[2014.09.17-18.23.38:563][150]LogModuleManager: Shutting down and abandoning module PerforceSourceControl (70)
[2014.09.17-18.23.38:563][150]LogModuleManager: Shutting down and abandoning module BlankPlugin (69)
[2014.09.17-18.23.38:563][150]LogModuleManager: Shutting down and abandoning module ScriptPlugin (68)
[2014.09.17-18.23.38:563][150]LogModuleManager: Shutting down and abandoning module UdpMessaging (67)
[2014.09.17-18.23.38:664][150]LogModuleManager: Shutting down and abandoning module Paper2D (66)
[2014.09.17-18.23.38:664][150]LogModuleManager: Shutting down and abandoning module WindowsMoviePlayer (65)
[2014.09.17-18.23.38:672][150]LogModuleManager: Shutting down and abandoning module ImageWrapper (64)
[2014.09.17-18.23.38:672][150]LogModuleManager: Shutting down and abandoning module OnlineBlueprintSupport (63)
[2014.09.17-18.23.38:672][150]LogModuleManager: Shutting down and abandoning module FunctionalTesting (62)
[2014.09.17-18.23.38:672][150]LogModuleManager: Shutting down and abandoning module CollisionAnalyzer (61)
[2014.09.17-18.23.38:672][150]LogModuleManager: Shutting down and abandoning module WorkspaceMenuStructure (60)
[2014.09.17-18.23.38:672][150]LogModuleManager: Shutting down and abandoning module MessageLog (59)
[2014.09.17-18.23.38:672][150]LogModuleManager: Shutting down and abandoning module Sequencer (58)
[2014.09.17-18.23.38:681][150]LogModuleManager: Shutting down and abandoning module AssetTools (57)
[2014.09.17-18.23.38:682][150]LogModuleManager: Shutting down and abandoning module UMGEditor (56)
[2014.09.17-18.23.38:682][150]LogModuleManager: Shutting down and abandoning module UMG (55)
[2014.09.17-18.23.38:682][150]LogModuleManager: Shutting down and abandoning module Slate (54)
[2014.09.17-18.23.38:682][150]LogModuleManager: Shutting down and abandoning module EditorStyle (53)
[2014.09.17-18.23.38:686][150]LogModuleManager: Shutting down and abandoning module SessionServices (52)
[2014.09.17-18.23.38:686][150]LogModuleManager: Shutting down and abandoning module SourceCodeAccess (51)
[2014.09.17-18.23.38:686][150]LogModuleManager: Shutting down and abandoning module HeadMountedDisplay (50)
[2014.09.17-18.23.38:686][150]LogModuleManager: Shutting down and abandoning module XAudio2 (49)
[2014.09.17-18.23.38:686][150]LogModuleManager: Shutting down and abandoning module Networking (47)
[2014.09.17-18.23.38:686][150]LogModuleManager: Shutting down and abandoning module Core (46)
[2014.09.17-18.23.38:687][150]LogModuleManager: Shutting down and abandoning module KismetCompiler (45)
[2014.09.17-18.23.38:687][150]LogModuleManager: Shutting down and abandoning module PhysXFormats (44)
[2014.09.17-18.23.38:687][150]LogModuleManager: Shutting down and abandoning module MeshUtilities (43)
[2014.09.17-18.23.38:687][150]LogModuleManager: Shutting down and abandoning module DerivedDataCache (42)
[2014.09.17-18.23.38:702][150]LogDerivedDataCache: Shutdown
[2014.09.17-18.23.38:702][150]LogModuleManager: Shutting down and abandoning module ShaderFormatOpenGL (41)
[2014.09.17-18.23.38:702][150]LogModuleManager: Shutting down and abandoning module ShaderFormatD3D (40)
[2014.09.17-18.23.38:702][150]LogModuleManager: Shutting down and abandoning module MetalShaderFormat (39)
[2014.09.17-18.23.38:702][150]LogModuleManager: Shutting down and abandoning module TextureFormatUncompressed (38)
[2014.09.17-18.23.38:702][150]LogModuleManager: Shutting down and abandoning module TextureFormatPVR (37)
[2014.09.17-18.23.38:702][150]LogModuleManager: Shutting down and abandoning module TextureFormatDXT (36)
[2014.09.17-18.23.38:702][150]LogModuleManager: Shutting down and abandoning module TextureFormatAndroid (35)
[2014.09.17-18.23.38:702][150]LogModuleManager: Shutting down and abandoning module AudioFormatOpus (34)
[2014.09.17-18.23.38:702][150]LogModuleManager: Shutting down and abandoning module AudioFormatOgg (33)
[2014.09.17-18.23.38:702][150]LogModuleManager: Shutting down and abandoning module AudioFormatADPCM (32)
[2014.09.17-18.23.38:702][150]LogModuleManager: Shutting down and abandoning module Messaging (31)
[2014.09.17-18.23.38:702][150]LogModuleManager: Shutting down and abandoning module IOSTargetPlatform (30)
[2014.09.17-18.23.38:702][150]LogModuleManager: Shutting down and abandoning module Android_PVRTCTargetPlatform (29)
[2014.09.17-18.23.38:702][150]LogModuleManager: Shutting down and abandoning module Android_ETC2TargetPlatform (28)
[2014.09.17-18.23.38:702][150]LogModuleManager: Shutting down and abandoning module Android_ETC1TargetPlatform (27)
[2014.09.17-18.23.38:702][150]LogModuleManager: Shutting down and abandoning module Android_DXTTargetPlatform (26)
[2014.09.17-18.23.38:702][150]LogModuleManager: Shutting down and abandoning module Android_ATCTargetPlatform (25)
[2014.09.17-18.23.38:702][150]LogModuleManager: Shutting down and abandoning module AndroidTargetPlatform (24)
[2014.09.17-18.23.38:702][150]LogModuleManager: Shutting down and abandoning module WindowsTargetPlatform (23)
[2014.09.17-18.23.38:702][150]LogModuleManager: Shutting down and abandoning module WindowsServerTargetPlatform (22)
[2014.09.17-18.23.38:702][150]LogModuleManager: Shutting down and abandoning module WindowsNoEditorTargetPlatform (21)
[2014.09.17-18.23.38:702][150]LogModuleManager: Shutting down and abandoning module WindowsClientTargetPlatform (20)
[2014.09.17-18.23.38:702][150]LogModuleManager: Shutting down and abandoning module TargetPlatform (19)
[2014.09.17-18.23.38:703][150]LogModuleManager: Shutting down and abandoning module InputCore (18)
[2014.09.17-18.23.38:703][150]LogModuleManager: Shutting down and abandoning module Settings (17)
[2014.09.17-18.23.38:703][150]LogModuleManager: Shutting down and abandoning module ExampleDeviceProfileSelector (14)
[2014.09.17-18.23.38:703][150]LogModuleManager: Shutting down and abandoning module OculusRift (13)
[2014.09.17-18.23.38:703][150]LogModuleManager: Shutting down and abandoning module TextureCompressor (12)
[2014.09.17-18.23.38:703][150]LogModuleManager: Shutting down and abandoning module ShaderCore (11)
[2014.09.17-18.23.38:703][150]LogModuleManager: Shutting down and abandoning module OpenGLDrv (10)
[2014.09.17-18.23.38:703][150]LogModuleManager: Shutting down and abandoning module D3D11RHI (9)
[2014.09.17-18.23.38:703][150]LogModuleManager: Shutting down and abandoning module SlateRHIRenderer (8)
[2014.09.17-18.23.38:703][150]LogModuleManager: Shutting down and abandoning module Renderer (7)
[2014.09.17-18.23.38:703][150]LogModuleManager: Shutting down and abandoning module Engine (6)
[2014.09.17-18.23.38:703][150]LogModuleManager: Shutting down and abandoning module CoreUObject (5)
[2014.09.17-18.23.38:703][150]LogModuleManager: Shutting down and abandoning module NetworkFile (4)
[2014.09.17-18.23.38:703][150]LogModuleManager: Shutting down and abandoning module StreamingFile (3)
[2014.09.17-18.23.38:703][150]LogModuleManager: Shutting down and abandoning module SandboxFile (2)
[2014.09.17-18.23.38:703][150]LogModuleManager: Shutting down and abandoning module PakFile (1)
[2014.09.17-18.23.38:704][150]LogExit: Exiting.
[2014.09.17-18.23.38:724][150]Log file closed, 09/17/14 20:23:38
