Log file open, 09/21/14 23:11:32
LogInit:Display: Running engine for game: FirstGame
LogInit: Version: 4.4.3-2296771+++depot+UE4-Releases+4.4
LogInit: API Version: 2255576
LogInit: Compiled (64-bit): Sep 13 2014 22:30:58
LogInit: Build Configuration: Development
LogInit: Branch Name: ++depot+UE4-Releases+4.4
LogInit: Command line:  
LogInit: Base directory: M:/UDK/Unreal Engine/4.4/Engine/Binaries/Win64/
LogInit: Rocket: 1
[2014.09.21-21.11.32:685][  0]LogTaskGraph: Started task graph with 3 named threads and 4 total threads.
[2014.09.21-21.11.32:721][  0]LogOnline:Warning: No default platform service specified for OnlineSubsystem
[2014.09.21-21.11.32:740][  0]LogInit: Presizing for 0 objects not considered by GC, pre-allocating 0 bytes.
[2014.09.21-21.11.32:759][  0]LogInit: Object subsystem initialized
[2014.09.21-21.11.32:765][  0]LogInit: Selected Device Profile: [Windows]
[2014.09.21-21.11.32:765][  0]LogInit: Applying CVar settings loaded from the selected device profile: [Windows]
[2014.09.21-21.11.32:775][  0]LogInit: Computer: ADMIN-PC
[2014.09.21-21.11.32:776][  0]LogInit: User: admin
[2014.09.21-21.11.32:778][  0]LogInit: CPU Page size=4096, Cores=4
[2014.09.21-21.11.32:778][  0]LogInit: High frequency timer resolution =3.326103 MHz
[2014.09.21-21.11.32:778][  0]LogMemory: Memory total: Physical=15.9GB (16GB approx) Virtual=8192.0GB
[2014.09.21-21.11.32:779][  0]LogMemory: Platform Memory Stats for Windows
[2014.09.21-21.11.32:779][  0]LogMemory: Process Physical Memory: 62.73 MB used, 62.73 MB peak
[2014.09.21-21.11.32:779][  0]LogMemory: Process Virtual Memory: 38.29 MB used, 38.29 MB peak
[2014.09.21-21.11.32:779][  0]LogMemory: Physical Memory: 5553.73 MB used, 16320.65 MB total
[2014.09.21-21.11.32:779][  0]LogMemory: Virtual Memory: 261.14 MB used, 8388608.00 MB total
[2014.09.21-21.11.32:872][  0]LogD3D11RHI: Found D3D11 adapter 0: NVIDIA GeForce GTX 770 (Feature Level 11_0)
[2014.09.21-21.11.32:872][  0]LogD3D11RHI: Adapter has 1990MB of dedicated video memory, 0MB of dedicated system memory, and 2048MB of shared system memory, 1 output[s]
[2014.09.21-21.11.32:872][  0]LogD3D11RHI: Chosen D3D11 Adapter Id = 0
[2014.09.21-21.11.32:887][  0]LogRHI: Texture pool is 1361 MB (70% of 1945 MB)
[2014.09.21-21.11.32:911][  0]LogD3D11RHI: Async texture creation enabled
[2014.09.21-21.11.32:982][  0]LogTextLocalizationManager:Warning: The selected culture 'de_DE' is not available; falling back to 'en'
[2014.09.21-21.11.33:190][  0]LogContentStreaming: Texture pool size is 0.000000MB
[2014.09.21-21.11.37:416][  0]LogTargetPlatformManager:Display: Building Assets For Windows
[2014.09.21-21.11.38:468][  0]LogTargetPlatformManager:Display: Building Assets For Windows
[2014.09.21-21.11.38:552][  0]LogDerivedDataCache:Display: Max Cache Size: 512 MB
[2014.09.21-21.11.38:689][  0]LogDerivedDataCache: Loaded boot cache 0.14s 67MB C:/Users/admin/AppData/Local/UnrealEngine/4.4/DerivedDataCache/Boot.ddc.
[2014.09.21-21.11.38:689][  0]LogDerivedDataCache:Display: Loaded Boot cache: C:/Users/admin/AppData/Local/UnrealEngine/4.4/DerivedDataCache/Boot.ddc
[2014.09.21-21.11.38:689][  0]LogDerivedDataCache: FDerivedDataBackendGraph:  Pak pak cache file K:/UnrealProject/EpicGames/FirstGame/DerivedDataCache/DDC.ddp not found, will not use a pak cache.
[2014.09.21-21.11.38:689][  0]LogDerivedDataCache: Unable to find inner node Pak for hierarchical cache Hierarchy.
[2014.09.21-21.11.38:737][  0]LogDerivedDataCache:Display: Pak cache opened for reading ../../../Engine/DerivedDataCache/DDC.ddp.
[2014.09.21-21.11.38:750][  0]LogDerivedDataCache: Using Local data cache path C:/Users/admin/AppData/Local/UnrealEngine/4.4/DerivedDataCache: Writable
[2014.09.21-21.11.39:093][  0]LogMeshUtilities: No automatic mesh reduction module available
[2014.09.21-21.11.39:093][  0]LogMeshUtilities: No automatic mesh merging module available
[2014.09.21-21.11.39:864][  0]LogInit: WinSock: version 1.1 (2.2), MaxSocks=32767, MaxUdp=65467
[2014.09.21-21.11.41:901][  0]LogStats:Warning: MetaData mismatch. Did you assign a stat to two groups? New //STATGROUP_Threads//FMonitoredProcess///Thread_25b0_0///////STATCAT_Advanced//// old //STATGROUP_Threads//FMonitoredProcess///Thread_2df0_0///////STATCAT_Advanced////
[2014.09.21-21.11.41:902][  0]UdpMessaging: Initializing bridge on interface 0.0.0.0:0 to multicast group 230.0.0.1:6666.
[2014.09.21-21.11.42:062][  0]SourceControl: Info Source control is disabled
[2014.09.21-21.11.42:062][  0]SourceControl: Info Source control is disabled
[2014.09.21-21.11.42:075][  0]SourceControl: Info Source control is disabled
[2014.09.21-21.11.42:444][  0]BlueprintLog: New page: Editor Load
[2014.09.21-21.11.42:640][  0]LogObj: 21438 objects as part of root set at end of initial load.
[2014.09.21-21.11.42:640][  0]LogUObjectAllocator: 4218656 out of 0 bytes used by permanent object pool.
[2014.09.21-21.11.43:225][  0]LogEngine: Initializing Engine...
[2014.09.21-21.11.43:514][  0]LogInit: XAudio2 using 'Philips FTV-4 (NVIDIA High Definition Audio)' : 2 channels at 48 kHz using 16 bits per sample (channel mask 0x3)
[2014.09.21-21.11.43:627][  0]LogInit: FAudioDevice initialized.
[2014.09.21-21.11.43:663][  0]LogAIModule: Creating AISystem for world NewWorld
[2014.09.21-21.11.43:752][  0]LogDerivedDataCache: Saved boot cache 0.09s 67MB C:/Users/admin/AppData/Local/UnrealEngine/4.4/DerivedDataCache/Boot.ddc.
[2014.09.21-21.11.43:765][  0]LogInit: Texture streaming: Enabled
[2014.09.21-21.11.43:830][  0]LogInit: Transaction tracking system initialized
[2014.09.21-21.11.44:028][  0]LogAssetRegistry: FAssetRegistry took 0.0097 seconds to start up
[2014.09.21-21.11.45:160][  0]LogTargetPlatformManager:Display: Building Assets For Windows
[2014.09.21-21.11.45:897][  0]LogTargetPlatformManager:Display: Building Assets For Windows
[2014.09.21-21.11.46:148][  0]LogConsoleResponse:Display: 
[2014.09.21-21.11.46:517][  0]LogStats:Warning: MetaData mismatch. Did you assign a stat to two groups? New //STATGROUP_Threads//FMonitoredProcess///Thread_1ef8_0///////STATCAT_Advanced//// old //STATGROUP_Threads//FMonitoredProcess///Thread_2df0_0///////STATCAT_Advanced////
[2014.09.21-21.11.46:517][  0]LogStats:Warning: MetaData mismatch. Did you assign a stat to two groups? New //STATGROUP_Threads//FMonitoredProcess///Thread_4d0_0///////STATCAT_Advanced//// old //STATGROUP_Threads//FMonitoredProcess///Thread_2df0_0///////STATCAT_Advanced////
[2014.09.21-21.11.46:517][  0]SourceControl: Info Source control is disabled
[2014.09.21-21.11.46:518][  0]Cmd: MAP LOAD FILE="K:/UnrealProject/EpicGames/FirstGame/Content/Maps/Example_Map.umap" TEMPLATE=0 SHOWPROGRESS=1
[2014.09.21-21.11.46:519][  0]LightingResults: New page: Lighting Build
[2014.09.21-21.11.46:537][  0]MapCheck: New page: Map Check
[2014.09.21-21.11.46:537][  0]LightingResults: New page: Lighting Build
[2014.09.21-21.11.46:573][  0]LogParticles: Destroying 0 GPU particle simulations for FXSystem 0x0000000010668360
[2014.09.21-21.11.47:060][  0]LogEditorServer: Finished looking for orphan Actors (0.000 secs)
[2014.09.21-21.11.47:060][  0]LogAIModule: Creating AISystem for world Example_Map
[2014.09.21-21.11.47:061][  0]Cmd: MAP CHECKDEP
[2014.09.21-21.11.47:061][  0]MapCheck: New page: Example_Map - Sep 22, 2014, 1:11:47 AM
[2014.09.21-21.11.47:185][  0]MapCheck: Info ========== Map Check: 0 Error(s), 0 Warning(s), [124.2ms] ==========
[2014.09.21-21.11.47:186][  0]LogFileHelpers: Loading map 'Example_Map' took 0.668
[2014.09.21-21.11.47:355][  0]LogCollectionManager: Loaded 0 collections in 0.002609 seconds
[2014.09.21-21.11.47:565][  0]LogCrashTracker: Crashtracker disabled due to settings.
[2014.09.21-21.11.47:651][  0]LogLoad: Full Startup: 17.89 seconds (BP compile: 0.16 seconds)
[2014.09.21-21.11.47:676][  0]LogContentBrowser:Verbose: The content browser source was changed by the sources view to '/Game/Blueprints'
[2014.09.21-21.11.48:040][  0]LogRenderer:Warning: Reallocating scene render targets to support 840x872.
[2014.09.21-21.11.48:791][  9]LogAssetRegistry: Asset discovery search completed in 4.7734 seconds
[2014.09.21-21.11.51:947][153]LogPlayLevel: PIE:  No blueprints needed recompiling
[2014.09.21-21.11.51:947][153]PIE: New page: PIE session: Example_Map (Sep 22, 2014, 1:11:51 AM)
[2014.09.21-21.11.52:012][153]LogPlayLevel: PIE: StaticDuplicateObject took: (0.064713s)
[2014.09.21-21.11.52:017][153]LogPlayLevel: PIE: World Init took: (0.001359s)
[2014.09.21-21.11.52:018][153]LogPlayLevel: PIE: Created PIE world by copying editor world from /Game/Maps/Example_Map.Example_Map to /Game/Maps/UEDPIE_0_Example_Map.Example_Map (0.069984s)
[2014.09.21-21.11.52:636][153]BlueprintLog:Warning: Warning Blueprint MyHUD has been migrated and requires re-saving to avoid import errors
[2014.09.21-21.11.52:637][153]BlueprintLog:Warning: Warning Blueprint MyGame has been migrated and requires re-saving to avoid import errors
[2014.09.21-21.11.52:644][153]LogWorld: Game class is 'MyGame_C'
[2014.09.21-21.11.52:649][153]LogAIModule: Creating AISystem for world Example_Map
[2014.09.21-21.11.52:653][153]LogWorld: Bringing World /Game/Maps/UEDPIE_0_Example_Map.Example_Map up for play (max tick rate 0) at 2014.09.21-23.11.52
[2014.09.21-21.11.52:654][153]LogWorld: Bringing up level for play took: 0.004911
[2014.09.21-21.11.52:660][153]PIE: Info Play in editor start time for /Game/Maps/UEDPIE_0_Example_Map -0.213
[2014.09.21-21.12.52:423][854]LogActorComponent: UnregisterComponent: (/Engine/Transient.CharacterMovementComponent_0) Not registered. Aborting.
[2014.09.21-21.13.01:305][249]LogParticles: Destroying 0 GPU particle simulations for FXSystem 0x00000000209CCA40
[2014.09.21-21.13.38:247][192]LogPlayLevel: PIE:  No blueprints needed recompiling
[2014.09.21-21.13.38:248][192]PIE: New page: SIE session: Example_Map (Sep 22, 2014, 1:13:38 AM)
[2014.09.21-21.13.38:304][192]LogPlayLevel: PIE: StaticDuplicateObject took: (0.056402s)
[2014.09.21-21.13.38:306][192]LogPlayLevel: PIE: World Init took: (0.001357s)
[2014.09.21-21.13.38:306][192]LogPlayLevel: PIE: Created PIE world by copying editor world from /Game/Maps/Example_Map.Example_Map to /Game/Maps/UEDPIE_0_Example_Map.Example_Map (0.058136s)
[2014.09.21-21.13.38:344][192]LogWorld: Game class is 'MyGame_C'
[2014.09.21-21.13.38:348][192]LogAIModule: Creating AISystem for world Example_Map
[2014.09.21-21.13.38:352][192]LogWorld: Bringing World /Game/Maps/UEDPIE_0_Example_Map.Example_Map up for play (max tick rate 0) at 2014.09.21-23.13.38
[2014.09.21-21.13.38:353][192]LogWorld: Bringing up level for play took: 0.004830
[2014.09.21-21.13.38:355][192]PIE: Info Play in editor start time for /Game/Maps/UEDPIE_0_Example_Map -0.519
[2014.09.21-21.13.40:372][266]LogActorComponent: UnregisterComponent: (/Engine/Transient.CharacterMovementComponent_1) Not registered. Aborting.
[2014.09.21-21.13.40:426][266]LogParticles: Destroying 0 GPU particle simulations for FXSystem 0x0000000010589620
[2014.09.21-21.13.40:427][266]LogParticles: Destroying 0 GPU particle simulations for FXSystem 0x000000000F3DFC40
[2014.09.21-21.13.41:117][289]LogPlayLevel: PIE:  No blueprints needed recompiling
[2014.09.21-21.13.41:118][289]PIE: New page: PIE session: Example_Map (Sep 22, 2014, 1:13:41 AM)
[2014.09.21-21.13.41:168][289]LogPlayLevel: PIE: StaticDuplicateObject took: (0.050022s)
[2014.09.21-21.13.41:169][289]LogPlayLevel: PIE: World Init took: (0.001288s)
[2014.09.21-21.13.41:170][289]LogPlayLevel: PIE: Created PIE world by copying editor world from /Game/Maps/Example_Map.Example_Map to /Game/Maps/UEDPIE_0_Example_Map.Example_Map (0.051731s)
[2014.09.21-21.13.41:215][289]LogWorld: Game class is 'MyGame_C'
[2014.09.21-21.13.41:219][289]LogAIModule: Creating AISystem for world Example_Map
[2014.09.21-21.13.41:224][289]LogWorld: Bringing World /Game/Maps/UEDPIE_0_Example_Map.Example_Map up for play (max tick rate 0) at 2014.09.21-23.13.41
[2014.09.21-21.13.41:224][289]LogWorld: Bringing up level for play took: 0.005016
[2014.09.21-21.13.41:229][289]PIE: Info Play in editor start time for /Game/Maps/UEDPIE_0_Example_Map 0.355
[2014.09.21-21.14.58:803][ 49]LogParticles: Destroying 0 GPU particle simulations for FXSystem 0x000000000F6980E0
[2014.09.21-21.15.14:397][677]LogContentBrowser:Verbose: The content browser source was changed by the sources view to '/Game/Maps'
[2014.09.21-21.15.23:076][814]LogActorComponent: UnregisterComponent: (/Engine/Transient.CharacterMovementComponent_2) Not registered. Aborting.
[2014.09.21-21.15.24:552][814]Cmd: MAP LOAD FILE="K:/UnrealProject/EpicGames/FirstGame/Content/Maps/Example_Map.umap" TEMPLATE=0 SHOWPROGRESS=1
[2014.09.21-21.15.24:582][814]Cmd: MAP CHECKDEP
[2014.09.21-21.15.24:583][814]MapCheck: New page: Example_Map - Sep 22, 2014, 1:15:24 AM
[2014.09.21-21.15.24:732][814]MapCheck: Info ========== Map Check: 0 Error(s), 0 Warning(s), [149.013ms] ==========
[2014.09.21-21.15.24:732][814]LogFileHelpers: Loading map 'Example_Map' took 0.181
[2014.09.21-21.15.33:496][124]Cmd: MAP LOAD FILE="K:/UnrealProject/EpicGames/FirstGame/Content/Maps/Minimal_Default.umap" TEMPLATE=0 SHOWPROGRESS=1
[2014.09.21-21.15.33:496][124]LightingResults: New page: Lighting Build
[2014.09.21-21.15.33:538][124]LoadErrors: New page: Loading map: Minimal_Default.umap
[2014.09.21-21.15.33:540][124]MapCheck: New page: Map Check
[2014.09.21-21.15.33:540][124]LightingResults: New page: Lighting Build
[2014.09.21-21.15.33:585][124]LogParticles: Destroying 0 GPU particle simulations for FXSystem 0x0000000010AC8C20
[2014.09.21-21.15.34:530][124]LogEditorServer: Finished looking for orphan Actors (0.000 secs)
[2014.09.21-21.15.34:530][124]LogAIModule: Creating AISystem for world Minimal_Default
[2014.09.21-21.15.34:559][124]Cmd: MAP CHECKDEP
[2014.09.21-21.15.34:559][124]MapCheck: New page: Minimal_Default - Sep 22, 2014, 1:15:34 AM
[2014.09.21-21.15.34:721][124]MapCheck: Info ========== Map Check: 0 Error(s), 0 Warning(s), [161.282ms] ==========
[2014.09.21-21.15.34:721][124]LogFileHelpers: Loading map 'Minimal_Default' took 1.226
[2014.09.21-21.15.43:694][495]Cmd: MAP LOAD FILE="K:/UnrealProject/EpicGames/FirstGame/Content/Maps/StarterMap.umap" TEMPLATE=0 SHOWPROGRESS=1
[2014.09.21-21.15.43:695][495]LightingResults: New page: Lighting Build
[2014.09.21-21.15.43:737][495]LoadErrors: New page: Loading map: StarterMap.umap
[2014.09.21-21.15.43:738][495]MapCheck: New page: Map Check
[2014.09.21-21.15.43:738][495]LightingResults: New page: Lighting Build
[2014.09.21-21.15.43:783][495]LogParticles: Destroying 0 GPU particle simulations for FXSystem 0x000000001CF585E0
[2014.09.21-21.15.43:856][495]LogLinker:Warning: Asset 'K:/UnrealProject/EpicGames/FirstGame/Content/Props/SM_Lamp_Ceiling.uasset' has been saved with empty engine version. The asset will be loaded but may be incompatible.
[2014.09.21-21.15.43:918][495]LogLinker:Warning: Asset 'K:/UnrealProject/EpicGames/FirstGame/Content/Blueprints/Blueprint_Effect_Fire.uasset' has been saved with empty engine version. The asset will be loaded but may be incompatible.
[2014.09.21-21.15.44:027][495]LogLinker:Warning: Asset 'K:/UnrealProject/EpicGames/FirstGame/Content/Blueprints/Blueprint_Effect_Smoke.uasset' has been saved with empty engine version. The asset will be loaded but may be incompatible.
[2014.09.21-21.15.44:059][495]LogLinker:Warning: Asset 'K:/UnrealProject/EpicGames/FirstGame/Content/Blueprints/Blueprint_Effect_Sparks.uasset' has been saved with empty engine version. The asset will be loaded but may be incompatible.
[2014.09.21-21.15.44:101][495]LogLinker:Warning: Asset 'K:/UnrealProject/EpicGames/FirstGame/Content/Blueprints/Blueprint_Effect_Steam.uasset' has been saved with empty engine version. The asset will be loaded but may be incompatible.
[2014.09.21-21.15.45:246][495]LogLinker:Warning: Asset 'K:/UnrealProject/EpicGames/FirstGame/Content/Props/MaterialSphere.uasset' has been saved with empty engine version. The asset will be loaded but may be incompatible.
[2014.09.21-21.15.47:058][495]LogMaterial: Missing cached shader map for material M_Ground_Moss, compiling.
[2014.09.21-21.15.47:961][495]LogEditorServer: Finished looking for orphan Actors (0.000 secs)
[2014.09.21-21.15.47:961][495]LogAIModule: Creating AISystem for world StarterMap
[2014.09.21-21.15.48:005][495]Cmd: MAP CHECKDEP
[2014.09.21-21.15.48:005][495]MapCheck: New page: StarterMap - Sep 22, 2014, 1:15:48 AM
[2014.09.21-21.15.48:398][495]MapCheck: Info ========== Map Check: 0 Error(s), 0 Warning(s), [393.202ms] ==========
[2014.09.21-21.15.48:398][495]LogFileHelpers: Loading map 'StarterMap' took 4.706
[2014.09.21-21.15.54:658][979]BlueprintLog: New page: Pre-PIE auto-recompile
[2014.09.21-21.15.54:658][979]LogPlayLevel: [PIE] Compiling StarterMap before PIE...
[2014.09.21-21.15.55:001][979]LogPlayLevel: PIE:  Blueprint regeneration took 342 ms (1 blueprints)
[2014.09.21-21.15.55:001][979]PIE: New page: PIE session: StarterMap (Sep 22, 2014, 1:15:55 AM)
[2014.09.21-21.15.55:025][979]LogPlayLevel: PIE: StaticDuplicateObject took: (0.024501s)
[2014.09.21-21.15.55:026][979]LogPlayLevel: PIE: World Init took: (0.000568s)
[2014.09.21-21.15.55:026][979]LogPlayLevel: PIE: Created PIE world by copying editor world from /Game/Maps/StarterMap.StarterMap to /Game/Maps/UEDPIE_0_StarterMap.StarterMap (0.025347s)
[2014.09.21-21.15.55:051][979]LogWorld: Game class is 'MyGame_C'
[2014.09.21-21.15.55:052][979]LogAIModule: Creating AISystem for world StarterMap
[2014.09.21-21.15.55:063][979]LogWorld: Bringing World /Game/Maps/UEDPIE_0_StarterMap.StarterMap up for play (max tick rate 0) at 2014.09.21-23.15.55
[2014.09.21-21.15.55:087][979]LogWorld: Bringing up level for play took: 0.035383
[2014.09.21-21.15.55:089][979]PIE: Info Play in editor start time for /Game/Maps/UEDPIE_0_StarterMap 0.215
[2014.09.21-21.16.16:284][972]LogParticles: Destroying 0 GPU particle simulations for FXSystem 0x000000001DC885E0
[2014.09.21-21.16.17:324][ 30]BlueprintLog: New page: Pre-PIE auto-recompile
[2014.09.21-21.16.17:324][ 30]LogPlayLevel: [PIE] Compiling StarterMap before PIE...
[2014.09.21-21.16.17:473][ 30]LogPlayLevel: PIE:  Blueprint regeneration took 148 ms (1 blueprints)
[2014.09.21-21.16.17:473][ 30]PIE: New page: PIE session: StarterMap (Sep 22, 2014, 1:16:17 AM)
[2014.09.21-21.16.17:525][ 30]LogPlayLevel: PIE: StaticDuplicateObject took: (0.051584s)
[2014.09.21-21.16.17:526][ 30]LogPlayLevel: PIE: World Init took: (0.001121s)
[2014.09.21-21.16.17:526][ 30]LogPlayLevel: PIE: Created PIE world by copying editor world from /Game/Maps/StarterMap.StarterMap to /Game/Maps/UEDPIE_0_StarterMap.StarterMap (0.053124s)
[2014.09.21-21.16.17:558][ 30]LogWorld: Game class is 'MyGame_C'
[2014.09.21-21.16.17:561][ 30]LogAIModule: Creating AISystem for world StarterMap
[2014.09.21-21.16.17:583][ 30]LogWorld: Bringing World /Game/Maps/UEDPIE_0_StarterMap.StarterMap up for play (max tick rate 0) at 2014.09.21-23.16.17
[2014.09.21-21.16.17:586][ 30]LogWorld: Bringing up level for play took: 0.024150
[2014.09.21-21.16.17:590][ 30]PIE: Info Play in editor start time for /Game/Maps/UEDPIE_0_StarterMap 0.715
[2014.09.21-21.18.08:800][599]LogParticles: Destroying 0 GPU particle simulations for FXSystem 0x0000000024095300
[2014.09.21-21.20.02:462][499]Cmd: QUIT_EDITOR
[2014.09.21-21.20.02:811][499]LogWindowsTextInputMethodSystem:Error: Terminating failed while unadvising the language notification sink from the TSF source.
[2014.09.21-21.20.02:814][499]LogExit: Preparing to exit.
[2014.09.21-21.20.03:121][499]LogExit: Editor shut down
[2014.09.21-21.20.03:122][499]LogExit: Transaction tracking system shut down
[2014.09.21-21.20.03:125][499]LogParticles: Destroying 0 GPU particle simulations for FXSystem 0x000000001DC8BB00
[2014.09.21-21.20.03:127][499]LogParticles: Destroying 0 GPU particle simulations for FXSystem 0x000000002427E7A0
[2014.09.21-21.20.03:190][499]LogExit: Object subsystem successfully closed.
[2014.09.21-21.20.03:247][499]LogModuleManager: Shutting down and abandoning module AndroidDeviceDetection (161)
[2014.09.21-21.20.03:247][499]LogModuleManager: Shutting down and abandoning module HTTP (160)
[2014.09.21-21.20.03:247][499]LogModuleManager: Shutting down and abandoning module CrashTracker (159)
[2014.09.21-21.20.03:247][499]LogModuleManager: Shutting down and abandoning module SuperSearch (158)
[2014.09.21-21.20.03:248][499]LogModuleManager: Shutting down and abandoning module SceneOutliner (157)
[2014.09.21-21.20.03:248][499]LogModuleManager: Shutting down and abandoning module EditorWidgets (156)
[2014.09.21-21.20.03:248][499]LogModuleManager: Shutting down and abandoning module CollectionManager (155)
[2014.09.21-21.20.03:248][499]LogModuleManager: Shutting down and abandoning module StatsViewer (154)
[2014.09.21-21.20.03:248][499]LogModuleManager: Shutting down and abandoning module FoliageEdit (153)
[2014.09.21-21.20.03:248][499]LogModuleManager: Shutting down and abandoning module LandscapeEditor (152)
[2014.09.21-21.20.03:248][499]LogModuleManager: Shutting down and abandoning module MeshPaint (151)
[2014.09.21-21.20.03:248][499]LogModuleManager: Shutting down and abandoning module ActorPickerMode (150)
[2014.09.21-21.20.03:248][499]LogModuleManager: Shutting down and abandoning module GeometryMode (149)
[2014.09.21-21.20.03:248][499]LogModuleManager: Shutting down and abandoning module TextureAlignMode (148)
[2014.09.21-21.20.03:248][499]LogModuleManager: Shutting down and abandoning module BspMode (147)
[2014.09.21-21.20.03:248][499]LogModuleManager: Shutting down and abandoning module PlacementMode (146)
[2014.09.21-21.20.03:248][499]LogModuleManager: Shutting down and abandoning module DesktopPlatform (145)
[2014.09.21-21.20.03:248][499]LogModuleManager: Shutting down and abandoning module AutomationWorker (144)
[2014.09.21-21.20.03:248][499]LogModuleManager: Shutting down and abandoning module EditorLiveStreaming (143)
[2014.09.21-21.20.03:248][499]LogModuleManager: Shutting down and abandoning module BehaviorTreeEditor (142)
[2014.09.21-21.20.03:249][499]LogModuleManager: Shutting down and abandoning module DeviceProfileEditor (141)
[2014.09.21-21.20.03:249][499]LogModuleManager: Shutting down and abandoning module UndoHistory (140)
[2014.09.21-21.20.03:249][499]LogModuleManager: Shutting down and abandoning module GameplayTagsEditor (139)
[2014.09.21-21.20.03:249][499]LogModuleManager: Shutting down and abandoning module UserFeedback (138)
[2014.09.21-21.20.03:249][499]LogModuleManager: Shutting down and abandoning module XmlParser (137)
[2014.09.21-21.20.03:249][499]LogModuleManager: Shutting down and abandoning module Blutility (136)
[2014.09.21-21.20.03:249][499]LogModuleManager: Shutting down and abandoning module IOSPlatformEditor (135)
[2014.09.21-21.20.03:249][499]LogModuleManager: Shutting down and abandoning module IOSRuntimeSettings (134)
[2014.09.21-21.20.03:249][499]LogModuleManager: Shutting down and abandoning module AndroidPlatformEditor (133)
[2014.09.21-21.20.03:249][499]LogModuleManager: Shutting down and abandoning module AndroidRuntimeSettings (132)
[2014.09.21-21.20.03:249][499]LogModuleManager: Shutting down and abandoning module ProjectTargetPlatformEditor (131)
[2014.09.21-21.20.03:249][499]LogModuleManager: Shutting down and abandoning module ProjectSettingsViewer (130)
[2014.09.21-21.20.03:249][499]LogModuleManager: Shutting down and abandoning module InputBindingEditor (129)
[2014.09.21-21.20.03:249][499]LogModuleManager: Shutting down and abandoning module EditorSettingsViewer (128)
[2014.09.21-21.20.03:249][499]LogModuleManager: Shutting down and abandoning module SettingsEditor (127)
[2014.09.21-21.20.03:249][499]LogModuleManager: Shutting down and abandoning module SessionLauncher (126)
[2014.09.21-21.20.03:249][499]LogModuleManager: Shutting down and abandoning module SessionFrontend (125)
[2014.09.21-21.20.03:249][499]LogModuleManager: Shutting down and abandoning module ProfilerClient (124)
[2014.09.21-21.20.03:249][499]LogModuleManager: Shutting down and abandoning module TargetDeviceServices (123)
[2014.09.21-21.20.03:250][499]LogModuleManager: Shutting down and abandoning module DeviceManager (122)
[2014.09.21-21.20.03:250][499]LogModuleManager: Shutting down and abandoning module AutomationController (121)
[2014.09.21-21.20.03:250][499]LogModuleManager: Shutting down and abandoning module AutomationWindow (120)
[2014.09.21-21.20.03:250][499]LogModuleManager: Shutting down and abandoning module Layers (119)
[2014.09.21-21.20.03:250][499]LogModuleManager: Shutting down and abandoning module ComponentVisualizers (118)
[2014.09.21-21.20.03:250][499]LogModuleManager: Shutting down and abandoning module DetailCustomizations (117)
[2014.09.21-21.20.03:250][499]LogModuleManager: Shutting down and abandoning module PackagesDialog (116)
[2014.09.21-21.20.03:250][499]LogModuleManager: Shutting down and abandoning module DirectoryWatcher (115)
[2014.09.21-21.20.03:251][499]LogModuleManager: Shutting down and abandoning module AssetRegistry (114)
[2014.09.21-21.20.03:382][499]LogModuleManager: Shutting down and abandoning module Persona (113)
[2014.09.21-21.20.03:382][499]LogModuleManager: Shutting down and abandoning module GraphEditor (112)
[2014.09.21-21.20.03:383][499]LogModuleManager: Shutting down and abandoning module ClassViewer (111)
[2014.09.21-21.20.03:383][499]LogModuleManager: Shutting down and abandoning module Toolbox (110)
[2014.09.21-21.20.03:383][499]LogModuleManager: Shutting down and abandoning module ModuleUI (109)
[2014.09.21-21.20.03:383][499]LogModuleManager: Shutting down and abandoning module MovieSceneTools (108)
[2014.09.21-21.20.03:383][499]LogModuleManager: Shutting down and abandoning module OutputLog (107)
[2014.09.21-21.20.03:383][499]LogModuleManager: Shutting down and abandoning module GammaUI (106)
[2014.09.21-21.20.03:383][499]LogModuleManager: Shutting down and abandoning module Documentation (105)
[2014.09.21-21.20.03:383][499]LogModuleManager: Shutting down and abandoning module GameLiveStreaming (104)
[2014.09.21-21.20.03:383][499]LogModuleManager: Shutting down and abandoning module StreamingPauseRendering (103)
[2014.09.21-21.20.03:383][499]LogModuleManager: Shutting down and abandoning module AnalyticsET (102)
[2014.09.21-21.20.03:383][499]LogModuleManager: Shutting down and abandoning module Analytics (101)
[2014.09.21-21.20.03:383][499]LogModuleManager: Shutting down and abandoning module GameplayDebugger (100)
[2014.09.21-21.20.03:383][499]LogModuleManager: Shutting down and abandoning module AIModule (99)
[2014.09.21-21.20.03:383][499]LogModuleManager: Shutting down and abandoning module ProfilerService (98)
[2014.09.21-21.20.03:584][499]LogModuleManager: Shutting down and abandoning module TaskGraph (97)
[2014.09.21-21.20.03:584][499]LogModuleManager: Shutting down and abandoning module SlateRemote (96)
[2014.09.21-21.20.03:584][499]LogModuleManager: Shutting down and abandoning module ScriptEditorPlugin (95)
[2014.09.21-21.20.03:584][499]LogModuleManager: Shutting down and abandoning module CustomMeshComponent (94)
[2014.09.21-21.20.03:584][499]LogModuleManager: Shutting down and abandoning module CableComponent (93)
[2014.09.21-21.20.03:584][499]LogModuleManager: Shutting down and abandoning module MessagingDebugger (92)
[2014.09.21-21.20.03:584][499]LogModuleManager: Shutting down and abandoning module ViewportSnapping (91)
[2014.09.21-21.20.03:584][499]LogModuleManager: Shutting down and abandoning module SmartSnapping (90)
[2014.09.21-21.20.03:584][499]LogModuleManager: Shutting down and abandoning module PaperTiledImporter (89)
[2014.09.21-21.20.03:584][499]LogModuleManager: Shutting down and abandoning module PaperJsonImporter (88)
[2014.09.21-21.20.03:584][499]LogModuleManager: Shutting down and abandoning module GameProjectGeneration (87)
[2014.09.21-21.20.03:584][499]LogModuleManager: Shutting down and abandoning module Matinee (86)
[2014.09.21-21.20.03:584][499]LogModuleManager: Shutting down and abandoning module Kismet (85)
[2014.09.21-21.20.03:584][499]LogModuleManager: Shutting down and abandoning module SlateReflector (84)
[2014.09.21-21.20.03:584][499]LogModuleManager: Shutting down and abandoning module LevelEditor (83)
[2014.09.21-21.20.03:587][499]LogModuleManager: Shutting down and abandoning module IntroTutorials (82)
[2014.09.21-21.20.03:587][499]LogModuleManager: Shutting down and abandoning module ContentBrowser (81)
[2014.09.21-21.20.03:587][499]LogModuleManager: Shutting down and abandoning module PropertyEditor (80)
[2014.09.21-21.20.03:587][499]LogModuleManager: Shutting down and abandoning module Paper2DEditor (79)
[2014.09.21-21.20.03:587][499]LogModuleManager: Shutting down and abandoning module SpeedTreeImporter (78)
[2014.09.21-21.20.03:587][499]LogModuleManager: Shutting down and abandoning module PluginsEditor (77)
[2014.09.21-21.20.03:587][499]LogModuleManager: Shutting down and abandoning module MainFrame (76)
[2014.09.21-21.20.03:588][499]LogModuleManager: Shutting down and abandoning module EpicSurvey (75)
[2014.09.21-21.20.03:588][499]LogModuleManager: Shutting down and abandoning module VisualStudioSourceCodeAccess (74)
[2014.09.21-21.20.03:588][499]LogModuleManager: Shutting down and abandoning module UObjectPlugin (73)
[2014.09.21-21.20.03:588][499]LogModuleManager: Shutting down and abandoning module SubversionSourceControl (72)
[2014.09.21-21.20.03:588][499]LogModuleManager: Shutting down and abandoning module SourceControl (71)
[2014.09.21-21.20.03:588][499]LogModuleManager: Shutting down and abandoning module PerforceSourceControl (70)
[2014.09.21-21.20.03:588][499]LogModuleManager: Shutting down and abandoning module BlankPlugin (69)
[2014.09.21-21.20.03:588][499]LogModuleManager: Shutting down and abandoning module ScriptPlugin (68)
[2014.09.21-21.20.03:588][499]LogModuleManager: Shutting down and abandoning module UdpMessaging (67)
[2014.09.21-21.20.03:688][499]LogModuleManager: Shutting down and abandoning module Paper2D (66)
[2014.09.21-21.20.03:688][499]LogModuleManager: Shutting down and abandoning module WindowsMoviePlayer (65)
[2014.09.21-21.20.03:701][499]LogModuleManager: Shutting down and abandoning module ImageWrapper (64)
[2014.09.21-21.20.03:701][499]LogModuleManager: Shutting down and abandoning module OnlineBlueprintSupport (63)
[2014.09.21-21.20.03:701][499]LogModuleManager: Shutting down and abandoning module FunctionalTesting (62)
[2014.09.21-21.20.03:701][499]LogModuleManager: Shutting down and abandoning module CollisionAnalyzer (61)
[2014.09.21-21.20.03:701][499]LogModuleManager: Shutting down and abandoning module WorkspaceMenuStructure (60)
[2014.09.21-21.20.03:701][499]LogModuleManager: Shutting down and abandoning module MessageLog (59)
[2014.09.21-21.20.03:701][499]LogModuleManager: Shutting down and abandoning module Sequencer (58)
[2014.09.21-21.20.03:701][499]LogModuleManager: Shutting down and abandoning module AssetTools (57)
[2014.09.21-21.20.03:701][499]LogModuleManager: Shutting down and abandoning module UMGEditor (56)
[2014.09.21-21.20.03:701][499]LogModuleManager: Shutting down and abandoning module UMG (55)
[2014.09.21-21.20.03:701][499]LogModuleManager: Shutting down and abandoning module Slate (54)
[2014.09.21-21.20.03:701][499]LogModuleManager: Shutting down and abandoning module EditorStyle (53)
[2014.09.21-21.20.03:705][499]LogModuleManager: Shutting down and abandoning module SessionServices (52)
[2014.09.21-21.20.03:705][499]LogModuleManager: Shutting down and abandoning module SourceCodeAccess (51)
[2014.09.21-21.20.03:705][499]LogModuleManager: Shutting down and abandoning module HeadMountedDisplay (50)
[2014.09.21-21.20.03:705][499]LogModuleManager: Shutting down and abandoning module XAudio2 (49)
[2014.09.21-21.20.03:705][499]LogModuleManager: Shutting down and abandoning module Networking (47)
[2014.09.21-21.20.03:705][499]LogModuleManager: Shutting down and abandoning module Core (46)
[2014.09.21-21.20.03:705][499]LogModuleManager: Shutting down and abandoning module KismetCompiler (45)
[2014.09.21-21.20.03:705][499]LogModuleManager: Shutting down and abandoning module PhysXFormats (44)
[2014.09.21-21.20.03:705][499]LogModuleManager: Shutting down and abandoning module MeshUtilities (43)
[2014.09.21-21.20.03:705][499]LogModuleManager: Shutting down and abandoning module DerivedDataCache (42)
[2014.09.21-21.20.03:722][499]LogDerivedDataCache: Shutdown
[2014.09.21-21.20.03:722][499]LogModuleManager: Shutting down and abandoning module ShaderFormatOpenGL (41)
[2014.09.21-21.20.03:722][499]LogModuleManager: Shutting down and abandoning module ShaderFormatD3D (40)
[2014.09.21-21.20.03:722][499]LogModuleManager: Shutting down and abandoning module MetalShaderFormat (39)
[2014.09.21-21.20.03:722][499]LogModuleManager: Shutting down and abandoning module TextureFormatUncompressed (38)
[2014.09.21-21.20.03:722][499]LogModuleManager: Shutting down and abandoning module TextureFormatPVR (37)
[2014.09.21-21.20.03:722][499]LogModuleManager: Shutting down and abandoning module TextureFormatDXT (36)
[2014.09.21-21.20.03:722][499]LogModuleManager: Shutting down and abandoning module TextureFormatAndroid (35)
[2014.09.21-21.20.03:722][499]LogModuleManager: Shutting down and abandoning module AudioFormatOpus (34)
[2014.09.21-21.20.03:722][499]LogModuleManager: Shutting down and abandoning module AudioFormatOgg (33)
[2014.09.21-21.20.03:722][499]LogModuleManager: Shutting down and abandoning module AudioFormatADPCM (32)
[2014.09.21-21.20.03:722][499]LogModuleManager: Shutting down and abandoning module Messaging (31)
[2014.09.21-21.20.03:722][499]LogModuleManager: Shutting down and abandoning module IOSTargetPlatform (30)
[2014.09.21-21.20.03:722][499]LogModuleManager: Shutting down and abandoning module Android_PVRTCTargetPlatform (29)
[2014.09.21-21.20.03:722][499]LogModuleManager: Shutting down and abandoning module Android_ETC2TargetPlatform (28)
[2014.09.21-21.20.03:722][499]LogModuleManager: Shutting down and abandoning module Android_ETC1TargetPlatform (27)
[2014.09.21-21.20.03:722][499]LogModuleManager: Shutting down and abandoning module Android_DXTTargetPlatform (26)
[2014.09.21-21.20.03:722][499]LogModuleManager: Shutting down and abandoning module Android_ATCTargetPlatform (25)
[2014.09.21-21.20.03:722][499]LogModuleManager: Shutting down and abandoning module AndroidTargetPlatform (24)
[2014.09.21-21.20.03:722][499]LogModuleManager: Shutting down and abandoning module WindowsTargetPlatform (23)
[2014.09.21-21.20.03:722][499]LogModuleManager: Shutting down and abandoning module WindowsServerTargetPlatform (22)
[2014.09.21-21.20.03:722][499]LogModuleManager: Shutting down and abandoning module WindowsNoEditorTargetPlatform (21)
[2014.09.21-21.20.03:722][499]LogModuleManager: Shutting down and abandoning module WindowsClientTargetPlatform (20)
[2014.09.21-21.20.03:722][499]LogModuleManager: Shutting down and abandoning module TargetPlatform (19)
[2014.09.21-21.20.03:722][499]LogModuleManager: Shutting down and abandoning module InputCore (18)
[2014.09.21-21.20.03:722][499]LogModuleManager: Shutting down and abandoning module Settings (17)
[2014.09.21-21.20.03:723][499]LogModuleManager: Shutting down and abandoning module ExampleDeviceProfileSelector (14)
[2014.09.21-21.20.03:723][499]LogModuleManager: Shutting down and abandoning module OculusRift (13)
[2014.09.21-21.20.03:723][499]LogModuleManager: Shutting down and abandoning module TextureCompressor (12)
[2014.09.21-21.20.03:723][499]LogModuleManager: Shutting down and abandoning module ShaderCore (11)
[2014.09.21-21.20.03:723][499]LogModuleManager: Shutting down and abandoning module OpenGLDrv (10)
[2014.09.21-21.20.03:723][499]LogModuleManager: Shutting down and abandoning module D3D11RHI (9)
[2014.09.21-21.20.03:723][499]LogModuleManager: Shutting down and abandoning module SlateRHIRenderer (8)
[2014.09.21-21.20.03:723][499]LogModuleManager: Shutting down and abandoning module Renderer (7)
[2014.09.21-21.20.03:723][499]LogModuleManager: Shutting down and abandoning module Engine (6)
[2014.09.21-21.20.03:723][499]LogModuleManager: Shutting down and abandoning module CoreUObject (5)
[2014.09.21-21.20.03:723][499]LogModuleManager: Shutting down and abandoning module NetworkFile (4)
[2014.09.21-21.20.03:723][499]LogModuleManager: Shutting down and abandoning module StreamingFile (3)
[2014.09.21-21.20.03:723][499]LogModuleManager: Shutting down and abandoning module SandboxFile (2)
[2014.09.21-21.20.03:723][499]LogModuleManager: Shutting down and abandoning module PakFile (1)
[2014.09.21-21.20.03:724][499]LogExit: Exiting.
[2014.09.21-21.20.03:730][499]Log file closed, 09/21/14 23:20:03
